#
# A fatal error has been detected by the Java Runtime Environment:
#
#  EXCEPTION_ACCESS_VIOLATION (0xc0000005) at pc=0x000000c38d5fa9d0, pid=1512, tid=9716
#
# JRE version: Java(TM) SE Runtime Environment (17.0.10+11) (build 17.0.10+11-LTS-240)
# Java VM: Java HotSpot(TM) 64-Bit Server VM (17.0.10+11-LTS-240, mixed mode, sharing, tiered, compressed oops, compressed class ptrs, g1 gc, windows-amd64)
# Problematic frame:
# C  0x000000c38d5fa9d0
#
# No core dump will be written. Minidumps are not enabled by default on client versions of Windows
#
# If you would like to submit a bug report, please visit:
#   https://bugreport.java.com/bugreport/crash.jsp
#

---------------  S U M M A R Y ------------

Command Line: --add-opens=java.base/java.util=ALL-UNNAMED --add-opens=java.base/java.lang=ALL-UNNAMED --add-opens=java.base/java.lang.invoke=ALL-UNNAMED --add-opens=java.prefs/java.util.prefs=ALL-UNNAMED --add-opens=java.base/java.nio.charset=ALL-UNNAMED --add-opens=java.base/java.net=ALL-UNNAMED --add-opens=java.base/java.util.concurrent.atomic=ALL-UNNAMED -XX:MaxMetaspaceSize=256m -XX:+HeapDumpOnOutOfMemoryError -Xms256m -Xmx512m -Dfile.encoding=windows-1251 -Duser.country=RU -Duser.language=ru -Duser.variant org.gradle.launcher.daemon.bootstrap.GradleDaemon 7.6

Host: Intel(R) Core(TM) i5-6300HQ CPU @ 2.30GHz, 4 cores, 7G,  Windows 10 , 64 bit Build 19041 (10.0.19041.3636)
Time: Fri Feb  2 18:03:25 2024  Windows 10 , 64 bit Build 19041 (10.0.19041.3636) elapsed time: 4.916432 seconds (0d 0h 0m 4s)

---------------  T H R E A D  ---------------

Current thread (0x000001cfe73f5fc0):  JavaThread "C2 CompilerThread0" daemon [_thread_in_native, id=9716, stack(0x000000c38d500000,0x000000c38d600000)]


Current CompileTask:
C2:   4916 2803       4       java.util.ImmutableCollections$SetN$SetNIterator::next (90 bytes)

Stack: [0x000000c38d500000,0x000000c38d600000],  sp=0x000000c38d5fa578,  free space=1001k
Native frames: (J=compiled Java code, j=interpreted, Vv=VM code, C=native code)
C  0x000000c38d5fa9d0


siginfo: EXCEPTION_ACCESS_VIOLATION (0xc0000005), data execution prevention violation at address 0x000000c38d5fa9d0


Registers:
RAX=0x0000000000000000, RBX=0x0000000000000019, RCX=0x0000000000000000, RDX=0x0000000000000000
RSP=0x000000c38d5fa578, RBP=0x000001cfe795c8d8, RSI=0x0000000000000000, RDI=0x0000000000000000
R8 =0x000001cfe795c8c8, R9 =0x0000000000000100, R10=0xfefefefefefefeff, R11=0x8080808080808080
R12=0x0000000000000000, R13=0x000000c38d5fa670, R14=0x000001cfe795d580, R15=0x000001cfe795b938
RIP=0x000000c38d5fa9d0, EFLAGS=0x0000000000010202


Register to memory mapping:

RIP=0x000000c38d5fa9d0 is pointing into the stack for thread: 0x000001cfe73f5fc0
RAX=0x0 is NULL
RBX=0x0000000000000019 is an unknown value
RCX=0x0 is NULL
RDX=0x0 is NULL
RSP=0x000000c38d5fa578 is pointing into the stack for thread: 0x000001cfe73f5fc0
RBP=0x000001cfe795c8d8 points into unknown readable memory: 0x00007ffa2f09c500 | 00 c5 09 2f fa 7f 00 00
RSI=0x0 is NULL
RDI=0x0 is NULL
R8 =0x000001cfe795c8c8 points into unknown readable memory: 0x000001cffa616f70 | 70 6f 61 fa cf 01 00 00
R9 =0x0000000000000100 is an unknown value
R10=0xfefefefefefefeff is an unknown value
R11=0x8080808080808080 is an unknown value
R12=0x0 is NULL
R13=0x000000c38d5fa670 is pointing into the stack for thread: 0x000001cfe73f5fc0
R14=0x000001cfe795d580 points into unknown readable memory: 0x00007ffa2f09f9e0 | e0 f9 09 2f fa 7f 00 00
R15=0x000001cfe795b938 points into unknown readable memory: 0x00007ffa2f0c3c98 | 98 3c 0c 2f fa 7f 00 00


Top of Stack: (sp=0x000000c38d5fa578)
0x000000c38d5fa578:   00007ffa2ed612ea 000001cfe795b938
0x000000c38d5fa588:   000001cfe795c8d8 000001cfe795b938
0x000000c38d5fa598:   000001cfe795e638 000001cfe795d580
0x000000c38d5fa5a8:   000000c38d5fa670 000000c38d5fa698
0x000000c38d5fa5b8:   0000000000000019 0000000000000001
0x000000c38d5fa5c8:   000000c38d5fa6b8 000001cffa612d00
0x000000c38d5fa5d8:   00007ffa2ed60f04 0000000000000010
0x000000c38d5fa5e8:   000001cfe795b938 000000c38d5fa740
0x000000c38d5fa5f8:   0000000000000001 000001cfe729d380
0x000000c38d5fa608:   000001cfe729d330 000001cffbda84e8
0x000000c38d5fa618:   000000c38d5fa740 000001cfcd3746f0
0x000000c38d5fa628:   0000000000000000 000000c38d5fa9d0
0x000000c38d5fa638:   00007ffa2ed60158 000000c38d5fa9d0
0x000000c38d5fa648:   0000000000000001 000001cf00000001
0x000000c38d5fa658:   000000c38d5fa6b8 0000000000000000
0x000000c38d5fa668:   0000000000000000 000001cfe73e9140 

Instructions: (pc=0x000000c38d5fa9d0)
0x000000c38d5fa8d0:   40 91 3e e7 cf 01 00 00 2e ac 88 2e fa 7f 00 00
0x000000c38d5fa8e0:   70 8e 8d fb cf 01 00 00 08 00 00 00 00 00 00 00
0x000000c38d5fa8f0:   00 00 00 00 00 00 00 00 00 00 00 00 00 00 00 00
0x000000c38d5fa900:   00 00 00 00 00 00 00 00 a5 cf e7 2e fa 7f 00 00
0x000000c38d5fa910:   08 00 00 00 00 00 00 00 01 00 00 00 00 00 00 00
0x000000c38d5fa920:   ed 00 00 00 00 00 00 00 10 aa 5f 8d c3 00 00 00
0x000000c38d5fa930:   00 00 00 00 00 00 00 00 00 00 00 00 00 00 00 00
0x000000c38d5fa940:   10 aa 5f 8d c3 00 00 00 63 7a 98 2e fa 7f 00 00
0x000000c38d5fa950:   ed 00 00 00 00 00 00 00 e0 b5 5f 8d c3 00 00 00
0x000000c38d5fa960:   00 00 00 00 00 00 00 00 b0 83 00 00 00 00 00 00
0x000000c38d5fa970:   c8 c2 8d fb cf 01 00 00 50 8e 8d fb cf 01 00 00
0x000000c38d5fa980:   00 00 00 00 00 00 00 00 e0 42 8d fb cf 01 00 00
0x000000c38d5fa990:   30 d3 29 e7 cf 01 00 00 40 91 3e e7 cf 01 00 00
0x000000c38d5fa9a0:   e0 b5 5f 8d c3 00 00 00 72 04 a0 2e fa 7f 00 00
0x000000c38d5fa9b0:   00 91 3e e7 cf 01 00 00 00 d3 29 e7 cf 01 00 00
0x000000c38d5fa9c0:   00 00 00 00 00 00 00 00 01 00 00 00 00 00 00 00
0x000000c38d5fa9d0:   98 35 0c 2f fa 7f 00 00 0e 00 00 00 00 00 00 00
0x000000c38d5fa9e0:   90 e5 5f 8d c3 00 00 00 40 91 3e e7 cf 01 00 00
0x000000c38d5fa9f0:   40 91 3e e7 cf 01 00 00 00 01 00 00 00 00 00 00
0x000000c38d5faa00:   c0 96 8d fb cf 01 00 00 00 00 00 00 00 00 00 00
0x000000c38d5faa10:   40 91 3e e7 cf 01 00 00 00 01 00 00 00 00 00 00
0x000000c38d5faa20:   80 8e 8d fb cf 01 00 00 00 00 00 00 00 00 00 00
0x000000c38d5faa30:   00 00 00 00 00 00 00 00 00 00 00 00 00 00 00 00
0x000000c38d5faa40:   00 00 00 00 00 00 00 00 00 00 00 00 00 00 00 00
0x000000c38d5faa50:   00 00 00 00 00 00 00 00 00 00 00 00 00 00 00 00
0x000000c38d5faa60:   00 00 00 00 00 00 00 00 00 00 00 00 00 00 00 00
0x000000c38d5faa70:   00 00 00 00 00 00 00 00 00 00 00 00 00 00 00 00
0x000000c38d5faa80:   00 00 00 00 00 00 00 00 00 00 00 00 00 00 00 00
0x000000c38d5faa90:   00 00 00 00 00 00 00 00 00 00 00 00 00 00 00 00
0x000000c38d5faaa0:   00 00 00 00 00 00 00 00 00 00 00 00 00 00 00 00
0x000000c38d5faab0:   00 00 00 00 00 00 00 00 00 00 00 00 00 00 00 00
0x000000c38d5faac0:   00 00 00 00 00 00 00 00 00 00 00 00 00 00 00 00 


Stack slot to memory mapping:
stack at sp + 0 slots: 0x00007ffa2ed612ea jvm.dll
stack at sp + 1 slots: 0x000001cfe795b938 points into unknown readable memory: 0x00007ffa2f0c3c98 | 98 3c 0c 2f fa 7f 00 00
stack at sp + 2 slots: 0x000001cfe795c8d8 points into unknown readable memory: 0x00007ffa2f09c500 | 00 c5 09 2f fa 7f 00 00
stack at sp + 3 slots: 0x000001cfe795b938 points into unknown readable memory: 0x00007ffa2f0c3c98 | 98 3c 0c 2f fa 7f 00 00
stack at sp + 4 slots: 0x000001cfe795e638 points into unknown readable memory: 0x00007ffa2f09c430 | 30 c4 09 2f fa 7f 00 00
stack at sp + 5 slots: 0x000001cfe795d580 points into unknown readable memory: 0x00007ffa2f09f9e0 | e0 f9 09 2f fa 7f 00 00
stack at sp + 6 slots: 0x000000c38d5fa670 is pointing into the stack for thread: 0x000001cfe73f5fc0
stack at sp + 7 slots: 0x000000c38d5fa698 is pointing into the stack for thread: 0x000001cfe73f5fc0


---------------  P R O C E S S  ---------------

Threads class SMR info:
_java_thread_list=0x000001cffc6395b0, length=34, elements={
0x000001cfcd374860, 0x000001cfe73d52a0, 0x000001cfe73d6030, 0x000001cfe73f1790,
0x000001cfe73f4170, 0x000001cfe73f4a40, 0x000001cfe73f5310, 0x000001cfe73f5fc0,
0x000001cfe74643e0, 0x000001cfe74684c0, 0x000001cfe7643a90, 0x000001cfe7647f80,
0x000001cffb2dfd60, 0x000001cffc150700, 0x000001cffb8b05e0, 0x000001cffc37f7b0,
0x000001cffb82ac60, 0x000001cffaa0b8f0, 0x000001cffc188340, 0x000001cffc1850a0,
0x000001cffc1864e0, 0x000001cffc187e30, 0x000001cffc188850, 0x000001cffc186f00,
0x000001cffc1855b0, 0x000001cffc185fd0, 0x000001cffc185ac0, 0x000001cffc187920,
0x000001cffc187410, 0x000001cffcd28340, 0x000001cffcd26f00, 0x000001cffcd22820,
0x000001cffcd23750, 0x000001cffcd23c60
}

Java Threads: ( => current thread )
  0x000001cfcd374860 JavaThread "main" [_thread_blocked, id=12400, stack(0x000000c38c800000,0x000000c38c900000)]
  0x000001cfe73d52a0 JavaThread "Reference Handler" daemon [_thread_blocked, id=14332, stack(0x000000c38cf00000,0x000000c38d000000)]
  0x000001cfe73d6030 JavaThread "Finalizer" daemon [_thread_blocked, id=2888, stack(0x000000c38d000000,0x000000c38d100000)]
  0x000001cfe73f1790 JavaThread "Signal Dispatcher" daemon [_thread_blocked, id=13420, stack(0x000000c38d100000,0x000000c38d200000)]
  0x000001cfe73f4170 JavaThread "Attach Listener" daemon [_thread_blocked, id=6884, stack(0x000000c38d200000,0x000000c38d300000)]
  0x000001cfe73f4a40 JavaThread "Service Thread" daemon [_thread_blocked, id=7720, stack(0x000000c38d300000,0x000000c38d400000)]
  0x000001cfe73f5310 JavaThread "Monitor Deflation Thread" daemon [_thread_blocked, id=11952, stack(0x000000c38d400000,0x000000c38d500000)]
=>0x000001cfe73f5fc0 JavaThread "C2 CompilerThread0" daemon [_thread_in_native, id=9716, stack(0x000000c38d500000,0x000000c38d600000)]
  0x000001cfe74643e0 JavaThread "C1 CompilerThread0" daemon [_thread_in_native, id=8588, stack(0x000000c38d600000,0x000000c38d700000)]
  0x000001cfe74684c0 JavaThread "Sweeper thread" daemon [_thread_blocked, id=5356, stack(0x000000c38d700000,0x000000c38d800000)]
  0x000001cfe7643a90 JavaThread "Common-Cleaner" daemon [_thread_blocked, id=16352, stack(0x000000c38d800000,0x000000c38d900000)]
  0x000001cfe7647f80 JavaThread "Notification Thread" daemon [_thread_blocked, id=13892, stack(0x000000c38d900000,0x000000c38da00000)]
  0x000001cffb2dfd60 JavaThread "Daemon health stats" [_thread_blocked, id=8352, stack(0x000000c38df00000,0x000000c38e000000)]
  0x000001cffc150700 JavaThread "Incoming local TCP Connector on port 54294" [_thread_in_native, id=11648, stack(0x000000c38db00000,0x000000c38dc00000)]
  0x000001cffb8b05e0 JavaThread "C2 CompilerThread1" daemon [_thread_in_native, id=5408, stack(0x000000c38e000000,0x000000c38e100000)]
  0x000001cffc37f7b0 JavaThread "Daemon periodic checks" [_thread_blocked, id=13928, stack(0x000000c38e100000,0x000000c38e200000)]
  0x000001cffb82ac60 JavaThread "Daemon" [_thread_blocked, id=7028, stack(0x000000c38e200000,0x000000c38e300000)]
  0x000001cffaa0b8f0 JavaThread "Handler for socket connection from /127.0.0.1:54294 to /127.0.0.1:54295" [_thread_in_native, id=32, stack(0x000000c38e300000,0x000000c38e400000)]
  0x000001cffc188340 JavaThread "Cancel handler" [_thread_blocked, id=7552, stack(0x000000c38e400000,0x000000c38e500000)]
  0x000001cffc1850a0 JavaThread "Daemon worker" [_thread_in_Java, id=12200, stack(0x000000c38e500000,0x000000c38e600000)]
  0x000001cffc1864e0 JavaThread "Asynchronous log dispatcher for DefaultDaemonConnection: socket connection from /127.0.0.1:54294 to /127.0.0.1:54295" [_thread_blocked, id=4676, stack(0x000000c38e600000,0x000000c38e700000)]
  0x000001cffc187e30 JavaThread "Stdin handler" [_thread_blocked, id=8368, stack(0x000000c38e700000,0x000000c38e800000)]
  0x000001cffc188850 JavaThread "Daemon client event forwarder" [_thread_blocked, id=5824, stack(0x000000c38e800000,0x000000c38e900000)]
  0x000001cffc186f00 JavaThread "Cache worker for journal cache (C:\Users\Admin\.gradle\caches\journal-1)" [_thread_blocked, id=15052, stack(0x000000c38e900000,0x000000c38ea00000)]
  0x000001cffc1855b0 JavaThread "File lock request listener" [_thread_in_native, id=14652, stack(0x000000c38ea00000,0x000000c38eb00000)]
  0x000001cffc185fd0 JavaThread "Cache worker for file hash cache (C:\Users\Admin\.gradle\caches\7.6\fileHashes)" [_thread_blocked, id=7876, stack(0x000000c38eb00000,0x000000c38ec00000)]
  0x000001cffc185ac0 JavaThread "File watcher server" daemon [_thread_in_native, id=11616, stack(0x000000c38ec00000,0x000000c38ed00000)]
  0x000001cffc187920 JavaThread "File watcher consumer" daemon [_thread_blocked, id=5196, stack(0x000000c38ed00000,0x000000c38ee00000)]
  0x000001cffc187410 JavaThread "Cache worker for checksums cache (C:\Users\Admin\Downloads\demo\Cinema Room REST Service with Java\.gradle\7.6\checksums)" [_thread_blocked, id=14860, stack(0x000000c38ee00000,0x000000c38ef00000)]
  0x000001cffcd28340 JavaThread "Cache worker for cache directory md-rule (C:\Users\Admin\.gradle\caches\7.6\md-rule)" [_thread_blocked, id=9840, stack(0x000000c38ef00000,0x000000c38f000000)]
  0x000001cffcd26f00 JavaThread "Cache worker for file content cache (C:\Users\Admin\.gradle\caches\7.6\fileContent)" [_thread_blocked, id=16196, stack(0x000000c38f000000,0x000000c38f100000)]
  0x000001cffcd22820 JavaThread "Cache worker for file hash cache (C:\Users\Admin\Downloads\demo\Cinema Room REST Service with Java\.gradle\7.6\fileHashes)" [_thread_blocked, id=12524, stack(0x000000c38f100000,0x000000c38f200000)]
  0x000001cffcd23750 JavaThread "Cache worker for cache directory md-supplier (C:\Users\Admin\.gradle\caches\7.6\md-supplier)" [_thread_blocked, id=11736, stack(0x000000c38f200000,0x000000c38f300000)]
  0x000001cffcd23c60 JavaThread "Cache worker for execution history cache (C:\Users\Admin\.gradle\caches\7.6\executionHistory)" [_thread_blocked, id=15776, stack(0x000000c38f300000,0x000000c38f400000)]

Other Threads:
  0x000001cfe73d0ff0 VMThread "VM Thread" [stack: 0x000000c38ce00000,0x000000c38cf00000] [id=14404]
  0x000001cfe763f760 WatcherThread [stack: 0x000000c38da00000,0x000000c38db00000] [id=10160]
  0x000001cfcd3a4b80 GCTaskThread "GC Thread#0" [stack: 0x000000c38c900000,0x000000c38ca00000] [id=3764]
  0x000001cfe7946a10 GCTaskThread "GC Thread#1" [stack: 0x000000c38dc00000,0x000000c38dd00000] [id=2288]
  0x000001cfe7946cd0 GCTaskThread "GC Thread#2" [stack: 0x000000c38dd00000,0x000000c38de00000] [id=4628]
  0x000001cfe7946f90 GCTaskThread "GC Thread#3" [stack: 0x000000c38de00000,0x000000c38df00000] [id=1588]
  0x000001cfcd3aa9f0 ConcurrentGCThread "G1 Main Marker" [stack: 0x000000c38ca00000,0x000000c38cb00000] [id=9888]
  0x000001cfcd3ab310 ConcurrentGCThread "G1 Conc#0" [stack: 0x000000c38cb00000,0x000000c38cc00000] [id=11044]
  0x000001cfcd44d3b0 ConcurrentGCThread "G1 Refine#0" [stack: 0x000000c38cc00000,0x000000c38cd00000] [id=14612]
  0x000001cfcd44dcf0 ConcurrentGCThread "G1 Service" [stack: 0x000000c38cd00000,0x000000c38ce00000] [id=5256]

Threads with active compile tasks:
C2 CompilerThread0     5022 2803       4       java.util.ImmutableCollections$SetN$SetNIterator::next (90 bytes)
C1 CompilerThread0     5022 2907       3       java.util.HashMap::computeIfAbsent (330 bytes)
C2 CompilerThread1     5022 2877       4       jdk.internal.loader.URLClassPath::getResource (74 bytes)

VM state: not at safepoint (normal execution)

VM Mutex/Monitor currently owned by a thread: None

Heap address: 0x00000000e0000000, size: 512 MB, Compressed Oops mode: 32-bit

CDS archive(s) mapped at: [0x000001cfe8000000-0x000001cfe8bd0000-0x000001cfe8bd0000), size 12386304, SharedBaseAddress: 0x000001cfe8000000, ArchiveRelocationMode: 1.
Compressed class space mapped at: 0x000001cfe9000000-0x000001cff6000000, reserved size: 218103808
Narrow klass base: 0x000001cfe8000000, Narrow klass shift: 0, Narrow klass range: 0x100000000

GC Precious Log:
 CPUs: 4 total, 4 available
 Memory: 8050M
 Large Page Support: Disabled
 NUMA Support: Disabled
 Compressed Oops: Enabled (32-bit)
 Heap Region Size: 1M
 Heap Min Capacity: 256M
 Heap Initial Capacity: 256M
 Heap Max Capacity: 512M
 Pre-touch: Disabled
 Parallel Workers: 4
 Concurrent Workers: 1
 Concurrent Refinement Workers: 4
 Periodic GC: Disabled

Heap:
 garbage-first heap   total 262144K, used 44677K [0x00000000e0000000, 0x0000000100000000)
  region size 1024K, 37 young (37888K), 12 survivors (12288K)
 Metaspace       used 25842K, committed 26176K, reserved 278528K
  class space    used 3780K, committed 3904K, reserved 212992K

Heap Regions: E=young(eden), S=young(survivor), O=old, HS=humongous(starts), HC=humongous(continues), CS=collection set, F=free, OA=open archive, CA=closed archive, TAMS=top-at-mark-start (previous, next)
|   0|0x00000000e0000000, 0x00000000e0100000, 0x00000000e0100000|100%| O|  |TAMS 0x00000000e0100000, 0x00000000e0000000| Untracked 
|   1|0x00000000e0100000, 0x00000000e0200000, 0x00000000e0200000|100%| O|  |TAMS 0x00000000e0200000, 0x00000000e0100000| Untracked 
|   2|0x00000000e0200000, 0x00000000e0300000, 0x00000000e0300000|100%|HS|  |TAMS 0x00000000e0300000, 0x00000000e0200000| Complete 
|   3|0x00000000e0300000, 0x00000000e0400000, 0x00000000e0400000|100%|HC|  |TAMS 0x00000000e0400000, 0x00000000e0300000| Complete 
|   4|0x00000000e0400000, 0x00000000e0500000, 0x00000000e0500000|100%|HC|  |TAMS 0x00000000e0500000, 0x00000000e0400000| Complete 
|   5|0x00000000e0500000, 0x00000000e0600000, 0x00000000e0600000|100%| O|  |TAMS 0x00000000e0600000, 0x00000000e0500000| Untracked 
|   6|0x00000000e0600000, 0x00000000e0700000, 0x00000000e0700000|100%| O|  |TAMS 0x00000000e0700000, 0x00000000e0600000| Untracked 
|   7|0x00000000e0700000, 0x00000000e0700000, 0x00000000e0800000|  0%| F|  |TAMS 0x00000000e0700000, 0x00000000e0700000| Untracked 
|   8|0x00000000e0800000, 0x00000000e0900000, 0x00000000e0900000|100%| O|  |TAMS 0x00000000e0900000, 0x00000000e0800000| Untracked 
|   9|0x00000000e0900000, 0x00000000e0a00000, 0x00000000e0a00000|100%| O|  |TAMS 0x00000000e0a00000, 0x00000000e0900000| Untracked 
|  10|0x00000000e0a00000, 0x00000000e0a5ca00, 0x00000000e0b00000| 36%| O|  |TAMS 0x00000000e0a5ca00, 0x00000000e0a00000| Untracked 
|  11|0x00000000e0b00000, 0x00000000e0b00000, 0x00000000e0c00000|  0%| F|  |TAMS 0x00000000e0b00000, 0x00000000e0b00000| Untracked 
|  12|0x00000000e0c00000, 0x00000000e0c00000, 0x00000000e0d00000|  0%| F|  |TAMS 0x00000000e0c00000, 0x00000000e0c00000| Untracked 
|  13|0x00000000e0d00000, 0x00000000e0d00000, 0x00000000e0e00000|  0%| F|  |TAMS 0x00000000e0d00000, 0x00000000e0d00000| Untracked 
|  14|0x00000000e0e00000, 0x00000000e0e00000, 0x00000000e0f00000|  0%| F|  |TAMS 0x00000000e0e00000, 0x00000000e0e00000| Untracked 
|  15|0x00000000e0f00000, 0x00000000e0f00000, 0x00000000e1000000|  0%| F|  |TAMS 0x00000000e0f00000, 0x00000000e0f00000| Untracked 
|  16|0x00000000e1000000, 0x00000000e1000000, 0x00000000e1100000|  0%| F|  |TAMS 0x00000000e1000000, 0x00000000e1000000| Untracked 
|  17|0x00000000e1100000, 0x00000000e1100000, 0x00000000e1200000|  0%| F|  |TAMS 0x00000000e1100000, 0x00000000e1100000| Untracked 
|  18|0x00000000e1200000, 0x00000000e1200000, 0x00000000e1300000|  0%| F|  |TAMS 0x00000000e1200000, 0x00000000e1200000| Untracked 
|  19|0x00000000e1300000, 0x00000000e1300000, 0x00000000e1400000|  0%| F|  |TAMS 0x00000000e1300000, 0x00000000e1300000| Untracked 
|  20|0x00000000e1400000, 0x00000000e1400000, 0x00000000e1500000|  0%| F|  |TAMS 0x00000000e1400000, 0x00000000e1400000| Untracked 
|  21|0x00000000e1500000, 0x00000000e1500000, 0x00000000e1600000|  0%| F|  |TAMS 0x00000000e1500000, 0x00000000e1500000| Untracked 
|  22|0x00000000e1600000, 0x00000000e1600000, 0x00000000e1700000|  0%| F|  |TAMS 0x00000000e1600000, 0x00000000e1600000| Untracked 
|  23|0x00000000e1700000, 0x00000000e1700000, 0x00000000e1800000|  0%| F|  |TAMS 0x00000000e1700000, 0x00000000e1700000| Untracked 
|  24|0x00000000e1800000, 0x00000000e1800000, 0x00000000e1900000|  0%| F|  |TAMS 0x00000000e1800000, 0x00000000e1800000| Untracked 
|  25|0x00000000e1900000, 0x00000000e1900000, 0x00000000e1a00000|  0%| F|  |TAMS 0x00000000e1900000, 0x00000000e1900000| Untracked 
|  26|0x00000000e1a00000, 0x00000000e1a00000, 0x00000000e1b00000|  0%| F|  |TAMS 0x00000000e1a00000, 0x00000000e1a00000| Untracked 
|  27|0x00000000e1b00000, 0x00000000e1b00000, 0x00000000e1c00000|  0%| F|  |TAMS 0x00000000e1b00000, 0x00000000e1b00000| Untracked 
|  28|0x00000000e1c00000, 0x00000000e1c00000, 0x00000000e1d00000|  0%| F|  |TAMS 0x00000000e1c00000, 0x00000000e1c00000| Untracked 
|  29|0x00000000e1d00000, 0x00000000e1d00000, 0x00000000e1e00000|  0%| F|  |TAMS 0x00000000e1d00000, 0x00000000e1d00000| Untracked 
|  30|0x00000000e1e00000, 0x00000000e1e00000, 0x00000000e1f00000|  0%| F|  |TAMS 0x00000000e1e00000, 0x00000000e1e00000| Untracked 
|  31|0x00000000e1f00000, 0x00000000e1f00000, 0x00000000e2000000|  0%| F|  |TAMS 0x00000000e1f00000, 0x00000000e1f00000| Untracked 
|  32|0x00000000e2000000, 0x00000000e2000000, 0x00000000e2100000|  0%| F|  |TAMS 0x00000000e2000000, 0x00000000e2000000| Untracked 
|  33|0x00000000e2100000, 0x00000000e2100000, 0x00000000e2200000|  0%| F|  |TAMS 0x00000000e2100000, 0x00000000e2100000| Untracked 
|  34|0x00000000e2200000, 0x00000000e2200000, 0x00000000e2300000|  0%| F|  |TAMS 0x00000000e2200000, 0x00000000e2200000| Untracked 
|  35|0x00000000e2300000, 0x00000000e2300000, 0x00000000e2400000|  0%| F|  |TAMS 0x00000000e2300000, 0x00000000e2300000| Untracked 
|  36|0x00000000e2400000, 0x00000000e2400000, 0x00000000e2500000|  0%| F|  |TAMS 0x00000000e2400000, 0x00000000e2400000| Untracked 
|  37|0x00000000e2500000, 0x00000000e2500000, 0x00000000e2600000|  0%| F|  |TAMS 0x00000000e2500000, 0x00000000e2500000| Untracked 
|  38|0x00000000e2600000, 0x00000000e2600000, 0x00000000e2700000|  0%| F|  |TAMS 0x00000000e2600000, 0x00000000e2600000| Untracked 
|  39|0x00000000e2700000, 0x00000000e2700000, 0x00000000e2800000|  0%| F|  |TAMS 0x00000000e2700000, 0x00000000e2700000| Untracked 
|  40|0x00000000e2800000, 0x00000000e2800000, 0x00000000e2900000|  0%| F|  |TAMS 0x00000000e2800000, 0x00000000e2800000| Untracked 
|  41|0x00000000e2900000, 0x00000000e2900000, 0x00000000e2a00000|  0%| F|  |TAMS 0x00000000e2900000, 0x00000000e2900000| Untracked 
|  42|0x00000000e2a00000, 0x00000000e2a00000, 0x00000000e2b00000|  0%| F|  |TAMS 0x00000000e2a00000, 0x00000000e2a00000| Untracked 
|  43|0x00000000e2b00000, 0x00000000e2b00000, 0x00000000e2c00000|  0%| F|  |TAMS 0x00000000e2b00000, 0x00000000e2b00000| Untracked 
|  44|0x00000000e2c00000, 0x00000000e2c00000, 0x00000000e2d00000|  0%| F|  |TAMS 0x00000000e2c00000, 0x00000000e2c00000| Untracked 
|  45|0x00000000e2d00000, 0x00000000e2d00000, 0x00000000e2e00000|  0%| F|  |TAMS 0x00000000e2d00000, 0x00000000e2d00000| Untracked 
|  46|0x00000000e2e00000, 0x00000000e2e00000, 0x00000000e2f00000|  0%| F|  |TAMS 0x00000000e2e00000, 0x00000000e2e00000| Untracked 
|  47|0x00000000e2f00000, 0x00000000e2f00000, 0x00000000e3000000|  0%| F|  |TAMS 0x00000000e2f00000, 0x00000000e2f00000| Untracked 
|  48|0x00000000e3000000, 0x00000000e3000000, 0x00000000e3100000|  0%| F|  |TAMS 0x00000000e3000000, 0x00000000e3000000| Untracked 
|  49|0x00000000e3100000, 0x00000000e3100000, 0x00000000e3200000|  0%| F|  |TAMS 0x00000000e3100000, 0x00000000e3100000| Untracked 
|  50|0x00000000e3200000, 0x00000000e3200000, 0x00000000e3300000|  0%| F|  |TAMS 0x00000000e3200000, 0x00000000e3200000| Untracked 
|  51|0x00000000e3300000, 0x00000000e3300000, 0x00000000e3400000|  0%| F|  |TAMS 0x00000000e3300000, 0x00000000e3300000| Untracked 
|  52|0x00000000e3400000, 0x00000000e3400000, 0x00000000e3500000|  0%| F|  |TAMS 0x00000000e3400000, 0x00000000e3400000| Untracked 
|  53|0x00000000e3500000, 0x00000000e3500000, 0x00000000e3600000|  0%| F|  |TAMS 0x00000000e3500000, 0x00000000e3500000| Untracked 
|  54|0x00000000e3600000, 0x00000000e3600000, 0x00000000e3700000|  0%| F|  |TAMS 0x00000000e3600000, 0x00000000e3600000| Untracked 
|  55|0x00000000e3700000, 0x00000000e3700000, 0x00000000e3800000|  0%| F|  |TAMS 0x00000000e3700000, 0x00000000e3700000| Untracked 
|  56|0x00000000e3800000, 0x00000000e3800000, 0x00000000e3900000|  0%| F|  |TAMS 0x00000000e3800000, 0x00000000e3800000| Untracked 
|  57|0x00000000e3900000, 0x00000000e3900000, 0x00000000e3a00000|  0%| F|  |TAMS 0x00000000e3900000, 0x00000000e3900000| Untracked 
|  58|0x00000000e3a00000, 0x00000000e3a00000, 0x00000000e3b00000|  0%| F|  |TAMS 0x00000000e3a00000, 0x00000000e3a00000| Untracked 
|  59|0x00000000e3b00000, 0x00000000e3b00000, 0x00000000e3c00000|  0%| F|  |TAMS 0x00000000e3b00000, 0x00000000e3b00000| Untracked 
|  60|0x00000000e3c00000, 0x00000000e3c00000, 0x00000000e3d00000|  0%| F|  |TAMS 0x00000000e3c00000, 0x00000000e3c00000| Untracked 
|  61|0x00000000e3d00000, 0x00000000e3d00000, 0x00000000e3e00000|  0%| F|  |TAMS 0x00000000e3d00000, 0x00000000e3d00000| Untracked 
|  62|0x00000000e3e00000, 0x00000000e3e00000, 0x00000000e3f00000|  0%| F|  |TAMS 0x00000000e3e00000, 0x00000000e3e00000| Untracked 
|  63|0x00000000e3f00000, 0x00000000e3f00000, 0x00000000e4000000|  0%| F|  |TAMS 0x00000000e3f00000, 0x00000000e3f00000| Untracked 
|  64|0x00000000e4000000, 0x00000000e4000000, 0x00000000e4100000|  0%| F|  |TAMS 0x00000000e4000000, 0x00000000e4000000| Untracked 
|  65|0x00000000e4100000, 0x00000000e4100000, 0x00000000e4200000|  0%| F|  |TAMS 0x00000000e4100000, 0x00000000e4100000| Untracked 
|  66|0x00000000e4200000, 0x00000000e4200000, 0x00000000e4300000|  0%| F|  |TAMS 0x00000000e4200000, 0x00000000e4200000| Untracked 
|  67|0x00000000e4300000, 0x00000000e4300000, 0x00000000e4400000|  0%| F|  |TAMS 0x00000000e4300000, 0x00000000e4300000| Untracked 
|  68|0x00000000e4400000, 0x00000000e4400000, 0x00000000e4500000|  0%| F|  |TAMS 0x00000000e4400000, 0x00000000e4400000| Untracked 
|  69|0x00000000e4500000, 0x00000000e4500000, 0x00000000e4600000|  0%| F|  |TAMS 0x00000000e4500000, 0x00000000e4500000| Untracked 
|  70|0x00000000e4600000, 0x00000000e4600000, 0x00000000e4700000|  0%| F|  |TAMS 0x00000000e4600000, 0x00000000e4600000| Untracked 
|  71|0x00000000e4700000, 0x00000000e4700000, 0x00000000e4800000|  0%| F|  |TAMS 0x00000000e4700000, 0x00000000e4700000| Untracked 
|  72|0x00000000e4800000, 0x00000000e4800000, 0x00000000e4900000|  0%| F|  |TAMS 0x00000000e4800000, 0x00000000e4800000| Untracked 
|  73|0x00000000e4900000, 0x00000000e4900000, 0x00000000e4a00000|  0%| F|  |TAMS 0x00000000e4900000, 0x00000000e4900000| Untracked 
|  74|0x00000000e4a00000, 0x00000000e4a00000, 0x00000000e4b00000|  0%| F|  |TAMS 0x00000000e4a00000, 0x00000000e4a00000| Untracked 
|  75|0x00000000e4b00000, 0x00000000e4b00000, 0x00000000e4c00000|  0%| F|  |TAMS 0x00000000e4b00000, 0x00000000e4b00000| Untracked 
|  76|0x00000000e4c00000, 0x00000000e4c00000, 0x00000000e4d00000|  0%| F|  |TAMS 0x00000000e4c00000, 0x00000000e4c00000| Untracked 
|  77|0x00000000e4d00000, 0x00000000e4d00000, 0x00000000e4e00000|  0%| F|  |TAMS 0x00000000e4d00000, 0x00000000e4d00000| Untracked 
|  78|0x00000000e4e00000, 0x00000000e4e00000, 0x00000000e4f00000|  0%| F|  |TAMS 0x00000000e4e00000, 0x00000000e4e00000| Untracked 
|  79|0x00000000e4f00000, 0x00000000e4f00000, 0x00000000e5000000|  0%| F|  |TAMS 0x00000000e4f00000, 0x00000000e4f00000| Untracked 
|  80|0x00000000e5000000, 0x00000000e5000000, 0x00000000e5100000|  0%| F|  |TAMS 0x00000000e5000000, 0x00000000e5000000| Untracked 
|  81|0x00000000e5100000, 0x00000000e5100000, 0x00000000e5200000|  0%| F|  |TAMS 0x00000000e5100000, 0x00000000e5100000| Untracked 
|  82|0x00000000e5200000, 0x00000000e5200000, 0x00000000e5300000|  0%| F|  |TAMS 0x00000000e5200000, 0x00000000e5200000| Untracked 
|  83|0x00000000e5300000, 0x00000000e5300000, 0x00000000e5400000|  0%| F|  |TAMS 0x00000000e5300000, 0x00000000e5300000| Untracked 
|  84|0x00000000e5400000, 0x00000000e5400000, 0x00000000e5500000|  0%| F|  |TAMS 0x00000000e5400000, 0x00000000e5400000| Untracked 
|  85|0x00000000e5500000, 0x00000000e5500000, 0x00000000e5600000|  0%| F|  |TAMS 0x00000000e5500000, 0x00000000e5500000| Untracked 
|  86|0x00000000e5600000, 0x00000000e5600000, 0x00000000e5700000|  0%| F|  |TAMS 0x00000000e5600000, 0x00000000e5600000| Untracked 
|  87|0x00000000e5700000, 0x00000000e5700000, 0x00000000e5800000|  0%| F|  |TAMS 0x00000000e5700000, 0x00000000e5700000| Untracked 
|  88|0x00000000e5800000, 0x00000000e5800000, 0x00000000e5900000|  0%| F|  |TAMS 0x00000000e5800000, 0x00000000e5800000| Untracked 
|  89|0x00000000e5900000, 0x00000000e5900000, 0x00000000e5a00000|  0%| F|  |TAMS 0x00000000e5900000, 0x00000000e5900000| Untracked 
|  90|0x00000000e5a00000, 0x00000000e5a00000, 0x00000000e5b00000|  0%| F|  |TAMS 0x00000000e5a00000, 0x00000000e5a00000| Untracked 
|  91|0x00000000e5b00000, 0x00000000e5b00000, 0x00000000e5c00000|  0%| F|  |TAMS 0x00000000e5b00000, 0x00000000e5b00000| Untracked 
|  92|0x00000000e5c00000, 0x00000000e5c00000, 0x00000000e5d00000|  0%| F|  |TAMS 0x00000000e5c00000, 0x00000000e5c00000| Untracked 
|  93|0x00000000e5d00000, 0x00000000e5d00000, 0x00000000e5e00000|  0%| F|  |TAMS 0x00000000e5d00000, 0x00000000e5d00000| Untracked 
|  94|0x00000000e5e00000, 0x00000000e5e00000, 0x00000000e5f00000|  0%| F|  |TAMS 0x00000000e5e00000, 0x00000000e5e00000| Untracked 
|  95|0x00000000e5f00000, 0x00000000e5f00000, 0x00000000e6000000|  0%| F|  |TAMS 0x00000000e5f00000, 0x00000000e5f00000| Untracked 
|  96|0x00000000e6000000, 0x00000000e6000000, 0x00000000e6100000|  0%| F|  |TAMS 0x00000000e6000000, 0x00000000e6000000| Untracked 
|  97|0x00000000e6100000, 0x00000000e6100000, 0x00000000e6200000|  0%| F|  |TAMS 0x00000000e6100000, 0x00000000e6100000| Untracked 
|  98|0x00000000e6200000, 0x00000000e6200000, 0x00000000e6300000|  0%| F|  |TAMS 0x00000000e6200000, 0x00000000e6200000| Untracked 
|  99|0x00000000e6300000, 0x00000000e6300000, 0x00000000e6400000|  0%| F|  |TAMS 0x00000000e6300000, 0x00000000e6300000| Untracked 
| 100|0x00000000e6400000, 0x00000000e6400000, 0x00000000e6500000|  0%| F|  |TAMS 0x00000000e6400000, 0x00000000e6400000| Untracked 
| 101|0x00000000e6500000, 0x00000000e6500000, 0x00000000e6600000|  0%| F|  |TAMS 0x00000000e6500000, 0x00000000e6500000| Untracked 
| 102|0x00000000e6600000, 0x00000000e6600000, 0x00000000e6700000|  0%| F|  |TAMS 0x00000000e6600000, 0x00000000e6600000| Untracked 
| 103|0x00000000e6700000, 0x00000000e6700000, 0x00000000e6800000|  0%| F|  |TAMS 0x00000000e6700000, 0x00000000e6700000| Untracked 
| 104|0x00000000e6800000, 0x00000000e6800000, 0x00000000e6900000|  0%| F|  |TAMS 0x00000000e6800000, 0x00000000e6800000| Untracked 
| 105|0x00000000e6900000, 0x00000000e6900000, 0x00000000e6a00000|  0%| F|  |TAMS 0x00000000e6900000, 0x00000000e6900000| Untracked 
| 106|0x00000000e6a00000, 0x00000000e6a00000, 0x00000000e6b00000|  0%| F|  |TAMS 0x00000000e6a00000, 0x00000000e6a00000| Untracked 
| 107|0x00000000e6b00000, 0x00000000e6b00000, 0x00000000e6c00000|  0%| F|  |TAMS 0x00000000e6b00000, 0x00000000e6b00000| Untracked 
| 108|0x00000000e6c00000, 0x00000000e6c00000, 0x00000000e6d00000|  0%| F|  |TAMS 0x00000000e6c00000, 0x00000000e6c00000| Untracked 
| 109|0x00000000e6d00000, 0x00000000e6d00000, 0x00000000e6e00000|  0%| F|  |TAMS 0x00000000e6d00000, 0x00000000e6d00000| Untracked 
| 110|0x00000000e6e00000, 0x00000000e6e00000, 0x00000000e6f00000|  0%| F|  |TAMS 0x00000000e6e00000, 0x00000000e6e00000| Untracked 
| 111|0x00000000e6f00000, 0x00000000e6f00000, 0x00000000e7000000|  0%| F|  |TAMS 0x00000000e6f00000, 0x00000000e6f00000| Untracked 
| 112|0x00000000e7000000, 0x00000000e7000000, 0x00000000e7100000|  0%| F|  |TAMS 0x00000000e7000000, 0x00000000e7000000| Untracked 
| 113|0x00000000e7100000, 0x00000000e7100000, 0x00000000e7200000|  0%| F|  |TAMS 0x00000000e7100000, 0x00000000e7100000| Untracked 
| 114|0x00000000e7200000, 0x00000000e7200000, 0x00000000e7300000|  0%| F|  |TAMS 0x00000000e7200000, 0x00000000e7200000| Untracked 
| 115|0x00000000e7300000, 0x00000000e7300000, 0x00000000e7400000|  0%| F|  |TAMS 0x00000000e7300000, 0x00000000e7300000| Untracked 
| 116|0x00000000e7400000, 0x00000000e7400000, 0x00000000e7500000|  0%| F|  |TAMS 0x00000000e7400000, 0x00000000e7400000| Untracked 
| 117|0x00000000e7500000, 0x00000000e7500000, 0x00000000e7600000|  0%| F|  |TAMS 0x00000000e7500000, 0x00000000e7500000| Untracked 
| 118|0x00000000e7600000, 0x00000000e7600000, 0x00000000e7700000|  0%| F|  |TAMS 0x00000000e7600000, 0x00000000e7600000| Untracked 
| 119|0x00000000e7700000, 0x00000000e7700000, 0x00000000e7800000|  0%| F|  |TAMS 0x00000000e7700000, 0x00000000e7700000| Untracked 
| 120|0x00000000e7800000, 0x00000000e7800000, 0x00000000e7900000|  0%| F|  |TAMS 0x00000000e7800000, 0x00000000e7800000| Untracked 
| 121|0x00000000e7900000, 0x00000000e7900000, 0x00000000e7a00000|  0%| F|  |TAMS 0x00000000e7900000, 0x00000000e7900000| Untracked 
| 122|0x00000000e7a00000, 0x00000000e7a00000, 0x00000000e7b00000|  0%| F|  |TAMS 0x00000000e7a00000, 0x00000000e7a00000| Untracked 
| 123|0x00000000e7b00000, 0x00000000e7b00000, 0x00000000e7c00000|  0%| F|  |TAMS 0x00000000e7b00000, 0x00000000e7b00000| Untracked 
| 124|0x00000000e7c00000, 0x00000000e7c00000, 0x00000000e7d00000|  0%| F|  |TAMS 0x00000000e7c00000, 0x00000000e7c00000| Untracked 
| 125|0x00000000e7d00000, 0x00000000e7d00000, 0x00000000e7e00000|  0%| F|  |TAMS 0x00000000e7d00000, 0x00000000e7d00000| Untracked 
| 126|0x00000000e7e00000, 0x00000000e7e00000, 0x00000000e7f00000|  0%| F|  |TAMS 0x00000000e7e00000, 0x00000000e7e00000| Untracked 
| 127|0x00000000e7f00000, 0x00000000e7f00000, 0x00000000e8000000|  0%| F|  |TAMS 0x00000000e7f00000, 0x00000000e7f00000| Untracked 
| 128|0x00000000e8000000, 0x00000000e8000000, 0x00000000e8100000|  0%| F|  |TAMS 0x00000000e8000000, 0x00000000e8000000| Untracked 
| 129|0x00000000e8100000, 0x00000000e8100000, 0x00000000e8200000|  0%| F|  |TAMS 0x00000000e8100000, 0x00000000e8100000| Untracked 
| 130|0x00000000e8200000, 0x00000000e8200000, 0x00000000e8300000|  0%| F|  |TAMS 0x00000000e8200000, 0x00000000e8200000| Untracked 
| 131|0x00000000e8300000, 0x00000000e8300000, 0x00000000e8400000|  0%| F|  |TAMS 0x00000000e8300000, 0x00000000e8300000| Untracked 
| 132|0x00000000e8400000, 0x00000000e8400000, 0x00000000e8500000|  0%| F|  |TAMS 0x00000000e8400000, 0x00000000e8400000| Untracked 
| 133|0x00000000e8500000, 0x00000000e8500000, 0x00000000e8600000|  0%| F|  |TAMS 0x00000000e8500000, 0x00000000e8500000| Untracked 
| 134|0x00000000e8600000, 0x00000000e8600000, 0x00000000e8700000|  0%| F|  |TAMS 0x00000000e8600000, 0x00000000e8600000| Untracked 
| 135|0x00000000e8700000, 0x00000000e8700000, 0x00000000e8800000|  0%| F|  |TAMS 0x00000000e8700000, 0x00000000e8700000| Untracked 
| 136|0x00000000e8800000, 0x00000000e8800000, 0x00000000e8900000|  0%| F|  |TAMS 0x00000000e8800000, 0x00000000e8800000| Untracked 
| 137|0x00000000e8900000, 0x00000000e8900000, 0x00000000e8a00000|  0%| F|  |TAMS 0x00000000e8900000, 0x00000000e8900000| Untracked 
| 138|0x00000000e8a00000, 0x00000000e8a00000, 0x00000000e8b00000|  0%| F|  |TAMS 0x00000000e8a00000, 0x00000000e8a00000| Untracked 
| 139|0x00000000e8b00000, 0x00000000e8b00000, 0x00000000e8c00000|  0%| F|  |TAMS 0x00000000e8b00000, 0x00000000e8b00000| Untracked 
| 140|0x00000000e8c00000, 0x00000000e8c44ae8, 0x00000000e8d00000| 26%| S|CS|TAMS 0x00000000e8c00000, 0x00000000e8c00000| Complete 
| 141|0x00000000e8d00000, 0x00000000e8e00000, 0x00000000e8e00000|100%| S|CS|TAMS 0x00000000e8d00000, 0x00000000e8d00000| Complete 
| 142|0x00000000e8e00000, 0x00000000e8f00000, 0x00000000e8f00000|100%| S|CS|TAMS 0x00000000e8e00000, 0x00000000e8e00000| Complete 
| 143|0x00000000e8f00000, 0x00000000e9000000, 0x00000000e9000000|100%| S|CS|TAMS 0x00000000e8f00000, 0x00000000e8f00000| Complete 
| 144|0x00000000e9000000, 0x00000000e9100000, 0x00000000e9100000|100%| S|CS|TAMS 0x00000000e9000000, 0x00000000e9000000| Complete 
| 145|0x00000000e9100000, 0x00000000e9200000, 0x00000000e9200000|100%| S|CS|TAMS 0x00000000e9100000, 0x00000000e9100000| Complete 
| 146|0x00000000e9200000, 0x00000000e9300000, 0x00000000e9300000|100%| S|CS|TAMS 0x00000000e9200000, 0x00000000e9200000| Complete 
| 147|0x00000000e9300000, 0x00000000e9400000, 0x00000000e9400000|100%| S|CS|TAMS 0x00000000e9300000, 0x00000000e9300000| Complete 
| 148|0x00000000e9400000, 0x00000000e9500000, 0x00000000e9500000|100%| S|CS|TAMS 0x00000000e9400000, 0x00000000e9400000| Complete 
| 149|0x00000000e9500000, 0x00000000e9600000, 0x00000000e9600000|100%| S|CS|TAMS 0x00000000e9500000, 0x00000000e9500000| Complete 
| 150|0x00000000e9600000, 0x00000000e9700000, 0x00000000e9700000|100%| S|CS|TAMS 0x00000000e9600000, 0x00000000e9600000| Complete 
| 151|0x00000000e9700000, 0x00000000e9800000, 0x00000000e9800000|100%| S|CS|TAMS 0x00000000e9700000, 0x00000000e9700000| Complete 
| 152|0x00000000e9800000, 0x00000000e9800000, 0x00000000e9900000|  0%| F|  |TAMS 0x00000000e9800000, 0x00000000e9800000| Untracked 
| 153|0x00000000e9900000, 0x00000000e9900000, 0x00000000e9a00000|  0%| F|  |TAMS 0x00000000e9900000, 0x00000000e9900000| Untracked 
| 154|0x00000000e9a00000, 0x00000000e9a00000, 0x00000000e9b00000|  0%| F|  |TAMS 0x00000000e9a00000, 0x00000000e9a00000| Untracked 
| 155|0x00000000e9b00000, 0x00000000e9b00000, 0x00000000e9c00000|  0%| F|  |TAMS 0x00000000e9b00000, 0x00000000e9b00000| Untracked 
| 156|0x00000000e9c00000, 0x00000000e9c00000, 0x00000000e9d00000|  0%| F|  |TAMS 0x00000000e9c00000, 0x00000000e9c00000| Untracked 
| 157|0x00000000e9d00000, 0x00000000e9d00000, 0x00000000e9e00000|  0%| F|  |TAMS 0x00000000e9d00000, 0x00000000e9d00000| Untracked 
| 158|0x00000000e9e00000, 0x00000000e9e00000, 0x00000000e9f00000|  0%| F|  |TAMS 0x00000000e9e00000, 0x00000000e9e00000| Untracked 
| 159|0x00000000e9f00000, 0x00000000e9f00000, 0x00000000ea000000|  0%| F|  |TAMS 0x00000000e9f00000, 0x00000000e9f00000| Untracked 
| 160|0x00000000ea000000, 0x00000000ea000000, 0x00000000ea100000|  0%| F|  |TAMS 0x00000000ea000000, 0x00000000ea000000| Untracked 
| 161|0x00000000ea100000, 0x00000000ea100000, 0x00000000ea200000|  0%| F|  |TAMS 0x00000000ea100000, 0x00000000ea100000| Untracked 
| 162|0x00000000ea200000, 0x00000000ea200000, 0x00000000ea300000|  0%| F|  |TAMS 0x00000000ea200000, 0x00000000ea200000| Untracked 
| 163|0x00000000ea300000, 0x00000000ea300000, 0x00000000ea400000|  0%| F|  |TAMS 0x00000000ea300000, 0x00000000ea300000| Untracked 
| 164|0x00000000ea400000, 0x00000000ea400000, 0x00000000ea500000|  0%| F|  |TAMS 0x00000000ea400000, 0x00000000ea400000| Untracked 
| 165|0x00000000ea500000, 0x00000000ea500000, 0x00000000ea600000|  0%| F|  |TAMS 0x00000000ea500000, 0x00000000ea500000| Untracked 
| 166|0x00000000ea600000, 0x00000000ea600000, 0x00000000ea700000|  0%| F|  |TAMS 0x00000000ea600000, 0x00000000ea600000| Untracked 
| 167|0x00000000ea700000, 0x00000000ea700000, 0x00000000ea800000|  0%| F|  |TAMS 0x00000000ea700000, 0x00000000ea700000| Untracked 
| 168|0x00000000ea800000, 0x00000000ea800000, 0x00000000ea900000|  0%| F|  |TAMS 0x00000000ea800000, 0x00000000ea800000| Untracked 
| 169|0x00000000ea900000, 0x00000000ea900000, 0x00000000eaa00000|  0%| F|  |TAMS 0x00000000ea900000, 0x00000000ea900000| Untracked 
| 170|0x00000000eaa00000, 0x00000000eaa00000, 0x00000000eab00000|  0%| F|  |TAMS 0x00000000eaa00000, 0x00000000eaa00000| Untracked 
| 171|0x00000000eab00000, 0x00000000eab00000, 0x00000000eac00000|  0%| F|  |TAMS 0x00000000eab00000, 0x00000000eab00000| Untracked 
| 172|0x00000000eac00000, 0x00000000eac00000, 0x00000000ead00000|  0%| F|  |TAMS 0x00000000eac00000, 0x00000000eac00000| Untracked 
| 173|0x00000000ead00000, 0x00000000ead00000, 0x00000000eae00000|  0%| F|  |TAMS 0x00000000ead00000, 0x00000000ead00000| Untracked 
| 174|0x00000000eae00000, 0x00000000eae00000, 0x00000000eaf00000|  0%| F|  |TAMS 0x00000000eae00000, 0x00000000eae00000| Untracked 
| 175|0x00000000eaf00000, 0x00000000eaf00000, 0x00000000eb000000|  0%| F|  |TAMS 0x00000000eaf00000, 0x00000000eaf00000| Untracked 
| 176|0x00000000eb000000, 0x00000000eb000000, 0x00000000eb100000|  0%| F|  |TAMS 0x00000000eb000000, 0x00000000eb000000| Untracked 
| 177|0x00000000eb100000, 0x00000000eb100000, 0x00000000eb200000|  0%| F|  |TAMS 0x00000000eb100000, 0x00000000eb100000| Untracked 
| 178|0x00000000eb200000, 0x00000000eb200000, 0x00000000eb300000|  0%| F|  |TAMS 0x00000000eb200000, 0x00000000eb200000| Untracked 
| 179|0x00000000eb300000, 0x00000000eb300000, 0x00000000eb400000|  0%| F|  |TAMS 0x00000000eb300000, 0x00000000eb300000| Untracked 
| 180|0x00000000eb400000, 0x00000000eb400000, 0x00000000eb500000|  0%| F|  |TAMS 0x00000000eb400000, 0x00000000eb400000| Untracked 
| 181|0x00000000eb500000, 0x00000000eb500000, 0x00000000eb600000|  0%| F|  |TAMS 0x00000000eb500000, 0x00000000eb500000| Untracked 
| 182|0x00000000eb600000, 0x00000000eb600000, 0x00000000eb700000|  0%| F|  |TAMS 0x00000000eb600000, 0x00000000eb600000| Untracked 
| 183|0x00000000eb700000, 0x00000000eb700000, 0x00000000eb800000|  0%| F|  |TAMS 0x00000000eb700000, 0x00000000eb700000| Untracked 
| 184|0x00000000eb800000, 0x00000000eb800000, 0x00000000eb900000|  0%| F|  |TAMS 0x00000000eb800000, 0x00000000eb800000| Untracked 
| 185|0x00000000eb900000, 0x00000000eb900000, 0x00000000eba00000|  0%| F|  |TAMS 0x00000000eb900000, 0x00000000eb900000| Untracked 
| 186|0x00000000eba00000, 0x00000000eba00000, 0x00000000ebb00000|  0%| F|  |TAMS 0x00000000eba00000, 0x00000000eba00000| Untracked 
| 187|0x00000000ebb00000, 0x00000000ebb00000, 0x00000000ebc00000|  0%| F|  |TAMS 0x00000000ebb00000, 0x00000000ebb00000| Untracked 
| 188|0x00000000ebc00000, 0x00000000ebc00000, 0x00000000ebd00000|  0%| F|  |TAMS 0x00000000ebc00000, 0x00000000ebc00000| Untracked 
| 189|0x00000000ebd00000, 0x00000000ebd00000, 0x00000000ebe00000|  0%| F|  |TAMS 0x00000000ebd00000, 0x00000000ebd00000| Untracked 
| 190|0x00000000ebe00000, 0x00000000ebe00000, 0x00000000ebf00000|  0%| F|  |TAMS 0x00000000ebe00000, 0x00000000ebe00000| Untracked 
| 191|0x00000000ebf00000, 0x00000000ebf00000, 0x00000000ec000000|  0%| F|  |TAMS 0x00000000ebf00000, 0x00000000ebf00000| Untracked 
| 192|0x00000000ec000000, 0x00000000ec000000, 0x00000000ec100000|  0%| F|  |TAMS 0x00000000ec000000, 0x00000000ec000000| Untracked 
| 193|0x00000000ec100000, 0x00000000ec100000, 0x00000000ec200000|  0%| F|  |TAMS 0x00000000ec100000, 0x00000000ec100000| Untracked 
| 194|0x00000000ec200000, 0x00000000ec200000, 0x00000000ec300000|  0%| F|  |TAMS 0x00000000ec200000, 0x00000000ec200000| Untracked 
| 195|0x00000000ec300000, 0x00000000ec300000, 0x00000000ec400000|  0%| F|  |TAMS 0x00000000ec300000, 0x00000000ec300000| Untracked 
| 196|0x00000000ec400000, 0x00000000ec400000, 0x00000000ec500000|  0%| F|  |TAMS 0x00000000ec400000, 0x00000000ec400000| Untracked 
| 197|0x00000000ec500000, 0x00000000ec500000, 0x00000000ec600000|  0%| F|  |TAMS 0x00000000ec500000, 0x00000000ec500000| Untracked 
| 198|0x00000000ec600000, 0x00000000ec600000, 0x00000000ec700000|  0%| F|  |TAMS 0x00000000ec600000, 0x00000000ec600000| Untracked 
| 199|0x00000000ec700000, 0x00000000ec700000, 0x00000000ec800000|  0%| F|  |TAMS 0x00000000ec700000, 0x00000000ec700000| Untracked 
| 200|0x00000000ec800000, 0x00000000ec800000, 0x00000000ec900000|  0%| F|  |TAMS 0x00000000ec800000, 0x00000000ec800000| Untracked 
| 201|0x00000000ec900000, 0x00000000ec900000, 0x00000000eca00000|  0%| F|  |TAMS 0x00000000ec900000, 0x00000000ec900000| Untracked 
| 202|0x00000000eca00000, 0x00000000eca00000, 0x00000000ecb00000|  0%| F|  |TAMS 0x00000000eca00000, 0x00000000eca00000| Untracked 
| 203|0x00000000ecb00000, 0x00000000ecb00000, 0x00000000ecc00000|  0%| F|  |TAMS 0x00000000ecb00000, 0x00000000ecb00000| Untracked 
| 204|0x00000000ecc00000, 0x00000000ecc00000, 0x00000000ecd00000|  0%| F|  |TAMS 0x00000000ecc00000, 0x00000000ecc00000| Untracked 
| 205|0x00000000ecd00000, 0x00000000ecd00000, 0x00000000ece00000|  0%| F|  |TAMS 0x00000000ecd00000, 0x00000000ecd00000| Untracked 
| 206|0x00000000ece00000, 0x00000000ece00000, 0x00000000ecf00000|  0%| F|  |TAMS 0x00000000ece00000, 0x00000000ece00000| Untracked 
| 207|0x00000000ecf00000, 0x00000000ecf00000, 0x00000000ed000000|  0%| F|  |TAMS 0x00000000ecf00000, 0x00000000ecf00000| Untracked 
| 208|0x00000000ed000000, 0x00000000ed000000, 0x00000000ed100000|  0%| F|  |TAMS 0x00000000ed000000, 0x00000000ed000000| Untracked 
| 209|0x00000000ed100000, 0x00000000ed100000, 0x00000000ed200000|  0%| F|  |TAMS 0x00000000ed100000, 0x00000000ed100000| Untracked 
| 210|0x00000000ed200000, 0x00000000ed200000, 0x00000000ed300000|  0%| F|  |TAMS 0x00000000ed200000, 0x00000000ed200000| Untracked 
| 211|0x00000000ed300000, 0x00000000ed300000, 0x00000000ed400000|  0%| F|  |TAMS 0x00000000ed300000, 0x00000000ed300000| Untracked 
| 212|0x00000000ed400000, 0x00000000ed400000, 0x00000000ed500000|  0%| F|  |TAMS 0x00000000ed400000, 0x00000000ed400000| Untracked 
| 213|0x00000000ed500000, 0x00000000ed500000, 0x00000000ed600000|  0%| F|  |TAMS 0x00000000ed500000, 0x00000000ed500000| Untracked 
| 214|0x00000000ed600000, 0x00000000ed600000, 0x00000000ed700000|  0%| F|  |TAMS 0x00000000ed600000, 0x00000000ed600000| Untracked 
| 215|0x00000000ed700000, 0x00000000ed700000, 0x00000000ed800000|  0%| F|  |TAMS 0x00000000ed700000, 0x00000000ed700000| Untracked 
| 216|0x00000000ed800000, 0x00000000ed800000, 0x00000000ed900000|  0%| F|  |TAMS 0x00000000ed800000, 0x00000000ed800000| Untracked 
| 217|0x00000000ed900000, 0x00000000ed900000, 0x00000000eda00000|  0%| F|  |TAMS 0x00000000ed900000, 0x00000000ed900000| Untracked 
| 218|0x00000000eda00000, 0x00000000eda00000, 0x00000000edb00000|  0%| F|  |TAMS 0x00000000eda00000, 0x00000000eda00000| Untracked 
| 219|0x00000000edb00000, 0x00000000edb00000, 0x00000000edc00000|  0%| F|  |TAMS 0x00000000edb00000, 0x00000000edb00000| Untracked 
| 220|0x00000000edc00000, 0x00000000edc00000, 0x00000000edd00000|  0%| F|  |TAMS 0x00000000edc00000, 0x00000000edc00000| Untracked 
| 221|0x00000000edd00000, 0x00000000edd00000, 0x00000000ede00000|  0%| F|  |TAMS 0x00000000edd00000, 0x00000000edd00000| Untracked 
| 222|0x00000000ede00000, 0x00000000ede00000, 0x00000000edf00000|  0%| F|  |TAMS 0x00000000ede00000, 0x00000000ede00000| Untracked 
| 223|0x00000000edf00000, 0x00000000edf00000, 0x00000000ee000000|  0%| F|  |TAMS 0x00000000edf00000, 0x00000000edf00000| Untracked 
| 224|0x00000000ee000000, 0x00000000ee000000, 0x00000000ee100000|  0%| F|  |TAMS 0x00000000ee000000, 0x00000000ee000000| Untracked 
| 225|0x00000000ee100000, 0x00000000ee100000, 0x00000000ee200000|  0%| F|  |TAMS 0x00000000ee100000, 0x00000000ee100000| Untracked 
| 226|0x00000000ee200000, 0x00000000ee200000, 0x00000000ee300000|  0%| F|  |TAMS 0x00000000ee200000, 0x00000000ee200000| Untracked 
| 227|0x00000000ee300000, 0x00000000ee300000, 0x00000000ee400000|  0%| F|  |TAMS 0x00000000ee300000, 0x00000000ee300000| Untracked 
| 228|0x00000000ee400000, 0x00000000ee400000, 0x00000000ee500000|  0%| F|  |TAMS 0x00000000ee400000, 0x00000000ee400000| Untracked 
| 229|0x00000000ee500000, 0x00000000ee500000, 0x00000000ee600000|  0%| F|  |TAMS 0x00000000ee500000, 0x00000000ee500000| Untracked 
| 230|0x00000000ee600000, 0x00000000ee680800, 0x00000000ee700000| 50%| E|  |TAMS 0x00000000ee600000, 0x00000000ee600000| Complete 
| 231|0x00000000ee700000, 0x00000000ee800000, 0x00000000ee800000|100%| E|CS|TAMS 0x00000000ee700000, 0x00000000ee700000| Complete 
| 232|0x00000000ee800000, 0x00000000ee900000, 0x00000000ee900000|100%| E|CS|TAMS 0x00000000ee800000, 0x00000000ee800000| Complete 
| 233|0x00000000ee900000, 0x00000000eea00000, 0x00000000eea00000|100%| E|CS|TAMS 0x00000000ee900000, 0x00000000ee900000| Complete 
| 234|0x00000000eea00000, 0x00000000eeb00000, 0x00000000eeb00000|100%| E|CS|TAMS 0x00000000eea00000, 0x00000000eea00000| Complete 
| 235|0x00000000eeb00000, 0x00000000eec00000, 0x00000000eec00000|100%| E|CS|TAMS 0x00000000eeb00000, 0x00000000eeb00000| Complete 
| 236|0x00000000eec00000, 0x00000000eed00000, 0x00000000eed00000|100%| E|CS|TAMS 0x00000000eec00000, 0x00000000eec00000| Complete 
| 237|0x00000000eed00000, 0x00000000eee00000, 0x00000000eee00000|100%| E|CS|TAMS 0x00000000eed00000, 0x00000000eed00000| Complete 
| 238|0x00000000eee00000, 0x00000000eef00000, 0x00000000eef00000|100%| E|CS|TAMS 0x00000000eee00000, 0x00000000eee00000| Complete 
| 239|0x00000000eef00000, 0x00000000ef000000, 0x00000000ef000000|100%| E|CS|TAMS 0x00000000eef00000, 0x00000000eef00000| Complete 
| 240|0x00000000ef000000, 0x00000000ef100000, 0x00000000ef100000|100%| E|  |TAMS 0x00000000ef000000, 0x00000000ef000000| Complete 
| 241|0x00000000ef100000, 0x00000000ef200000, 0x00000000ef200000|100%| E|CS|TAMS 0x00000000ef100000, 0x00000000ef100000| Complete 
| 242|0x00000000ef200000, 0x00000000ef300000, 0x00000000ef300000|100%| E|CS|TAMS 0x00000000ef200000, 0x00000000ef200000| Complete 
| 243|0x00000000ef300000, 0x00000000ef400000, 0x00000000ef400000|100%| E|CS|TAMS 0x00000000ef300000, 0x00000000ef300000| Complete 
| 244|0x00000000ef400000, 0x00000000ef500000, 0x00000000ef500000|100%| E|CS|TAMS 0x00000000ef400000, 0x00000000ef400000| Complete 
| 245|0x00000000ef500000, 0x00000000ef600000, 0x00000000ef600000|100%| E|CS|TAMS 0x00000000ef500000, 0x00000000ef500000| Complete 
| 246|0x00000000ef600000, 0x00000000ef700000, 0x00000000ef700000|100%| E|CS|TAMS 0x00000000ef600000, 0x00000000ef600000| Complete 
| 247|0x00000000ef700000, 0x00000000ef800000, 0x00000000ef800000|100%| E|CS|TAMS 0x00000000ef700000, 0x00000000ef700000| Complete 
| 248|0x00000000ef800000, 0x00000000ef900000, 0x00000000ef900000|100%| E|CS|TAMS 0x00000000ef800000, 0x00000000ef800000| Complete 
| 249|0x00000000ef900000, 0x00000000efa00000, 0x00000000efa00000|100%| E|CS|TAMS 0x00000000ef900000, 0x00000000ef900000| Complete 
| 250|0x00000000efa00000, 0x00000000efb00000, 0x00000000efb00000|100%| E|CS|TAMS 0x00000000efa00000, 0x00000000efa00000| Complete 
| 251|0x00000000efb00000, 0x00000000efc00000, 0x00000000efc00000|100%| E|CS|TAMS 0x00000000efb00000, 0x00000000efb00000| Complete 
| 252|0x00000000efc00000, 0x00000000efd00000, 0x00000000efd00000|100%| E|CS|TAMS 0x00000000efc00000, 0x00000000efc00000| Complete 
| 253|0x00000000efd00000, 0x00000000efe00000, 0x00000000efe00000|100%| E|CS|TAMS 0x00000000efd00000, 0x00000000efd00000| Complete 
| 254|0x00000000efe00000, 0x00000000eff00000, 0x00000000eff00000|100%| E|CS|TAMS 0x00000000efe00000, 0x00000000efe00000| Complete 
| 255|0x00000000eff00000, 0x00000000f0000000, 0x00000000f0000000|100%| E|CS|TAMS 0x00000000eff00000, 0x00000000eff00000| Complete 

Card table byte_map: [0x000001cfe3c30000,0x000001cfe3d30000] _byte_map_base: 0x000001cfe3530000

Marking Bits (Prev, Next): (CMBitMap*) 0x000001cfcd3a6100, (CMBitMap*) 0x000001cfcd3a60c0
 Prev Bits: [0x000001cfe4630000, 0x000001cfe4e30000)
 Next Bits: [0x000001cfe3e30000, 0x000001cfe4630000)

Polling page: 0x000001cfcb250000

Metaspace:

Usage:
  Non-class:     21.57 MB used.
      Class:      3.69 MB used.
       Both:     25.26 MB used.

Virtual space:
  Non-class space:       64.00 MB reserved,      21.75 MB ( 34%) committed,  1 nodes.
      Class space:      208.00 MB reserved,       3.81 MB (  2%) committed,  1 nodes.
             Both:      272.00 MB reserved,      25.56 MB (  9%) committed. 

Chunk freelists:
   Non-Class:  10.23 MB
       Class:  12.20 MB
        Both:  22.43 MB

MaxMetaspaceSize: 256.00 MB
CompressedClassSpaceSize: 208.00 MB
Initial GC threshold: 21.00 MB
Current GC threshold: 35.25 MB
CDS: on
MetaspaceReclaimPolicy: balanced
 - commit_granule_bytes: 65536.
 - commit_granule_words: 8192.
 - virtual_space_node_default_size: 8388608.
 - enlarge_chunks_in_place: 1.
 - new_chunks_are_fully_committed: 0.
 - uncommit_free_chunks: 1.
 - use_allocation_guard: 0.
 - handle_deallocations: 1.


Internal statistics:

num_allocs_failed_limit: 3.
num_arena_births: 246.
num_arena_deaths: 0.
num_vsnodes_births: 2.
num_vsnodes_deaths: 0.
num_space_committed: 409.
num_space_uncommitted: 0.
num_chunks_returned_to_freelist: 3.
num_chunks_taken_from_freelist: 1158.
num_chunk_merges: 3.
num_chunk_splits: 798.
num_chunks_enlarged: 600.
num_inconsistent_stats: 0.

CodeHeap 'non-profiled nmethods': size=120000Kb used=1653Kb max_used=1653Kb free=118346Kb
 bounds [0x000001cfdc700000, 0x000001cfdc970000, 0x000001cfe3c30000]
CodeHeap 'profiled nmethods': size=120000Kb used=6002Kb max_used=6002Kb free=113997Kb
 bounds [0x000001cfd4c30000, 0x000001cfd5210000, 0x000001cfdc160000]
CodeHeap 'non-nmethods': size=5760Kb used=1579Kb max_used=1626Kb free=4180Kb
 bounds [0x000001cfdc160000, 0x000001cfdc3d0000, 0x000001cfdc700000]
 total_blobs=3576 nmethods=2932 adapters=556
 compilation: enabled
              stopped_count=0, restarted_count=0
 full_count=0

Compilation events (20 events):
Event: 4.898 Thread 0x000001cfe74643e0 2788       3       java.util.stream.MatchOps$1MatchSink::accept (44 bytes)
Event: 4.898 Thread 0x000001cfe74643e0 nmethod 2788 0x000001cfd51d1d90 code [0x000001cfd51d1f40, 0x000001cfd51d21a8]
Event: 4.898 Thread 0x000001cfe74643e0 2789       3       java.util.Spliterators$IteratorSpliterator::tryAdvance (77 bytes)
Event: 4.899 Thread 0x000001cfe74643e0 nmethod 2789 0x000001cfd51d2290 code [0x000001cfd51d24a0, 0x000001cfd51d2bb8]
Event: 4.899 Thread 0x000001cfe74643e0 2792       3       org.codehaus.groovy.vmplugin.v9.Java9::lambda$isExported$11 (24 bytes)
Event: 4.899 Thread 0x000001cfe74643e0 nmethod 2792 0x000001cfd51d2d90 code [0x000001cfd51d2f60, 0x000001cfd51d32f8]
Event: 4.899 Thread 0x000001cfe74643e0 2790       3       org.codehaus.groovy.vmplugin.v9.Java9$$Lambda$321/0x000001cfe93b6250::test (12 bytes)
Event: 4.899 Thread 0x000001cfe74643e0 nmethod 2790 0x000001cfd51d3490 code [0x000001cfd51d3640, 0x000001cfd51d3888]
Event: 4.899 Thread 0x000001cfe74643e0 2791       3       java.util.stream.StreamOpFlag::isKnown (19 bytes)
Event: 4.899 Thread 0x000001cfe74643e0 nmethod 2791 0x000001cfd51d3990 code [0x000001cfd51d3b20, 0x000001cfd51d3c98]
Event: 4.899 Thread 0x000001cfe74643e0 2793       3       java.util.Spliterator::getExactSizeIfKnown (25 bytes)
Event: 4.899 Thread 0x000001cfe74643e0 nmethod 2793 0x000001cfd51d3d10 code [0x000001cfd51d3ec0, 0x000001cfd51d41b8]
Event: 4.899 Thread 0x000001cfe74643e0 2794       3       java.util.stream.AbstractPipeline::sourceSpliterator (265 bytes)
Event: 4.900 Thread 0x000001cfe73f5fc0 2803       4       java.util.ImmutableCollections$SetN$SetNIterator::next (90 bytes)
Event: 4.900 Thread 0x000001cfe74643e0 nmethod 2794 0x000001cfd51d4290 code [0x000001cfd51d4520, 0x000001cfd51d5468]
Event: 4.900 Thread 0x000001cfe74643e0 2798       3       java.util.stream.AbstractPipeline::copyIntoWithCancel (46 bytes)
Event: 4.900 Thread 0x000001cfe74643e0 nmethod 2798 0x000001cfd51d5990 code [0x000001cfd51d5b80, 0x000001cfd51d6078]
Event: 4.900 Thread 0x000001cfe74643e0 2796       3       java.util.stream.StreamOpFlag::fromCharacteristics (37 bytes)
Event: 4.900 Thread 0x000001cfe74643e0 nmethod 2796 0x000001cfd51d6210 code [0x000001cfd51d63c0, 0x000001cfd51d66f8]
Event: 4.900 Thread 0x000001cfe74643e0 2797       3       java.util.stream.AbstractPipeline::<init> (55 bytes)

GC Heap History (8 events):
Event: 0.715 GC heap before
{Heap before GC invocations=0 (full 0):
 garbage-first heap   total 262144K, used 13312K [0x00000000e0000000, 0x0000000100000000)
  region size 1024K, 13 young (13312K), 0 survivors (0K)
 Metaspace       used 976K, committed 1088K, reserved 278528K
  class space    used 75K, committed 128K, reserved 212992K
}
Event: 0.725 GC heap after
{Heap after GC invocations=1 (full 0):
 garbage-first heap   total 262144K, used 3732K [0x00000000e0000000, 0x0000000100000000)
  region size 1024K, 2 young (2048K), 2 survivors (2048K)
 Metaspace       used 976K, committed 1088K, reserved 278528K
  class space    used 75K, committed 128K, reserved 212992K
}
Event: 1.264 GC heap before
{Heap before GC invocations=1 (full 0):
 garbage-first heap   total 262144K, used 21140K [0x00000000e0000000, 0x0000000100000000)
  region size 1024K, 17 young (17408K), 2 survivors (2048K)
 Metaspace       used 3813K, committed 3968K, reserved 278528K
  class space    used 476K, committed 576K, reserved 212992K
}
Event: 1.268 GC heap after
{Heap after GC invocations=2 (full 0):
 garbage-first heap   total 262144K, used 9671K [0x00000000e0000000, 0x0000000100000000)
  region size 1024K, 3 young (3072K), 3 survivors (3072K)
 Metaspace       used 3813K, committed 3968K, reserved 278528K
  class space    used 476K, committed 576K, reserved 212992K
}
Event: 1.782 GC heap before
{Heap before GC invocations=2 (full 0):
 garbage-first heap   total 262144K, used 32199K [0x00000000e0000000, 0x0000000100000000)
  region size 1024K, 25 young (25600K), 3 survivors (3072K)
 Metaspace       used 3946K, committed 4096K, reserved 278528K
  class space    used 477K, committed 576K, reserved 212992K
}
Event: 1.786 GC heap after
{Heap after GC invocations=3 (full 0):
 garbage-first heap   total 262144K, used 13070K [0x00000000e0000000, 0x0000000100000000)
  region size 1024K, 4 young (4096K), 4 survivors (4096K)
 Metaspace       used 3946K, committed 4096K, reserved 278528K
  class space    used 477K, committed 576K, reserved 212992K
}
Event: 4.476 GC heap before
{Heap before GC invocations=3 (full 0):
 garbage-first heap   total 262144K, used 114446K [0x00000000e0000000, 0x0000000100000000)
  region size 1024K, 104 young (106496K), 4 survivors (4096K)
 Metaspace       used 21233K, committed 21504K, reserved 278528K
  class space    used 3181K, committed 3328K, reserved 212992K
}
Event: 4.487 GC heap after
{Heap after GC invocations=4 (full 0):
 garbage-first heap   total 262144K, used 21125K [0x00000000e0000000, 0x0000000100000000)
  region size 1024K, 12 young (12288K), 12 survivors (12288K)
 Metaspace       used 21233K, committed 21504K, reserved 278528K
  class space    used 3181K, committed 3328K, reserved 212992K
}

Deoptimization events (20 events):
Event: 3.582 Thread 0x000001cffc1850a0 DEOPT PACKING pc=0x000001cfdc80f678 sp=0x000000c38e5fabe0
Event: 3.582 Thread 0x000001cffc1850a0 DEOPT UNPACKING pc=0x000001cfdc1b23a3 sp=0x000000c38e5fab18 mode 2
Event: 3.582 Thread 0x000001cffc1850a0 Uncommon trap: trap_request=0xffffff45 fr.pc=0x000001cfdc74071c relative=0x000000000000025c
Event: 3.582 Thread 0x000001cffc1850a0 Uncommon trap: reason=unstable_if action=reinterpret pc=0x000001cfdc74071c method=java.util.HashMap.getNode(Ljava/lang/Object;)Ljava/util/HashMap$Node; @ 66 c2
Event: 3.582 Thread 0x000001cffc1850a0 DEOPT PACKING pc=0x000001cfdc74071c sp=0x000000c38e5fab90
Event: 3.582 Thread 0x000001cffc1850a0 DEOPT UNPACKING pc=0x000001cfdc1b23a3 sp=0x000000c38e5fab20 mode 2
Event: 3.599 Thread 0x000001cffc1850a0 Uncommon trap: trap_request=0xffffff45 fr.pc=0x000001cfdc7aaac8 relative=0x0000000000000408
Event: 3.599 Thread 0x000001cffc1850a0 Uncommon trap: reason=unstable_if action=reinterpret pc=0x000001cfdc7aaac8 method=java.util.concurrent.ConcurrentHashMap.get(Ljava/lang/Object;)Ljava/lang/Object; @ 152 c2
Event: 3.599 Thread 0x000001cffc1850a0 DEOPT PACKING pc=0x000001cfdc7aaac8 sp=0x000000c38e5fa0c0
Event: 3.599 Thread 0x000001cffc1850a0 DEOPT UNPACKING pc=0x000001cfdc1b23a3 sp=0x000000c38e5fa038 mode 2
Event: 3.971 Thread 0x000001cffc1850a0 DEOPT PACKING pc=0x000001cfd50063dc sp=0x000000c38e5f5bb0
Event: 3.971 Thread 0x000001cffc1850a0 DEOPT UNPACKING pc=0x000001cfdc1b2b43 sp=0x000000c38e5f5130 mode 0
Event: 3.980 Thread 0x000001cffc1850a0 Uncommon trap: trap_request=0xffffff76 fr.pc=0x000001cfdc83a3a4 relative=0x0000000000000184
Event: 3.980 Thread 0x000001cffc1850a0 Uncommon trap: reason=predicate action=maybe_recompile pc=0x000001cfdc83a3a4 method=com.google.common.base.CharMatcher.indexIn(Ljava/lang/CharSequence;I)I @ 19 c2
Event: 3.980 Thread 0x000001cffc1850a0 DEOPT PACKING pc=0x000001cfdc83a3a4 sp=0x000000c38e5fb410
Event: 3.980 Thread 0x000001cffc1850a0 DEOPT UNPACKING pc=0x000001cfdc1b23a3 sp=0x000000c38e5fb3a0 mode 2
Event: 4.402 Thread 0x000001cffc1850a0 Uncommon trap: trap_request=0xffffff45 fr.pc=0x000001cfdc74da88 relative=0x00000000000004c8
Event: 4.402 Thread 0x000001cffc1850a0 Uncommon trap: reason=unstable_if action=reinterpret pc=0x000001cfdc74da88 method=java.util.HashMap.hash(Ljava/lang/Object;)I @ 1 c2
Event: 4.402 Thread 0x000001cffc1850a0 DEOPT PACKING pc=0x000001cfdc74da88 sp=0x000000c38e5f7c50
Event: 4.402 Thread 0x000001cffc1850a0 DEOPT UNPACKING pc=0x000001cfdc1b23a3 sp=0x000000c38e5f7af8 mode 2

Classes unloaded (0 events):
No events

Classes redefined (0 events):
No events

Internal exceptions (20 events):
Event: 4.018 Thread 0x000001cffc1850a0 Exception <a 'java/lang/NoSuchMethodError'{0x00000000eadf94c0}: 'void java.lang.invoke.DirectMethodHandle$Holder.invokeStatic(java.lang.Object, java.lang.Object, java.lang.Object, java.lang.Object)'> (0x00000000eadf94c0) 
thrown [s\open\src\hotspot\share\interpreter\linkResolver.cpp, line 759]
Event: 4.020 Thread 0x000001cffc1850a0 Exception <a 'java/lang/NoSuchMethodError'{0x00000000eac0d2a8}: 'int java.lang.invoke.DirectMethodHandle$Holder.invokeVirtual(java.lang.Object, java.lang.Object)'> (0x00000000eac0d2a8) 
thrown [s\open\src\hotspot\share\interpreter\linkResolver.cpp, line 759]
Event: 4.024 Thread 0x000001cffc1850a0 Exception <a 'java/lang/NoSuchMethodError'{0x00000000eac22530}: 'java.lang.Object java.lang.invoke.DirectMethodHandle$Holder.invokeVirtual(java.lang.Object, java.lang.Object, java.lang.Object)'> (0x00000000eac22530) 
thrown [s\open\src\hotspot\share\interpreter\linkResolver.cpp, line 759]
Event: 4.040 Thread 0x000001cffc1850a0 Exception <a 'java/lang/NoSuchMethodError'{0x00000000eac45c00}: 'int java.lang.invoke.DirectMethodHandle$Holder.invokeVirtual(java.lang.Object, java.lang.Object, java.lang.Object)'> (0x00000000eac45c00) 
thrown [s\open\src\hotspot\share\interpreter\linkResolver.cpp, line 759]
Event: 4.298 Thread 0x000001cffc1850a0 Exception <a 'java/lang/NoSuchMethodError'{0x00000000ea2331d8}: 'java.lang.Object java.lang.invoke.DirectMethodHandle$Holder.invokeSpecialIFC(java.lang.Object, java.lang.Object, java.lang.Object, java.lang.Object)'> (0x00000000ea2331d8) 
thrown [s\open\src\hotspot\share\interpreter\linkResolver.cpp, line 759]
Event: 4.402 Thread 0x000001cffc1850a0 Implicit null exception at 0x000001cfdc74d60e to 0x000001cfdc74da6c
Event: 4.447 Thread 0x000001cffc1850a0 Exception <a 'java/lang/NoSuchMethodError'{0x00000000e9aacd18}: 'java.lang.Object java.lang.invoke.DirectMethodHandle$Holder.invokeSpecial(java.lang.Object, java.lang.Object, java.lang.Object, java.lang.Object, java.lang.Object, java.lang.Object, java.lang.Object, java.lang.Object, java.lang.Object, java.lang.Object, java.lang.Object, java.lang.Object, java.lang.Object)'> (0x00000000e9aacd18) 
thrown [s\open\src\hotspot\share\interpreter\linkResolver.cpp, line 759]
Event: 4.448 Thread 0x000001cffc1850a0 Exception <a 'java/lang/NoSuchMethodError'{0x00000000e9abe540}: 'java.lang.Object java.lang.invoke.DirectMethodHandle$Holder.newInvokeSpecial(java.lang.Object, java.lang.Object, java.lang.Object, java.lang.Object, java.lang.Object, java.lang.Object, java.lang.Object, java.lang.Object, java.lang.Object, java.lang.Object, java.lang.Object)'> (0x00000000e9abe540) 
thrown [s\open\src\hotspot\share\interpreter\linkResolver.cpp, line 759]
Event: 4.448 Thread 0x000001cffc1850a0 Exception <a 'java/lang/NoSuchMethodError'{0x00000000e9ac4170}: 'java.lang.Object java.lang.invoke.DirectMethodHandle$Holder.invokeSpecial(java.lang.Object, java.lang.Object, java.lang.Object, java.lang.Object, java.lang.Object, java.lang.Object, java.lang.Object, java.lang.Object, java.lang.Object, java.lang.Object, java.lang.Object, java.lang.Object)'> (0x00000000e9ac4170) 
thrown [s\open\src\hotspot\share\interpreter\linkResolver.cpp, line 759]
Event: 4.448 Thread 0x000001cffc1850a0 Exception <a 'java/lang/NoSuchMethodError'{0x00000000e9ac9560}: 'java.lang.Object java.lang.invoke.Invokers$Holder.linkToTargetMethod(java.lang.Object, java.lang.Object, java.lang.Object, java.lang.Object, java.lang.Object, java.lang.Object, java.lang.Object, java.lang.Object, java.lang.Object, java.lang.Object, java.lang.Object)'> (0x00000000e9ac9560) 
thrown [s\open\src\hotspot\share\interpreter\linkResolver.cpp, line 759]
Event: 4.452 Thread 0x000001cffc1850a0 Exception <a 'java/lang/NoSuchMethodError'{0x00000000e990f160}: 'java.lang.Object java.lang.invoke.DirectMethodHandle$Holder.invokeSpecial(java.lang.Object, java.lang.Object, java.lang.Object, java.lang.Object, java.lang.Object, java.lang.Object, java.lang.Object, java.lang.Object, java.lang.Object, java.lang.Object, java.lang.Object, java.lang.Object, java.lang.Object, java.lang.Object)'> (0x00000000e990f160) 
thrown [s\open\src\hotspot\share\interpreter\linkResolver.cpp, line 759]
Event: 4.453 Thread 0x000001cffc1850a0 Exception <a 'java/lang/NoSuchMethodError'{0x00000000e9921530}: 'java.lang.Object java.lang.invoke.DirectMethodHandle$Holder.newInvokeSpecial(java.lang.Object, java.lang.Object, java.lang.Object, java.lang.Object, java.lang.Object, java.lang.Object, java.lang.Object, java.lang.Object, java.lang.Object, java.lang.Object, java.lang.Object, java.lang.Object)'> (0x00000000e9921530) 
thrown [s\open\src\hotspot\share\interpreter\linkResolver.cpp, line 759]
Event: 4.453 Thread 0x000001cffc1850a0 Exception <a 'java/lang/NoSuchMethodError'{0x00000000e9926c20}: 'java.lang.Object java.lang.invoke.Invokers$Holder.linkToTargetMethod(java.lang.Object, java.lang.Object, java.lang.Object, java.lang.Object, java.lang.Object, java.lang.Object, java.lang.Object, java.lang.Object, java.lang.Object, java.lang.Object, java.lang.Object, java.lang.Object)'> (0x00000000e9926c20) 
thrown [s\open\src\hotspot\share\interpreter\linkResolver.cpp, line 759]
Event: 4.467 Thread 0x000001cffc1850a0 Exception <a 'java/lang/NoSuchMethodError'{0x00000000e99b4ae8}: 'java.lang.Object java.lang.invoke.DirectMethodHandle$Holder.invokeStaticInit(java.lang.Object, java.lang.Object, java.lang.Object, java.lang.Object)'> (0x00000000e99b4ae8) 
thrown [s\open\src\hotspot\share\interpreter\linkResolver.cpp, line 759]
Event: 4.582 Thread 0x000001cffc1850a0 Exception <a 'java/lang/NoSuchMethodError'{0x00000000efa50608}: 'java.lang.Object java.lang.invoke.DirectMethodHandle$Holder.newInvokeSpecial(java.lang.Object, java.lang.Object, java.lang.Object, java.lang.Object, java.lang.Object, java.lang.Object, java.lang.Object, java.lang.Object)'> (0x00000000efa50608) 
thrown [s\open\src\hotspot\share\interpreter\linkResolver.cpp, line 759]
Event: 4.582 Thread 0x000001cffc1850a0 Exception <a 'java/lang/NoSuchMethodError'{0x00000000efa563e8}: 'java.lang.Object java.lang.invoke.Invokers$Holder.linkToTargetMethod(java.lang.Object, java.lang.Object, java.lang.Object, java.lang.Object, java.lang.Object, java.lang.Object, java.lang.Object, java.lang.Object)'> (0x00000000efa563e8) 
thrown [s\open\src\hotspot\share\interpreter\linkResolver.cpp, line 759]
Event: 4.592 Thread 0x000001cffc1850a0 Exception <a 'java/lang/IncompatibleClassChangeError'{0x00000000efac6260}: Found class java.lang.Object, but interface was expected> (0x00000000efac6260) 
thrown [s\open\src\hotspot\share\interpreter\linkResolver.cpp, line 826]
Event: 4.892 Thread 0x000001cffc1850a0 Exception <a 'java/lang/NoSuchMethodError'{0x00000000eecea750}: 'void java.lang.invoke.DirectMethodHandle$Holder.invokeStaticInit(java.lang.Object, java.lang.Object, java.lang.Object)'> (0x00000000eecea750) 
thrown [s\open\src\hotspot\share\interpreter\linkResolver.cpp, line 759]
Event: 4.893 Thread 0x000001cffc1850a0 Exception <a 'java/lang/NoSuchMethodError'{0x00000000eecf1bf0}: 'void java.lang.invoke.DirectMethodHandle$Holder.invokeStaticInit(java.lang.Object, java.lang.Object, java.lang.Object, java.lang.Object)'> (0x00000000eecf1bf0) 
thrown [s\open\src\hotspot\share\interpreter\linkResolver.cpp, line 759]
Event: 4.896 Thread 0x000001cffc1850a0 Exception <a 'java/lang/NoSuchMethodError'{0x00000000eeb14368}: 'void java.lang.invoke.DirectMethodHandle$Holder.invokeStaticInit(java.lang.Object, java.lang.Object, java.lang.Object, java.lang.Object, java.lang.Object)'> (0x00000000eeb14368) 
thrown [s\open\src\hotspot\share\interpreter\linkResolver.cpp, line 759]

VM Operations (20 events):
Event: 3.001 Executing VM operation: Cleanup
Event: 3.001 Executing VM operation: Cleanup done
Event: 3.002 Executing VM operation: HandshakeAllThreads
Event: 3.002 Executing VM operation: HandshakeAllThreads done
Event: 3.033 Executing VM operation: HandshakeAllThreads
Event: 3.033 Executing VM operation: HandshakeAllThreads done
Event: 3.034 Executing VM operation: HandshakeAllThreads
Event: 3.034 Executing VM operation: HandshakeAllThreads done
Event: 4.047 Executing VM operation: Cleanup
Event: 4.047 Executing VM operation: Cleanup done
Event: 4.405 Executing VM operation: HandshakeAllThreads
Event: 4.405 Executing VM operation: HandshakeAllThreads done
Event: 4.476 Executing VM operation: CollectForMetadataAllocation
Event: 4.487 Executing VM operation: CollectForMetadataAllocation done
Event: 4.501 Executing VM operation: G1Concurrent
Event: 4.503 Executing VM operation: G1Concurrent done
Event: 4.506 Executing VM operation: G1Concurrent
Event: 4.506 Executing VM operation: G1Concurrent done
Event: 4.671 Executing VM operation: HandshakeAllThreads
Event: 4.671 Executing VM operation: HandshakeAllThreads done

Events (20 events):
Event: 4.497 Thread 0x000001cffcd23750 Thread added: 0x000001cffcd23750
Event: 4.637 Thread 0x000001cffcd23c60 Thread added: 0x000001cffcd23c60
Event: 4.743 loading class java/util/regex/Pattern$Pos
Event: 4.743 loading class java/util/regex/Pattern$Pos done
Event: 4.747 loading class java/io/StringReader
Event: 4.747 loading class java/io/StringReader done
Event: 4.765 loading class java/lang/StrictMath
Event: 4.765 loading class java/lang/StrictMath done
Event: 4.766 loading class java/math/MutableBigInteger
Event: 4.767 loading class java/math/MutableBigInteger done
Event: 4.802 loading class java/io/UnsupportedEncodingException
Event: 4.802 loading class java/io/UnsupportedEncodingException done
Event: 4.806 loading class java/util/concurrent/locks/StampedLock
Event: 4.806 loading class java/util/concurrent/locks/StampedLock done
Event: 4.881 loading class java/lang/reflect/MalformedParameterizedTypeException
Event: 4.881 loading class java/lang/reflect/MalformedParameterizedTypeException done
Event: 4.883 loading class java/lang/IllegalCallerException
Event: 4.883 loading class java/lang/IllegalCallerException done
Event: 4.884 loading class sun/nio/fs/ExtendedFileSystemProvider
Event: 4.885 loading class sun/nio/fs/ExtendedFileSystemProvider done


Dynamic libraries:
0x00007ff6bf490000 - 0x00007ff6bf4a0000 	C:\Program Files\Java\jdk-17\bin\java.exe
0x00007ffa88370000 - 0x00007ffa88568000 	C:\Windows\SYSTEM32\ntdll.dll
0x00007ffa88190000 - 0x00007ffa8824d000 	C:\Windows\System32\KERNEL32.DLL
0x00007ffa85ec0000 - 0x00007ffa861b6000 	C:\Windows\System32\KERNELBASE.dll
0x00007ffa85bd0000 - 0x00007ffa85cd0000 	C:\Windows\System32\ucrtbase.dll
0x00007ffa77d40000 - 0x00007ffa77d59000 	C:\Program Files\Java\jdk-17\bin\jli.dll
0x00007ffa87f00000 - 0x00007ffa87fb3000 	C:\Windows\System32\ADVAPI32.dll
0x00007ffa877f0000 - 0x00007ffa8788e000 	C:\Windows\System32\msvcrt.dll
0x00007ffa876e0000 - 0x00007ffa8777f000 	C:\Windows\System32\sechost.dll
0x00007ffa88060000 - 0x00007ffa88186000 	C:\Windows\System32\RPCRT4.dll
0x00007ffa86390000 - 0x00007ffa863b7000 	C:\Windows\System32\bcrypt.dll
0x00007ffa863c0000 - 0x00007ffa8655e000 	C:\Windows\System32\USER32.dll
0x00007ffa861c0000 - 0x00007ffa861e2000 	C:\Windows\System32\win32u.dll
0x00007ffa876b0000 - 0x00007ffa876dc000 	C:\Windows\System32\GDI32.dll
0x00007ffa85ab0000 - 0x00007ffa85bca000 	C:\Windows\System32\gdi32full.dll
0x00007ffa861f0000 - 0x00007ffa8628d000 	C:\Windows\System32\msvcp_win.dll
0x00007ffa76280000 - 0x00007ffa7629b000 	C:\Program Files\Java\jdk-17\bin\VCRUNTIME140.dll
0x00007ffa72e50000 - 0x00007ffa730ea000 	C:\Windows\WinSxS\amd64_microsoft.windows.common-controls_6595b64144ccf1df_6.0.19041.3636_none_60b6a03d71f818d5\COMCTL32.dll
0x00007ffa74f80000 - 0x00007ffa74f8a000 	C:\Windows\SYSTEM32\VERSION.dll
0x00007ffa87890000 - 0x00007ffa878c0000 	C:\Windows\System32\IMM32.DLL
0x00007ffa7e790000 - 0x00007ffa7e79c000 	C:\Program Files\Java\jdk-17\bin\vcruntime140_1.dll
0x00007ffa65a40000 - 0x00007ffa65ace000 	C:\Program Files\Java\jdk-17\bin\msvcp140.dll
0x00007ffa2e7e0000 - 0x00007ffa2f3bf000 	C:\Program Files\Java\jdk-17\bin\server\jvm.dll
0x00007ffa87dd0000 - 0x00007ffa87dd8000 	C:\Windows\System32\PSAPI.DLL
0x00007ffa818b0000 - 0x00007ffa818b9000 	C:\Windows\SYSTEM32\WSOCK32.dll
0x00007ffa87780000 - 0x00007ffa877eb000 	C:\Windows\System32\WS2_32.dll
0x00007ffa818c0000 - 0x00007ffa818e7000 	C:\Windows\SYSTEM32\WINMM.dll
0x00007ffa838f0000 - 0x00007ffa83902000 	C:\Windows\SYSTEM32\kernel.appcore.dll
0x00007ffa7c850000 - 0x00007ffa7c85a000 	C:\Program Files\Java\jdk-17\bin\jimage.dll
0x00007ffa6dba0000 - 0x00007ffa6dd84000 	C:\Windows\SYSTEM32\DBGHELP.DLL
0x00007ffa6db60000 - 0x00007ffa6db94000 	C:\Windows\SYSTEM32\dbgcore.DLL
0x00007ffa85cd0000 - 0x00007ffa85d52000 	C:\Windows\System32\bcryptPrimitives.dll
0x00007ffa72c00000 - 0x00007ffa72c25000 	C:\Program Files\Java\jdk-17\bin\java.dll
0x00007ffa5d5b0000 - 0x00007ffa5d687000 	C:\Program Files\Java\jdk-17\bin\jsvml.dll
0x00007ffa86e20000 - 0x00007ffa87565000 	C:\Windows\System32\SHELL32.dll
0x00007ffa83af0000 - 0x00007ffa8428b000 	C:\Windows\SYSTEM32\windows.storage.dll
0x00007ffa87950000 - 0x00007ffa87ca4000 	C:\Windows\System32\combase.dll
0x00007ffa85470000 - 0x00007ffa8549d000 	C:\Windows\SYSTEM32\Wldp.dll
0x00007ffa87e50000 - 0x00007ffa87efd000 	C:\Windows\System32\SHCORE.dll
0x00007ffa865c0000 - 0x00007ffa86615000 	C:\Windows\System32\shlwapi.dll
0x00007ffa85970000 - 0x00007ffa85995000 	C:\Windows\SYSTEM32\profapi.dll
0x00007ffa75d80000 - 0x00007ffa75d99000 	C:\Program Files\Java\jdk-17\bin\net.dll
0x00007ffa7b540000 - 0x00007ffa7b64a000 	C:\Windows\SYSTEM32\WINHTTP.dll
0x00007ffa851d0000 - 0x00007ffa8523a000 	C:\Windows\system32\mswsock.dll
0x00007ffa738e0000 - 0x00007ffa738f6000 	C:\Program Files\Java\jdk-17\bin\nio.dll
0x00007ffa730f0000 - 0x00007ffa73108000 	C:\Program Files\Java\jdk-17\bin\zip.dll
0x00007ffa75de0000 - 0x00007ffa75df0000 	C:\Program Files\Java\jdk-17\bin\verify.dll
0x00007ffa723f0000 - 0x00007ffa72417000 	C:\Users\Admin\.gradle\native\68d5fa5c4cc2d200863cafc0d521ce42e7d3e7ee720ec0a83991735586a16f82\windows-amd64\native-platform.dll
0x00007ffa57050000 - 0x00007ffa57194000 	C:\Users\Admin\.gradle\native\e376f236ea51e6404a007f0833ffe2c6e607c4080706a723a18a27aeea778392\windows-amd64\native-platform-file-events.dll
0x00007ffa75940000 - 0x00007ffa7594a000 	C:\Program Files\Java\jdk-17\bin\management.dll
0x00007ffa734a0000 - 0x00007ffa734ab000 	C:\Program Files\Java\jdk-17\bin\management_ext.dll
0x00007ffa853c0000 - 0x00007ffa853d8000 	C:\Windows\SYSTEM32\CRYPTSP.dll
0x00007ffa84a90000 - 0x00007ffa84ac4000 	C:\Windows\system32\rsaenh.dll
0x00007ffa85930000 - 0x00007ffa8595e000 	C:\Windows\SYSTEM32\USERENV.dll
0x00007ffa853e0000 - 0x00007ffa853ec000 	C:\Windows\SYSTEM32\CRYPTBASE.dll
0x00007ffa84e70000 - 0x00007ffa84eab000 	C:\Windows\SYSTEM32\IPHLPAPI.DLL
0x00007ffa88320000 - 0x00007ffa88328000 	C:\Windows\System32\NSI.dll
0x00007ffa7d5a0000 - 0x00007ffa7d5b7000 	C:\Windows\SYSTEM32\dhcpcsvc6.DLL
0x00007ffa7df40000 - 0x00007ffa7df5d000 	C:\Windows\SYSTEM32\dhcpcsvc.DLL
0x00007ffa84ec0000 - 0x00007ffa84f8a000 	C:\Windows\SYSTEM32\DNSAPI.dll
0x00007ffa723e0000 - 0x00007ffa723ee000 	C:\Program Files\Java\jdk-17\bin\sunmscapi.dll
0x00007ffa85d60000 - 0x00007ffa85ebd000 	C:\Windows\System32\CRYPT32.dll
0x00007ffa854e0000 - 0x00007ffa85508000 	C:\Windows\SYSTEM32\ncrypt.dll
0x00007ffa854a0000 - 0x00007ffa854db000 	C:\Windows\SYSTEM32\NTASN1.dll
0x00007ffa7e780000 - 0x00007ffa7e787000 	C:\Windows\system32\wshunix.dll

dbghelp: loaded successfully - version: 4.0.5 - missing functions: none
symbol engine: initialized successfully - sym options: 0x614 - pdb path: .;C:\Program Files\Java\jdk-17\bin;C:\Windows\SYSTEM32;C:\Windows\WinSxS\amd64_microsoft.windows.common-controls_6595b64144ccf1df_6.0.19041.3636_none_60b6a03d71f818d5;C:\Program Files\Java\jdk-17\bin\server;C:\Users\Admin\.gradle\native\68d5fa5c4cc2d200863cafc0d521ce42e7d3e7ee720ec0a83991735586a16f82\windows-amd64;C:\Users\Admin\.gradle\native\e376f236ea51e6404a007f0833ffe2c6e607c4080706a723a18a27aeea778392\windows-amd64

VM Arguments:
jvm_args: --add-opens=java.base/java.util=ALL-UNNAMED --add-opens=java.base/java.lang=ALL-UNNAMED --add-opens=java.base/java.lang.invoke=ALL-UNNAMED --add-opens=java.prefs/java.util.prefs=ALL-UNNAMED --add-opens=java.base/java.nio.charset=ALL-UNNAMED --add-opens=java.base/java.net=ALL-UNNAMED --add-opens=java.base/java.util.concurrent.atomic=ALL-UNNAMED -XX:MaxMetaspaceSize=256m -XX:+HeapDumpOnOutOfMemoryError -Xms256m -Xmx512m -Dfile.encoding=windows-1251 -Duser.country=RU -Duser.language=ru -Duser.variant 
java_command: org.gradle.launcher.daemon.bootstrap.GradleDaemon 7.6
java_class_path (initial): C:\Users\Admin\.gradle\wrapper\dists\gradle-7.6-bin\9l9tetv7ltxvx3i8an4pb86ye\gradle-7.6\lib\gradle-launcher-7.6.jar
Launcher Type: SUN_STANDARD

[Global flags]
     intx CICompilerCount                          = 3                                         {product} {ergonomic}
   size_t CompressedClassSpaceSize                 = 218103808                                 {product} {ergonomic}
     uint ConcGCThreads                            = 1                                         {product} {ergonomic}
     uint G1ConcRefinementThreads                  = 4                                         {product} {ergonomic}
   size_t G1HeapRegionSize                         = 1048576                                   {product} {ergonomic}
    uintx GCDrainStackTargetSize                   = 64                                        {product} {ergonomic}
     bool HeapDumpOnOutOfMemoryError               = true                                   {manageable} {command line}
   size_t InitialHeapSize                          = 268435456                                 {product} {command line}
   size_t MarkStackSize                            = 4194304                                   {product} {ergonomic}
   size_t MaxHeapSize                              = 536870912                                 {product} {command line}
   size_t MaxMetaspaceSize                         = 268435456                                 {product} {command line}
   size_t MaxNewSize                               = 321912832                                 {product} {ergonomic}
   size_t MinHeapDeltaBytes                        = 1048576                                   {product} {ergonomic}
   size_t MinHeapSize                              = 268435456                                 {product} {command line}
    uintx NonNMethodCodeHeapSize                   = 5832780                                {pd product} {ergonomic}
    uintx NonProfiledCodeHeapSize                  = 122912730                              {pd product} {ergonomic}
    uintx ProfiledCodeHeapSize                     = 122912730                              {pd product} {ergonomic}
    uintx ReservedCodeCacheSize                    = 251658240                              {pd product} {ergonomic}
     bool SegmentedCodeCache                       = true                                      {product} {ergonomic}
   size_t SoftMaxHeapSize                          = 536870912                              {manageable} {ergonomic}
     bool UseCompressedClassPointers               = true                           {product lp64_product} {ergonomic}
     bool UseCompressedOops                        = true                           {product lp64_product} {ergonomic}
     bool UseG1GC                                  = true                                      {product} {ergonomic}
     bool UseLargePagesIndividualAllocation        = false                                  {pd product} {ergonomic}

Logging:
Log output configuration:
 #0: stdout all=warning uptime,level,tags
 #1: stderr all=off uptime,level,tags

Environment Variables:
PATH=C:\Windows\system32;C:\Windows;C:\Windows\System32\Wbem;C:\Windows\System32\WindowsPowerShell\v1.0\;C:\Windows\System32\OpenSSH\;C:\Program Files\dotnet\;C:\Gradle\gradle-7.6.2\bin;C:\Program Files\Java\jdk-1.8\bin;C:\Program Files\Java\jdk-11\bin;C:\Program Files\Java\jdk-17\bin;JAVA_HOME = C:\Program Files\Java\jdk-17;%JAVA_HOME%\bin;C:\Users\Admin\AppData\Local\Microsoft\WindowsApps;C:\Program Files\JetBrains\IntelliJ IDEA 2023.2.5\bin;;C:\Users\Admin\AppData\Local\GitHubDesktop\bin
USERNAME=Admin
OS=Windows_NT
PROCESSOR_IDENTIFIER=Intel64 Family 6 Model 94 Stepping 3, GenuineIntel



---------------  S Y S T E M  ---------------

OS:
 Windows 10 , 64 bit Build 19041 (10.0.19041.3636)
OS uptime: 4 days 0:18 hours

CPU: total 4 (initial active 4) (4 cores per cpu, 1 threads per core) family 6 model 94 stepping 3 microcode 0xcc, cx8, cmov, fxsr, mmx, 3dnowpref, sse, sse2, sse3, ssse3, sse4.1, sse4.2, popcnt, lzcnt, tsc, tscinvbit, avx, avx2, aes, erms, clmul, bmi1, bmi2, rtm, adx, fma, vzeroupper, clflush, clflushopt

Memory: 4k page, system-wide physical 8050M (1908M free)
TotalPageFile size 9970M (AvailPageFile size 2725M)
current process WorkingSet (physical memory assigned to process): 247M, peak: 250M
current process commit charge ("private bytes"): 420M, peak: 424M

vm_info: Java HotSpot(TM) 64-Bit Server VM (17.0.10+11-LTS-240) for windows-amd64 JRE (17.0.10+11-LTS-240), built on Dec 19 2023 21:47:25 by "mach5one" with MS VC++ 17.1 (VS2022)

END.
