#
# A fatal error has been detected by the Java Runtime Environment:
#
#  EXCEPTION_ACCESS_VIOLATION (0xc0000005) at pc=0x00007ffa27b7c37a, pid=5316, tid=5368
#
# JRE version: Java(TM) SE Runtime Environment (17.0.10+11) (build 17.0.10+11-LTS-240)
# Java VM: Java HotSpot(TM) 64-Bit Server VM (17.0.10+11-LTS-240, mixed mode, sharing, tiered, compressed oops, compressed class ptrs, g1 gc, windows-amd64)
# Problematic frame:
# V  [jvm.dll+0x1ac37a]
#
# No core dump will be written. Minidumps are not enabled by default on client versions of Windows
#
# If you would like to submit a bug report, please visit:
#   https://bugreport.java.com/bugreport/crash.jsp
#

---------------  S U M M A R Y ------------

Command Line: --add-opens=java.base/java.util=ALL-UNNAMED --add-opens=java.base/java.lang=ALL-UNNAMED --add-opens=java.base/java.lang.invoke=ALL-UNNAMED --add-opens=java.prefs/java.util.prefs=ALL-UNNAMED --add-opens=java.base/java.nio.charset=ALL-UNNAMED --add-opens=java.base/java.net=ALL-UNNAMED --add-opens=java.base/java.util.concurrent.atomic=ALL-UNNAMED -XX:MaxMetaspaceSize=256m -XX:+HeapDumpOnOutOfMemoryError -Xms256m -Xmx512m -Dfile.encoding=windows-1251 -Duser.country=RU -Duser.language=ru -Duser.variant org.gradle.launcher.daemon.bootstrap.GradleDaemon 7.6

Host: Intel(R) Core(TM) i5-6300HQ CPU @ 2.30GHz, 4 cores, 7G,  Windows 10 , 64 bit Build 19041 (10.0.19041.3636)
Time: Wed Feb  7 17:28:49 2024  Windows 10 , 64 bit Build 19041 (10.0.19041.3636) elapsed time: 4.303482 seconds (0d 0h 0m 4s)

---------------  T H R E A D  ---------------

Current thread (0x00000178ff8a3d30):  JavaThread "C2 CompilerThread1" daemon [_thread_in_native, id=5368, stack(0x00000065aa400000,0x00000065aa500000)]


Current CompileTask:
C2:   4303 2998       4       java.net.URLClassLoader$1::run (5 bytes)

Stack: [0x00000065aa400000,0x00000065aa500000],  sp=0x00000065aa4f9c18,  free space=999k
Native frames: (J=compiled Java code, j=interpreted, Vv=VM code, C=native code)
V  [jvm.dll+0x1ac37a]


siginfo: EXCEPTION_ACCESS_VIOLATION (0xc0000005), reading address 0x000000009db38c00


Registers:
RAX=0x0000000000000008, RBX=0x000001789db38b68, RCX=0x000000009db38c00, RDX=0x0000000000000000
RSP=0x00000065aa4f9c18, RBP=0x00000065aa4f9d50, RSI=0x0000000000000008, RDI=0x0000000000000000
R8 =0x000001789db38968, R9 =0x000001789db38968, R10=0xfefefefefefefeff, R11=0x8080808080808080
R12=0x0000000000000000, R13=0x000001789d867a90, R14=0x00000065aa4fa610, R15=0x0000000000000000
RIP=0x00007ffa27b7c37a, EFLAGS=0x0000000000010206


Register to memory mapping:

RIP=0x00007ffa27b7c37a jvm.dll
RAX=0x0000000000000008 is an unknown value
RBX=0x000001789db38b68 points into unknown readable memory: 0x00007ffa282a0d68 | 68 0d 2a 28 fa 7f 00 00
RCX=0x000000009db38c00 is an unknown value
RDX=0x0 is NULL
RSP=0x00000065aa4f9c18 is pointing into the stack for thread: 0x00000178ff8a3d30
RBP=0x00000065aa4f9d50 is pointing into the stack for thread: 0x00000178ff8a3d30
RSI=0x0000000000000008 is an unknown value
RDI=0x0 is NULL
R8 =0x000001789db38968 points into unknown readable memory: 0x0000000000000000 | 00 00 00 00 00 00 00 00
R9 =0x000001789db38968 points into unknown readable memory: 0x0000000000000000 | 00 00 00 00 00 00 00 00
R10=0xfefefefefefefeff is an unknown value
R11=0x8080808080808080 is an unknown value
R12=0x0 is NULL
R13=0x000001789d867a90 points into unknown readable memory: 0x00000178fd016720 | 20 67 01 fd 78 01 00 00
R14=0x00000065aa4fa610 is pointing into the stack for thread: 0x00000178ff8a3d30
R15=0x0 is NULL


Top of Stack: (sp=0x00000065aa4f9c18)
0x00000065aa4f9c18:   00007ffa28016847 000001789db38910
0x00000065aa4f9c28:   00000065aa4f9d50 0000000000000008
0x00000065aa4f9c38:   00007ffa8838ead2 0000000000000000
0x00000065aa4f9c48:   00007ffa27f3e8ea 000001789db390f8
0x00000065aa4f9c58:   00000178feb37868 00000178feb37868
0x00000065aa4f9c68:   000001789d8679f0 0000000000000000
0x00000065aa4f9c78:   00007ffa27f3e84f 000001789d867c10
0x00000065aa4f9c88:   000001789d7f59c8 000001789d7f59c8
0x00000065aa4f9c98:   0000000000000000 0000000000000000
0x00000065aa4f9ca8:   00007ffa27f3e819 000001789d867d50
0x00000065aa4f9cb8:   00000065aa4f9db0 000001789d797af0
0x00000065aa4f9cc8:   0000000000000000 0000000000000000
0x00000065aa4f9cd8:   00007ffa27f3e84f 000001789d867b70
0x00000065aa4f9ce8:   000001789decdc38 000001789decdc38
0x00000065aa4f9cf8:   000001789dba2798 0000000000000000
0x00000065aa4f9d08:   00007ffa27f3f041 00000178feb37868 

Instructions: (pc=0x00007ffa27b7c37a)
0x00007ffa27b7c27a:   c1 75 18 48 85 d2 0f 84 de 00 00 00 48 8b 5c 24
0x00007ffa27b7c28a:   38 48 83 c4 20 5f e9 cb 8a 4a 00 4c 8b 51 08 48
0x00007ffa27b7c29a:   89 74 24 30 4a 8d 34 cd 00 00 00 00 4e 8b 1c 16
0x00007ffa27b7c2aa:   4c 3b db 0f 84 ac 00 00 00 48 85 db 0f 84 98 00
0x00007ffa27b7c2ba:   00 00 41 8b c9 45 3b c8 73 1e 8b c1 49 8b 14 c2
0x00007ffa27b7c2ca:   48 3b d3 74 0e 48 85 d2 74 0e ff c1 41 3b c8 72
0x00007ffa27b7c2da:   e9 eb 05 83 f9 ff 75 72 4d 85 db 74 30 49 8b 4b
0x00007ffa27b7c2ea:   10 48 85 c9 74 27 41 8b 43 20 48 8d 14 c1 0f 1f
0x00007ffa27b7c2fa:   84 00 00 00 00 00 48 39 7a f8 48 8d 52 f8 75 f6
0x00007ffa27b7c30a:   ff c8 41 89 43 20 48 8b 0c c1 48 89 0a 48 8b 47
0x00007ffa27b7c31a:   08 48 89 1c 06 48 83 7b 10 00 74 39 8b 53 20 3b
0x00007ffa27b7c32a:   53 24 75 08 48 8b cb e8 5a b1 4a 00 8b 4b 20 48
0x00007ffa27b7c33a:   8b 43 10 48 8b 74 24 30 48 89 3c c8 ff 43 20 48
0x00007ffa27b7c34a:   8b 5c 24 38 48 83 c4 20 5f c3 41 8b d1 48 8b cf
0x00007ffa27b7c35a:   e8 c1 b7 4a 00 48 8b 74 24 30 48 8b 5c 24 38 48
0x00007ffa27b7c36a:   83 c4 20 5f c3 cc 40 53 48 83 ec 20 48 8b d9 48
0x00007ffa27b7c37a:   8b 49 78 48 85 c9 74 27 48 8d 15 4f 62 72 00 e8
0x00007ffa27b7c38a:   5a a4 68 00 85 c0 75 17 48 8b 43 08 48 8b 48 28
0x00007ffa27b7c39a:   48 8b 01 ff 50 28 8b 40 18 48 83 c4 20 5b c3 33
0x00007ffa27b7c3aa:   c0 48 83 c4 20 5b c3 cc cc cc cc cc cc cc cc cc
0x00007ffa27b7c3ba:   cc cc cc cc cc cc 48 8b c4 48 89 58 08 48 89 68
0x00007ffa27b7c3ca:   10 48 89 70 18 57 41 56 41 57 48 83 ec 70 0f 10
0x00007ffa27b7c3da:   02 48 8b fa 49 8b d9 0f 10 4a 10 49 8b e8 48 8b
0x00007ffa27b7c3ea:   f1 0f 29 40 a8 0f 10 42 20 0f 29 48 b8 f2 0f 10
0x00007ffa27b7c3fa:   4a 30 48 8d 50 a8 0f 29 40 c8 f2 0f 11 48 d8 e8
0x00007ffa27b7c40a:   c2 db 18 00 4c 8b 37 48 8d 05 18 63 72 00 48 8b
0x00007ffa27b7c41a:   7f 08 45 33 ff 48 83 c7 07 48 89 06 45 33 c0 48
0x00007ffa27b7c42a:   89 9e f0 00 00 00 b9 98 00 00 00 4c 89 be 00 01
0x00007ffa27b7c43a:   00 00 41 8d 57 05 4c 89 be 08 01 00 00 4c 89 be
0x00007ffa27b7c44a:   10 01 00 00 4c 89 be 18 01 00 00 48 c1 ef 03 e8
0x00007ffa27b7c45a:   72 8c ef ff 48 8d 5d 07 48 c1 eb 03 48 85 c0 74
0x00007ffa27b7c46a:   1c 4c 8b c3 4c 89 74 24 20 48 8d 54 24 20 48 89 


Stack slot to memory mapping:
stack at sp + 0 slots: 0x00007ffa28016847 jvm.dll
stack at sp + 1 slots: 0x000001789db38910 points into unknown readable memory: 0x00007ffa2828c500 | 00 c5 28 28 fa 7f 00 00
stack at sp + 2 slots: 0x00000065aa4f9d50 is pointing into the stack for thread: 0x00000178ff8a3d30
stack at sp + 3 slots: 0x0000000000000008 is an unknown value
stack at sp + 4 slots: 0x00007ffa8838ead2 ntdll.dll
stack at sp + 5 slots: 0x0 is NULL
stack at sp + 6 slots: 0x00007ffa27f3e8ea jvm.dll
stack at sp + 7 slots: 0x000001789db390f8 points into unknown readable memory: 0x00007ffa2828c430 | 30 c4 28 28 fa 7f 00 00


---------------  P R O C E S S  ---------------

Threads class SMR info:
_java_thread_list=0x000001789e191280, length=34, elements={
0x00000178ebcd4980, 0x00000178f8c16fa0, 0x00000178f8c17d30, 0x00000178f8c31130,
0x00000178f8c31c00, 0x00000178f8c344e0, 0x00000178f8c34db0, 0x00000178f8c35a60,
0x00000178f8ca3e80, 0x00000178f8ca7f60, 0x00000178fd0c8450, 0x00000178fd0ccb60,
0x00000178feaf8820, 0x00000178ff57c8c0, 0x00000178feebfc00, 0x00000178fdfaed50,
0x00000178febc5ab0, 0x00000178fdffd7a0, 0x00000178fdffdcb0, 0x00000178fdffc360,
0x00000178fdffd290, 0x00000178fdffcd80, 0x00000178fdffb940, 0x00000178fdffc870,
0x00000178fdffe1c0, 0x00000178fdffe6d0, 0x00000178fdfff0f0, 0x00000178fdffebe0,
0x000001789d4a73b0, 0x000001789d4a87f0, 0x000001789d4a6990, 0x000001789d4a7dd0,
0x000001789d4aa140, 0x00000178ff8a3d30
}

Java Threads: ( => current thread )
  0x00000178ebcd4980 JavaThread "main" [_thread_blocked, id=16916, stack(0x00000065a9100000,0x00000065a9200000)]
  0x00000178f8c16fa0 JavaThread "Reference Handler" daemon [_thread_blocked, id=13356, stack(0x00000065a9800000,0x00000065a9900000)]
  0x00000178f8c17d30 JavaThread "Finalizer" daemon [_thread_blocked, id=12184, stack(0x00000065a9900000,0x00000065a9a00000)]
  0x00000178f8c31130 JavaThread "Signal Dispatcher" daemon [_thread_blocked, id=15652, stack(0x00000065a9a00000,0x00000065a9b00000)]
  0x00000178f8c31c00 JavaThread "Attach Listener" daemon [_thread_blocked, id=5348, stack(0x00000065a9b00000,0x00000065a9c00000)]
  0x00000178f8c344e0 JavaThread "Service Thread" daemon [_thread_blocked, id=13432, stack(0x00000065a9c00000,0x00000065a9d00000)]
  0x00000178f8c34db0 JavaThread "Monitor Deflation Thread" daemon [_thread_blocked, id=11876, stack(0x00000065a9d00000,0x00000065a9e00000)]
  0x00000178f8c35a60 JavaThread "C2 CompilerThread0" daemon [_thread_in_native, id=3100, stack(0x00000065a9e00000,0x00000065a9f00000)]
  0x00000178f8ca3e80 JavaThread "C1 CompilerThread0" daemon [_thread_blocked, id=14360, stack(0x00000065a9f00000,0x00000065aa000000)]
  0x00000178f8ca7f60 JavaThread "Sweeper thread" daemon [_thread_blocked, id=4016, stack(0x00000065aa000000,0x00000065aa100000)]
  0x00000178fd0c8450 JavaThread "Common-Cleaner" daemon [_thread_blocked, id=7312, stack(0x00000065aa100000,0x00000065aa200000)]
  0x00000178fd0ccb60 JavaThread "Notification Thread" daemon [_thread_blocked, id=16544, stack(0x00000065aa200000,0x00000065aa300000)]
  0x00000178feaf8820 JavaThread "Daemon health stats" [_thread_blocked, id=10868, stack(0x00000065aa800000,0x00000065aa900000)]
  0x00000178ff57c8c0 JavaThread "Incoming local TCP Connector on port 57200" [_thread_in_native, id=14180, stack(0x00000065aa900000,0x00000065aaa00000)]
  0x00000178feebfc00 JavaThread "Daemon periodic checks" [_thread_blocked, id=2536, stack(0x00000065aaa00000,0x00000065aab00000)]
  0x00000178fdfaed50 JavaThread "Daemon" [_thread_blocked, id=7800, stack(0x00000065aab00000,0x00000065aac00000)]
  0x00000178febc5ab0 JavaThread "Handler for socket connection from /127.0.0.1:57200 to /127.0.0.1:57201" [_thread_in_native, id=4272, stack(0x00000065aac00000,0x00000065aad00000)]
  0x00000178fdffd7a0 JavaThread "Cancel handler" [_thread_blocked, id=15548, stack(0x00000065aad00000,0x00000065aae00000)]
  0x00000178fdffdcb0 JavaThread "Daemon worker" [_thread_in_vm, id=1008, stack(0x00000065aae00000,0x00000065aaf00000)]
  0x00000178fdffc360 JavaThread "Asynchronous log dispatcher for DefaultDaemonConnection: socket connection from /127.0.0.1:57200 to /127.0.0.1:57201" [_thread_blocked, id=7920, stack(0x00000065aaf00000,0x00000065ab000000)]
  0x00000178fdffd290 JavaThread "Stdin handler" [_thread_blocked, id=4560, stack(0x00000065ab000000,0x00000065ab100000)]
  0x00000178fdffcd80 JavaThread "Daemon client event forwarder" [_thread_blocked, id=12020, stack(0x00000065ab100000,0x00000065ab200000)]
  0x00000178fdffb940 JavaThread "Cache worker for journal cache (C:\Users\Admin\.gradle\caches\journal-1)" [_thread_blocked, id=16308, stack(0x00000065ab200000,0x00000065ab300000)]
  0x00000178fdffc870 JavaThread "File lock request listener" [_thread_in_native, id=13164, stack(0x00000065ab300000,0x00000065ab400000)]
  0x00000178fdffe1c0 JavaThread "Cache worker for file hash cache (C:\Users\Admin\.gradle\caches\7.6\fileHashes)" [_thread_blocked, id=10852, stack(0x00000065ab400000,0x00000065ab500000)]
  0x00000178fdffe6d0 JavaThread "File watcher server" daemon [_thread_in_native, id=13452, stack(0x00000065ab500000,0x00000065ab600000)]
  0x00000178fdfff0f0 JavaThread "File watcher consumer" daemon [_thread_blocked, id=12164, stack(0x00000065ab600000,0x00000065ab700000)]
  0x00000178fdffebe0 JavaThread "Cache worker for checksums cache (C:\Users\Admin\Downloads\demo\Cinema Room REST Service with Java\.gradle\7.6\checksums)" [_thread_blocked, id=8664, stack(0x00000065ab700000,0x00000065ab800000)]
  0x000001789d4a73b0 JavaThread "Cache worker for cache directory md-rule (C:\Users\Admin\.gradle\caches\7.6\md-rule)" [_thread_blocked, id=7016, stack(0x00000065ab800000,0x00000065ab900000)]
  0x000001789d4a87f0 JavaThread "Cache worker for file content cache (C:\Users\Admin\.gradle\caches\7.6\fileContent)" [_thread_blocked, id=116, stack(0x00000065ab900000,0x00000065aba00000)]
  0x000001789d4a6990 JavaThread "Cache worker for file hash cache (C:\Users\Admin\Downloads\demo\Cinema Room REST Service with Java\.gradle\7.6\fileHashes)" [_thread_blocked, id=13504, stack(0x00000065aba00000,0x00000065abb00000)]
  0x000001789d4a7dd0 JavaThread "Cache worker for cache directory md-supplier (C:\Users\Admin\.gradle\caches\7.6\md-supplier)" [_thread_blocked, id=1516, stack(0x00000065abb00000,0x00000065abc00000)]
  0x000001789d4aa140 JavaThread "Cache worker for execution history cache (C:\Users\Admin\.gradle\caches\7.6\executionHistory)" [_thread_blocked, id=13412, stack(0x00000065abc00000,0x00000065abd00000)]
=>0x00000178ff8a3d30 JavaThread "C2 CompilerThread1" daemon [_thread_in_native, id=5368, stack(0x00000065aa400000,0x00000065aa500000)]

Other Threads:
  0x00000178f8c108e0 VMThread "VM Thread" [stack: 0x00000065a9700000,0x00000065a9800000] [id=636]
  0x00000178fd0d3060 WatcherThread [stack: 0x00000065aa300000,0x00000065aa400000] [id=10212]
  0x00000178ebd03ce0 GCTaskThread "GC Thread#0" [stack: 0x00000065a9200000,0x00000065a9300000] [id=236]
  0x00000178fd37c160 GCTaskThread "GC Thread#1" [stack: 0x00000065aa500000,0x00000065aa600000] [id=16624]
  0x00000178fd53a9a0 GCTaskThread "GC Thread#2" [stack: 0x00000065aa600000,0x00000065aa700000] [id=15768]
  0x00000178fd6c4bf0 GCTaskThread "GC Thread#3" [stack: 0x00000065aa700000,0x00000065aa800000] [id=12072]
  0x00000178ebd09b50 ConcurrentGCThread "G1 Main Marker" [stack: 0x00000065a9300000,0x00000065a9400000] [id=8556]
  0x00000178ebd0a470 ConcurrentGCThread "G1 Conc#0" [stack: 0x00000065a9400000,0x00000065a9500000] [id=3668]
  0x00000178f8ad64c0 ConcurrentGCThread "G1 Refine#0" [stack: 0x00000065a9500000,0x00000065a9600000] [id=4776]
  0x00000178f8ad7bb0 ConcurrentGCThread "G1 Service" [stack: 0x00000065a9600000,0x00000065a9700000] [id=15036]

Threads with active compile tasks:
C2 CompilerThread0     4398 2999   !   4       java.net.URLClassLoader$1::run (81 bytes)
C2 CompilerThread1     4398 2998       4       java.net.URLClassLoader$1::run (5 bytes)

VM state: not at safepoint (normal execution)

VM Mutex/Monitor currently owned by a thread: None

Heap address: 0x00000000e0000000, size: 512 MB, Compressed Oops mode: 32-bit

CDS archive(s) mapped at: [0x000001788f000000-0x000001788fbd0000-0x000001788fbd0000), size 12386304, SharedBaseAddress: 0x000001788f000000, ArchiveRelocationMode: 1.
Compressed class space mapped at: 0x0000017890000000-0x000001789d000000, reserved size: 218103808
Narrow klass base: 0x000001788f000000, Narrow klass shift: 0, Narrow klass range: 0x100000000

GC Precious Log:
 CPUs: 4 total, 4 available
 Memory: 8050M
 Large Page Support: Disabled
 NUMA Support: Disabled
 Compressed Oops: Enabled (32-bit)
 Heap Region Size: 1M
 Heap Min Capacity: 256M
 Heap Initial Capacity: 256M
 Heap Max Capacity: 512M
 Pre-touch: Disabled
 Parallel Workers: 4
 Concurrent Workers: 1
 Concurrent Refinement Workers: 4
 Periodic GC: Disabled

Heap:
 garbage-first heap   total 262144K, used 67195K [0x00000000e0000000, 0x0000000100000000)
  region size 1024K, 59 young (60416K), 12 survivors (12288K)
 Metaspace       used 27234K, committed 27520K, reserved 278528K
  class space    used 4028K, committed 4160K, reserved 212992K

Heap Regions: E=young(eden), S=young(survivor), O=old, HS=humongous(starts), HC=humongous(continues), CS=collection set, F=free, OA=open archive, CA=closed archive, TAMS=top-at-mark-start (previous, next)
|   0|0x00000000e0000000, 0x00000000e0100000, 0x00000000e0100000|100%| O|  |TAMS 0x00000000e0100000, 0x00000000e0000000| Untracked 
|   1|0x00000000e0100000, 0x00000000e0200000, 0x00000000e0200000|100%| O|  |TAMS 0x00000000e0200000, 0x00000000e0100000| Untracked 
|   2|0x00000000e0200000, 0x00000000e0300000, 0x00000000e0300000|100%|HS|  |TAMS 0x00000000e0300000, 0x00000000e0200000| Complete 
|   3|0x00000000e0300000, 0x00000000e0400000, 0x00000000e0400000|100%|HC|  |TAMS 0x00000000e0400000, 0x00000000e0300000| Complete 
|   4|0x00000000e0400000, 0x00000000e0500000, 0x00000000e0500000|100%|HC|  |TAMS 0x00000000e0500000, 0x00000000e0400000| Complete 
|   5|0x00000000e0500000, 0x00000000e0600000, 0x00000000e0600000|100%| O|  |TAMS 0x00000000e0600000, 0x00000000e0500000| Untracked 
|   6|0x00000000e0600000, 0x00000000e0700000, 0x00000000e0700000|100%| O|  |TAMS 0x00000000e0700000, 0x00000000e0600000| Untracked 
|   7|0x00000000e0700000, 0x00000000e0700000, 0x00000000e0800000|  0%| F|  |TAMS 0x00000000e0700000, 0x00000000e0700000| Untracked 
|   8|0x00000000e0800000, 0x00000000e0900000, 0x00000000e0900000|100%| O|  |TAMS 0x00000000e0900000, 0x00000000e0800000| Untracked 
|   9|0x00000000e0900000, 0x00000000e0a00000, 0x00000000e0a00000|100%| O|  |TAMS 0x00000000e0a00000, 0x00000000e0900000| Untracked 
|  10|0x00000000e0a00000, 0x00000000e0a2e400, 0x00000000e0b00000| 18%| O|  |TAMS 0x00000000e0a2e400, 0x00000000e0a00000| Untracked 
|  11|0x00000000e0b00000, 0x00000000e0b00000, 0x00000000e0c00000|  0%| F|  |TAMS 0x00000000e0b00000, 0x00000000e0b00000| Untracked 
|  12|0x00000000e0c00000, 0x00000000e0c00000, 0x00000000e0d00000|  0%| F|  |TAMS 0x00000000e0c00000, 0x00000000e0c00000| Untracked 
|  13|0x00000000e0d00000, 0x00000000e0d00000, 0x00000000e0e00000|  0%| F|  |TAMS 0x00000000e0d00000, 0x00000000e0d00000| Untracked 
|  14|0x00000000e0e00000, 0x00000000e0e00000, 0x00000000e0f00000|  0%| F|  |TAMS 0x00000000e0e00000, 0x00000000e0e00000| Untracked 
|  15|0x00000000e0f00000, 0x00000000e0f00000, 0x00000000e1000000|  0%| F|  |TAMS 0x00000000e0f00000, 0x00000000e0f00000| Untracked 
|  16|0x00000000e1000000, 0x00000000e1000000, 0x00000000e1100000|  0%| F|  |TAMS 0x00000000e1000000, 0x00000000e1000000| Untracked 
|  17|0x00000000e1100000, 0x00000000e1100000, 0x00000000e1200000|  0%| F|  |TAMS 0x00000000e1100000, 0x00000000e1100000| Untracked 
|  18|0x00000000e1200000, 0x00000000e1200000, 0x00000000e1300000|  0%| F|  |TAMS 0x00000000e1200000, 0x00000000e1200000| Untracked 
|  19|0x00000000e1300000, 0x00000000e1300000, 0x00000000e1400000|  0%| F|  |TAMS 0x00000000e1300000, 0x00000000e1300000| Untracked 
|  20|0x00000000e1400000, 0x00000000e1400000, 0x00000000e1500000|  0%| F|  |TAMS 0x00000000e1400000, 0x00000000e1400000| Untracked 
|  21|0x00000000e1500000, 0x00000000e1500000, 0x00000000e1600000|  0%| F|  |TAMS 0x00000000e1500000, 0x00000000e1500000| Untracked 
|  22|0x00000000e1600000, 0x00000000e1600000, 0x00000000e1700000|  0%| F|  |TAMS 0x00000000e1600000, 0x00000000e1600000| Untracked 
|  23|0x00000000e1700000, 0x00000000e1700000, 0x00000000e1800000|  0%| F|  |TAMS 0x00000000e1700000, 0x00000000e1700000| Untracked 
|  24|0x00000000e1800000, 0x00000000e1800000, 0x00000000e1900000|  0%| F|  |TAMS 0x00000000e1800000, 0x00000000e1800000| Untracked 
|  25|0x00000000e1900000, 0x00000000e1900000, 0x00000000e1a00000|  0%| F|  |TAMS 0x00000000e1900000, 0x00000000e1900000| Untracked 
|  26|0x00000000e1a00000, 0x00000000e1a00000, 0x00000000e1b00000|  0%| F|  |TAMS 0x00000000e1a00000, 0x00000000e1a00000| Untracked 
|  27|0x00000000e1b00000, 0x00000000e1b00000, 0x00000000e1c00000|  0%| F|  |TAMS 0x00000000e1b00000, 0x00000000e1b00000| Untracked 
|  28|0x00000000e1c00000, 0x00000000e1c00000, 0x00000000e1d00000|  0%| F|  |TAMS 0x00000000e1c00000, 0x00000000e1c00000| Untracked 
|  29|0x00000000e1d00000, 0x00000000e1d00000, 0x00000000e1e00000|  0%| F|  |TAMS 0x00000000e1d00000, 0x00000000e1d00000| Untracked 
|  30|0x00000000e1e00000, 0x00000000e1e00000, 0x00000000e1f00000|  0%| F|  |TAMS 0x00000000e1e00000, 0x00000000e1e00000| Untracked 
|  31|0x00000000e1f00000, 0x00000000e1f00000, 0x00000000e2000000|  0%| F|  |TAMS 0x00000000e1f00000, 0x00000000e1f00000| Untracked 
|  32|0x00000000e2000000, 0x00000000e2000000, 0x00000000e2100000|  0%| F|  |TAMS 0x00000000e2000000, 0x00000000e2000000| Untracked 
|  33|0x00000000e2100000, 0x00000000e2100000, 0x00000000e2200000|  0%| F|  |TAMS 0x00000000e2100000, 0x00000000e2100000| Untracked 
|  34|0x00000000e2200000, 0x00000000e2200000, 0x00000000e2300000|  0%| F|  |TAMS 0x00000000e2200000, 0x00000000e2200000| Untracked 
|  35|0x00000000e2300000, 0x00000000e2300000, 0x00000000e2400000|  0%| F|  |TAMS 0x00000000e2300000, 0x00000000e2300000| Untracked 
|  36|0x00000000e2400000, 0x00000000e2400000, 0x00000000e2500000|  0%| F|  |TAMS 0x00000000e2400000, 0x00000000e2400000| Untracked 
|  37|0x00000000e2500000, 0x00000000e2500000, 0x00000000e2600000|  0%| F|  |TAMS 0x00000000e2500000, 0x00000000e2500000| Untracked 
|  38|0x00000000e2600000, 0x00000000e2600000, 0x00000000e2700000|  0%| F|  |TAMS 0x00000000e2600000, 0x00000000e2600000| Untracked 
|  39|0x00000000e2700000, 0x00000000e2700000, 0x00000000e2800000|  0%| F|  |TAMS 0x00000000e2700000, 0x00000000e2700000| Untracked 
|  40|0x00000000e2800000, 0x00000000e2800000, 0x00000000e2900000|  0%| F|  |TAMS 0x00000000e2800000, 0x00000000e2800000| Untracked 
|  41|0x00000000e2900000, 0x00000000e2900000, 0x00000000e2a00000|  0%| F|  |TAMS 0x00000000e2900000, 0x00000000e2900000| Untracked 
|  42|0x00000000e2a00000, 0x00000000e2a00000, 0x00000000e2b00000|  0%| F|  |TAMS 0x00000000e2a00000, 0x00000000e2a00000| Untracked 
|  43|0x00000000e2b00000, 0x00000000e2b00000, 0x00000000e2c00000|  0%| F|  |TAMS 0x00000000e2b00000, 0x00000000e2b00000| Untracked 
|  44|0x00000000e2c00000, 0x00000000e2c00000, 0x00000000e2d00000|  0%| F|  |TAMS 0x00000000e2c00000, 0x00000000e2c00000| Untracked 
|  45|0x00000000e2d00000, 0x00000000e2d00000, 0x00000000e2e00000|  0%| F|  |TAMS 0x00000000e2d00000, 0x00000000e2d00000| Untracked 
|  46|0x00000000e2e00000, 0x00000000e2e00000, 0x00000000e2f00000|  0%| F|  |TAMS 0x00000000e2e00000, 0x00000000e2e00000| Untracked 
|  47|0x00000000e2f00000, 0x00000000e2f00000, 0x00000000e3000000|  0%| F|  |TAMS 0x00000000e2f00000, 0x00000000e2f00000| Untracked 
|  48|0x00000000e3000000, 0x00000000e3000000, 0x00000000e3100000|  0%| F|  |TAMS 0x00000000e3000000, 0x00000000e3000000| Untracked 
|  49|0x00000000e3100000, 0x00000000e3100000, 0x00000000e3200000|  0%| F|  |TAMS 0x00000000e3100000, 0x00000000e3100000| Untracked 
|  50|0x00000000e3200000, 0x00000000e3200000, 0x00000000e3300000|  0%| F|  |TAMS 0x00000000e3200000, 0x00000000e3200000| Untracked 
|  51|0x00000000e3300000, 0x00000000e3300000, 0x00000000e3400000|  0%| F|  |TAMS 0x00000000e3300000, 0x00000000e3300000| Untracked 
|  52|0x00000000e3400000, 0x00000000e3400000, 0x00000000e3500000|  0%| F|  |TAMS 0x00000000e3400000, 0x00000000e3400000| Untracked 
|  53|0x00000000e3500000, 0x00000000e3500000, 0x00000000e3600000|  0%| F|  |TAMS 0x00000000e3500000, 0x00000000e3500000| Untracked 
|  54|0x00000000e3600000, 0x00000000e3600000, 0x00000000e3700000|  0%| F|  |TAMS 0x00000000e3600000, 0x00000000e3600000| Untracked 
|  55|0x00000000e3700000, 0x00000000e3700000, 0x00000000e3800000|  0%| F|  |TAMS 0x00000000e3700000, 0x00000000e3700000| Untracked 
|  56|0x00000000e3800000, 0x00000000e3800000, 0x00000000e3900000|  0%| F|  |TAMS 0x00000000e3800000, 0x00000000e3800000| Untracked 
|  57|0x00000000e3900000, 0x00000000e3900000, 0x00000000e3a00000|  0%| F|  |TAMS 0x00000000e3900000, 0x00000000e3900000| Untracked 
|  58|0x00000000e3a00000, 0x00000000e3a00000, 0x00000000e3b00000|  0%| F|  |TAMS 0x00000000e3a00000, 0x00000000e3a00000| Untracked 
|  59|0x00000000e3b00000, 0x00000000e3b00000, 0x00000000e3c00000|  0%| F|  |TAMS 0x00000000e3b00000, 0x00000000e3b00000| Untracked 
|  60|0x00000000e3c00000, 0x00000000e3c00000, 0x00000000e3d00000|  0%| F|  |TAMS 0x00000000e3c00000, 0x00000000e3c00000| Untracked 
|  61|0x00000000e3d00000, 0x00000000e3d00000, 0x00000000e3e00000|  0%| F|  |TAMS 0x00000000e3d00000, 0x00000000e3d00000| Untracked 
|  62|0x00000000e3e00000, 0x00000000e3e00000, 0x00000000e3f00000|  0%| F|  |TAMS 0x00000000e3e00000, 0x00000000e3e00000| Untracked 
|  63|0x00000000e3f00000, 0x00000000e3f00000, 0x00000000e4000000|  0%| F|  |TAMS 0x00000000e3f00000, 0x00000000e3f00000| Untracked 
|  64|0x00000000e4000000, 0x00000000e4000000, 0x00000000e4100000|  0%| F|  |TAMS 0x00000000e4000000, 0x00000000e4000000| Untracked 
|  65|0x00000000e4100000, 0x00000000e4100000, 0x00000000e4200000|  0%| F|  |TAMS 0x00000000e4100000, 0x00000000e4100000| Untracked 
|  66|0x00000000e4200000, 0x00000000e4200000, 0x00000000e4300000|  0%| F|  |TAMS 0x00000000e4200000, 0x00000000e4200000| Untracked 
|  67|0x00000000e4300000, 0x00000000e4300000, 0x00000000e4400000|  0%| F|  |TAMS 0x00000000e4300000, 0x00000000e4300000| Untracked 
|  68|0x00000000e4400000, 0x00000000e4400000, 0x00000000e4500000|  0%| F|  |TAMS 0x00000000e4400000, 0x00000000e4400000| Untracked 
|  69|0x00000000e4500000, 0x00000000e4500000, 0x00000000e4600000|  0%| F|  |TAMS 0x00000000e4500000, 0x00000000e4500000| Untracked 
|  70|0x00000000e4600000, 0x00000000e4600000, 0x00000000e4700000|  0%| F|  |TAMS 0x00000000e4600000, 0x00000000e4600000| Untracked 
|  71|0x00000000e4700000, 0x00000000e4700000, 0x00000000e4800000|  0%| F|  |TAMS 0x00000000e4700000, 0x00000000e4700000| Untracked 
|  72|0x00000000e4800000, 0x00000000e4800000, 0x00000000e4900000|  0%| F|  |TAMS 0x00000000e4800000, 0x00000000e4800000| Untracked 
|  73|0x00000000e4900000, 0x00000000e4900000, 0x00000000e4a00000|  0%| F|  |TAMS 0x00000000e4900000, 0x00000000e4900000| Untracked 
|  74|0x00000000e4a00000, 0x00000000e4a00000, 0x00000000e4b00000|  0%| F|  |TAMS 0x00000000e4a00000, 0x00000000e4a00000| Untracked 
|  75|0x00000000e4b00000, 0x00000000e4b00000, 0x00000000e4c00000|  0%| F|  |TAMS 0x00000000e4b00000, 0x00000000e4b00000| Untracked 
|  76|0x00000000e4c00000, 0x00000000e4c00000, 0x00000000e4d00000|  0%| F|  |TAMS 0x00000000e4c00000, 0x00000000e4c00000| Untracked 
|  77|0x00000000e4d00000, 0x00000000e4d00000, 0x00000000e4e00000|  0%| F|  |TAMS 0x00000000e4d00000, 0x00000000e4d00000| Untracked 
|  78|0x00000000e4e00000, 0x00000000e4e00000, 0x00000000e4f00000|  0%| F|  |TAMS 0x00000000e4e00000, 0x00000000e4e00000| Untracked 
|  79|0x00000000e4f00000, 0x00000000e4f00000, 0x00000000e5000000|  0%| F|  |TAMS 0x00000000e4f00000, 0x00000000e4f00000| Untracked 
|  80|0x00000000e5000000, 0x00000000e5000000, 0x00000000e5100000|  0%| F|  |TAMS 0x00000000e5000000, 0x00000000e5000000| Untracked 
|  81|0x00000000e5100000, 0x00000000e5100000, 0x00000000e5200000|  0%| F|  |TAMS 0x00000000e5100000, 0x00000000e5100000| Untracked 
|  82|0x00000000e5200000, 0x00000000e5200000, 0x00000000e5300000|  0%| F|  |TAMS 0x00000000e5200000, 0x00000000e5200000| Untracked 
|  83|0x00000000e5300000, 0x00000000e5300000, 0x00000000e5400000|  0%| F|  |TAMS 0x00000000e5300000, 0x00000000e5300000| Untracked 
|  84|0x00000000e5400000, 0x00000000e5400000, 0x00000000e5500000|  0%| F|  |TAMS 0x00000000e5400000, 0x00000000e5400000| Untracked 
|  85|0x00000000e5500000, 0x00000000e5500000, 0x00000000e5600000|  0%| F|  |TAMS 0x00000000e5500000, 0x00000000e5500000| Untracked 
|  86|0x00000000e5600000, 0x00000000e5600000, 0x00000000e5700000|  0%| F|  |TAMS 0x00000000e5600000, 0x00000000e5600000| Untracked 
|  87|0x00000000e5700000, 0x00000000e5700000, 0x00000000e5800000|  0%| F|  |TAMS 0x00000000e5700000, 0x00000000e5700000| Untracked 
|  88|0x00000000e5800000, 0x00000000e5800000, 0x00000000e5900000|  0%| F|  |TAMS 0x00000000e5800000, 0x00000000e5800000| Untracked 
|  89|0x00000000e5900000, 0x00000000e5900000, 0x00000000e5a00000|  0%| F|  |TAMS 0x00000000e5900000, 0x00000000e5900000| Untracked 
|  90|0x00000000e5a00000, 0x00000000e5a00000, 0x00000000e5b00000|  0%| F|  |TAMS 0x00000000e5a00000, 0x00000000e5a00000| Untracked 
|  91|0x00000000e5b00000, 0x00000000e5b00000, 0x00000000e5c00000|  0%| F|  |TAMS 0x00000000e5b00000, 0x00000000e5b00000| Untracked 
|  92|0x00000000e5c00000, 0x00000000e5c00000, 0x00000000e5d00000|  0%| F|  |TAMS 0x00000000e5c00000, 0x00000000e5c00000| Untracked 
|  93|0x00000000e5d00000, 0x00000000e5d00000, 0x00000000e5e00000|  0%| F|  |TAMS 0x00000000e5d00000, 0x00000000e5d00000| Untracked 
|  94|0x00000000e5e00000, 0x00000000e5e00000, 0x00000000e5f00000|  0%| F|  |TAMS 0x00000000e5e00000, 0x00000000e5e00000| Untracked 
|  95|0x00000000e5f00000, 0x00000000e5f00000, 0x00000000e6000000|  0%| F|  |TAMS 0x00000000e5f00000, 0x00000000e5f00000| Untracked 
|  96|0x00000000e6000000, 0x00000000e6000000, 0x00000000e6100000|  0%| F|  |TAMS 0x00000000e6000000, 0x00000000e6000000| Untracked 
|  97|0x00000000e6100000, 0x00000000e6100000, 0x00000000e6200000|  0%| F|  |TAMS 0x00000000e6100000, 0x00000000e6100000| Untracked 
|  98|0x00000000e6200000, 0x00000000e6200000, 0x00000000e6300000|  0%| F|  |TAMS 0x00000000e6200000, 0x00000000e6200000| Untracked 
|  99|0x00000000e6300000, 0x00000000e6300000, 0x00000000e6400000|  0%| F|  |TAMS 0x00000000e6300000, 0x00000000e6300000| Untracked 
| 100|0x00000000e6400000, 0x00000000e6400000, 0x00000000e6500000|  0%| F|  |TAMS 0x00000000e6400000, 0x00000000e6400000| Untracked 
| 101|0x00000000e6500000, 0x00000000e6500000, 0x00000000e6600000|  0%| F|  |TAMS 0x00000000e6500000, 0x00000000e6500000| Untracked 
| 102|0x00000000e6600000, 0x00000000e6600000, 0x00000000e6700000|  0%| F|  |TAMS 0x00000000e6600000, 0x00000000e6600000| Untracked 
| 103|0x00000000e6700000, 0x00000000e6700000, 0x00000000e6800000|  0%| F|  |TAMS 0x00000000e6700000, 0x00000000e6700000| Untracked 
| 104|0x00000000e6800000, 0x00000000e6800000, 0x00000000e6900000|  0%| F|  |TAMS 0x00000000e6800000, 0x00000000e6800000| Untracked 
| 105|0x00000000e6900000, 0x00000000e6900000, 0x00000000e6a00000|  0%| F|  |TAMS 0x00000000e6900000, 0x00000000e6900000| Untracked 
| 106|0x00000000e6a00000, 0x00000000e6a00000, 0x00000000e6b00000|  0%| F|  |TAMS 0x00000000e6a00000, 0x00000000e6a00000| Untracked 
| 107|0x00000000e6b00000, 0x00000000e6b00000, 0x00000000e6c00000|  0%| F|  |TAMS 0x00000000e6b00000, 0x00000000e6b00000| Untracked 
| 108|0x00000000e6c00000, 0x00000000e6c00000, 0x00000000e6d00000|  0%| F|  |TAMS 0x00000000e6c00000, 0x00000000e6c00000| Untracked 
| 109|0x00000000e6d00000, 0x00000000e6d00000, 0x00000000e6e00000|  0%| F|  |TAMS 0x00000000e6d00000, 0x00000000e6d00000| Untracked 
| 110|0x00000000e6e00000, 0x00000000e6e00000, 0x00000000e6f00000|  0%| F|  |TAMS 0x00000000e6e00000, 0x00000000e6e00000| Untracked 
| 111|0x00000000e6f00000, 0x00000000e6f00000, 0x00000000e7000000|  0%| F|  |TAMS 0x00000000e6f00000, 0x00000000e6f00000| Untracked 
| 112|0x00000000e7000000, 0x00000000e7000000, 0x00000000e7100000|  0%| F|  |TAMS 0x00000000e7000000, 0x00000000e7000000| Untracked 
| 113|0x00000000e7100000, 0x00000000e7100000, 0x00000000e7200000|  0%| F|  |TAMS 0x00000000e7100000, 0x00000000e7100000| Untracked 
| 114|0x00000000e7200000, 0x00000000e7200000, 0x00000000e7300000|  0%| F|  |TAMS 0x00000000e7200000, 0x00000000e7200000| Untracked 
| 115|0x00000000e7300000, 0x00000000e7300000, 0x00000000e7400000|  0%| F|  |TAMS 0x00000000e7300000, 0x00000000e7300000| Untracked 
| 116|0x00000000e7400000, 0x00000000e7400000, 0x00000000e7500000|  0%| F|  |TAMS 0x00000000e7400000, 0x00000000e7400000| Untracked 
| 117|0x00000000e7500000, 0x00000000e7500000, 0x00000000e7600000|  0%| F|  |TAMS 0x00000000e7500000, 0x00000000e7500000| Untracked 
| 118|0x00000000e7600000, 0x00000000e7600000, 0x00000000e7700000|  0%| F|  |TAMS 0x00000000e7600000, 0x00000000e7600000| Untracked 
| 119|0x00000000e7700000, 0x00000000e7700000, 0x00000000e7800000|  0%| F|  |TAMS 0x00000000e7700000, 0x00000000e7700000| Untracked 
| 120|0x00000000e7800000, 0x00000000e7800000, 0x00000000e7900000|  0%| F|  |TAMS 0x00000000e7800000, 0x00000000e7800000| Untracked 
| 121|0x00000000e7900000, 0x00000000e7900000, 0x00000000e7a00000|  0%| F|  |TAMS 0x00000000e7900000, 0x00000000e7900000| Untracked 
| 122|0x00000000e7a00000, 0x00000000e7a00000, 0x00000000e7b00000|  0%| F|  |TAMS 0x00000000e7a00000, 0x00000000e7a00000| Untracked 
| 123|0x00000000e7b00000, 0x00000000e7b00000, 0x00000000e7c00000|  0%| F|  |TAMS 0x00000000e7b00000, 0x00000000e7b00000| Untracked 
| 124|0x00000000e7c00000, 0x00000000e7c00000, 0x00000000e7d00000|  0%| F|  |TAMS 0x00000000e7c00000, 0x00000000e7c00000| Untracked 
| 125|0x00000000e7d00000, 0x00000000e7d00000, 0x00000000e7e00000|  0%| F|  |TAMS 0x00000000e7d00000, 0x00000000e7d00000| Untracked 
| 126|0x00000000e7e00000, 0x00000000e7e00000, 0x00000000e7f00000|  0%| F|  |TAMS 0x00000000e7e00000, 0x00000000e7e00000| Untracked 
| 127|0x00000000e7f00000, 0x00000000e7f00000, 0x00000000e8000000|  0%| F|  |TAMS 0x00000000e7f00000, 0x00000000e7f00000| Untracked 
| 128|0x00000000e8000000, 0x00000000e8000000, 0x00000000e8100000|  0%| F|  |TAMS 0x00000000e8000000, 0x00000000e8000000| Untracked 
| 129|0x00000000e8100000, 0x00000000e8100000, 0x00000000e8200000|  0%| F|  |TAMS 0x00000000e8100000, 0x00000000e8100000| Untracked 
| 130|0x00000000e8200000, 0x00000000e8200000, 0x00000000e8300000|  0%| F|  |TAMS 0x00000000e8200000, 0x00000000e8200000| Untracked 
| 131|0x00000000e8300000, 0x00000000e8300000, 0x00000000e8400000|  0%| F|  |TAMS 0x00000000e8300000, 0x00000000e8300000| Untracked 
| 132|0x00000000e8400000, 0x00000000e8400000, 0x00000000e8500000|  0%| F|  |TAMS 0x00000000e8400000, 0x00000000e8400000| Untracked 
| 133|0x00000000e8500000, 0x00000000e8500000, 0x00000000e8600000|  0%| F|  |TAMS 0x00000000e8500000, 0x00000000e8500000| Untracked 
| 134|0x00000000e8600000, 0x00000000e8600000, 0x00000000e8700000|  0%| F|  |TAMS 0x00000000e8600000, 0x00000000e8600000| Untracked 
| 135|0x00000000e8700000, 0x00000000e8700000, 0x00000000e8800000|  0%| F|  |TAMS 0x00000000e8700000, 0x00000000e8700000| Untracked 
| 136|0x00000000e8800000, 0x00000000e8800000, 0x00000000e8900000|  0%| F|  |TAMS 0x00000000e8800000, 0x00000000e8800000| Untracked 
| 137|0x00000000e8900000, 0x00000000e8900000, 0x00000000e8a00000|  0%| F|  |TAMS 0x00000000e8900000, 0x00000000e8900000| Untracked 
| 138|0x00000000e8a00000, 0x00000000e8a00000, 0x00000000e8b00000|  0%| F|  |TAMS 0x00000000e8a00000, 0x00000000e8a00000| Untracked 
| 139|0x00000000e8b00000, 0x00000000e8b00000, 0x00000000e8c00000|  0%| F|  |TAMS 0x00000000e8b00000, 0x00000000e8b00000| Untracked 
| 140|0x00000000e8c00000, 0x00000000e8c70988, 0x00000000e8d00000| 43%| S|CS|TAMS 0x00000000e8c00000, 0x00000000e8c00000| Complete 
| 141|0x00000000e8d00000, 0x00000000e8e00000, 0x00000000e8e00000|100%| S|CS|TAMS 0x00000000e8d00000, 0x00000000e8d00000| Complete 
| 142|0x00000000e8e00000, 0x00000000e8f00000, 0x00000000e8f00000|100%| S|CS|TAMS 0x00000000e8e00000, 0x00000000e8e00000| Complete 
| 143|0x00000000e8f00000, 0x00000000e9000000, 0x00000000e9000000|100%| S|CS|TAMS 0x00000000e8f00000, 0x00000000e8f00000| Complete 
| 144|0x00000000e9000000, 0x00000000e9100000, 0x00000000e9100000|100%| S|CS|TAMS 0x00000000e9000000, 0x00000000e9000000| Complete 
| 145|0x00000000e9100000, 0x00000000e9200000, 0x00000000e9200000|100%| S|CS|TAMS 0x00000000e9100000, 0x00000000e9100000| Complete 
| 146|0x00000000e9200000, 0x00000000e9300000, 0x00000000e9300000|100%| S|CS|TAMS 0x00000000e9200000, 0x00000000e9200000| Complete 
| 147|0x00000000e9300000, 0x00000000e9400000, 0x00000000e9400000|100%| S|CS|TAMS 0x00000000e9300000, 0x00000000e9300000| Complete 
| 148|0x00000000e9400000, 0x00000000e9500000, 0x00000000e9500000|100%| S|CS|TAMS 0x00000000e9400000, 0x00000000e9400000| Complete 
| 149|0x00000000e9500000, 0x00000000e9600000, 0x00000000e9600000|100%| S|CS|TAMS 0x00000000e9500000, 0x00000000e9500000| Complete 
| 150|0x00000000e9600000, 0x00000000e9700000, 0x00000000e9700000|100%| S|CS|TAMS 0x00000000e9600000, 0x00000000e9600000| Complete 
| 151|0x00000000e9700000, 0x00000000e9800000, 0x00000000e9800000|100%| S|CS|TAMS 0x00000000e9700000, 0x00000000e9700000| Complete 
| 152|0x00000000e9800000, 0x00000000e9800000, 0x00000000e9900000|  0%| F|  |TAMS 0x00000000e9800000, 0x00000000e9800000| Untracked 
| 153|0x00000000e9900000, 0x00000000e9900000, 0x00000000e9a00000|  0%| F|  |TAMS 0x00000000e9900000, 0x00000000e9900000| Untracked 
| 154|0x00000000e9a00000, 0x00000000e9a00000, 0x00000000e9b00000|  0%| F|  |TAMS 0x00000000e9a00000, 0x00000000e9a00000| Untracked 
| 155|0x00000000e9b00000, 0x00000000e9b00000, 0x00000000e9c00000|  0%| F|  |TAMS 0x00000000e9b00000, 0x00000000e9b00000| Untracked 
| 156|0x00000000e9c00000, 0x00000000e9c00000, 0x00000000e9d00000|  0%| F|  |TAMS 0x00000000e9c00000, 0x00000000e9c00000| Untracked 
| 157|0x00000000e9d00000, 0x00000000e9d00000, 0x00000000e9e00000|  0%| F|  |TAMS 0x00000000e9d00000, 0x00000000e9d00000| Untracked 
| 158|0x00000000e9e00000, 0x00000000e9e00000, 0x00000000e9f00000|  0%| F|  |TAMS 0x00000000e9e00000, 0x00000000e9e00000| Untracked 
| 159|0x00000000e9f00000, 0x00000000e9f00000, 0x00000000ea000000|  0%| F|  |TAMS 0x00000000e9f00000, 0x00000000e9f00000| Untracked 
| 160|0x00000000ea000000, 0x00000000ea000000, 0x00000000ea100000|  0%| F|  |TAMS 0x00000000ea000000, 0x00000000ea000000| Untracked 
| 161|0x00000000ea100000, 0x00000000ea100000, 0x00000000ea200000|  0%| F|  |TAMS 0x00000000ea100000, 0x00000000ea100000| Untracked 
| 162|0x00000000ea200000, 0x00000000ea200000, 0x00000000ea300000|  0%| F|  |TAMS 0x00000000ea200000, 0x00000000ea200000| Untracked 
| 163|0x00000000ea300000, 0x00000000ea300000, 0x00000000ea400000|  0%| F|  |TAMS 0x00000000ea300000, 0x00000000ea300000| Untracked 
| 164|0x00000000ea400000, 0x00000000ea400000, 0x00000000ea500000|  0%| F|  |TAMS 0x00000000ea400000, 0x00000000ea400000| Untracked 
| 165|0x00000000ea500000, 0x00000000ea500000, 0x00000000ea600000|  0%| F|  |TAMS 0x00000000ea500000, 0x00000000ea500000| Untracked 
| 166|0x00000000ea600000, 0x00000000ea600000, 0x00000000ea700000|  0%| F|  |TAMS 0x00000000ea600000, 0x00000000ea600000| Untracked 
| 167|0x00000000ea700000, 0x00000000ea700000, 0x00000000ea800000|  0%| F|  |TAMS 0x00000000ea700000, 0x00000000ea700000| Untracked 
| 168|0x00000000ea800000, 0x00000000ea800000, 0x00000000ea900000|  0%| F|  |TAMS 0x00000000ea800000, 0x00000000ea800000| Untracked 
| 169|0x00000000ea900000, 0x00000000ea900000, 0x00000000eaa00000|  0%| F|  |TAMS 0x00000000ea900000, 0x00000000ea900000| Untracked 
| 170|0x00000000eaa00000, 0x00000000eaa00000, 0x00000000eab00000|  0%| F|  |TAMS 0x00000000eaa00000, 0x00000000eaa00000| Untracked 
| 171|0x00000000eab00000, 0x00000000eab00000, 0x00000000eac00000|  0%| F|  |TAMS 0x00000000eab00000, 0x00000000eab00000| Untracked 
| 172|0x00000000eac00000, 0x00000000eac00000, 0x00000000ead00000|  0%| F|  |TAMS 0x00000000eac00000, 0x00000000eac00000| Untracked 
| 173|0x00000000ead00000, 0x00000000ead00000, 0x00000000eae00000|  0%| F|  |TAMS 0x00000000ead00000, 0x00000000ead00000| Untracked 
| 174|0x00000000eae00000, 0x00000000eae00000, 0x00000000eaf00000|  0%| F|  |TAMS 0x00000000eae00000, 0x00000000eae00000| Untracked 
| 175|0x00000000eaf00000, 0x00000000eaf00000, 0x00000000eb000000|  0%| F|  |TAMS 0x00000000eaf00000, 0x00000000eaf00000| Untracked 
| 176|0x00000000eb000000, 0x00000000eb000000, 0x00000000eb100000|  0%| F|  |TAMS 0x00000000eb000000, 0x00000000eb000000| Untracked 
| 177|0x00000000eb100000, 0x00000000eb100000, 0x00000000eb200000|  0%| F|  |TAMS 0x00000000eb100000, 0x00000000eb100000| Untracked 
| 178|0x00000000eb200000, 0x00000000eb200000, 0x00000000eb300000|  0%| F|  |TAMS 0x00000000eb200000, 0x00000000eb200000| Untracked 
| 179|0x00000000eb300000, 0x00000000eb300000, 0x00000000eb400000|  0%| F|  |TAMS 0x00000000eb300000, 0x00000000eb300000| Untracked 
| 180|0x00000000eb400000, 0x00000000eb400000, 0x00000000eb500000|  0%| F|  |TAMS 0x00000000eb400000, 0x00000000eb400000| Untracked 
| 181|0x00000000eb500000, 0x00000000eb500000, 0x00000000eb600000|  0%| F|  |TAMS 0x00000000eb500000, 0x00000000eb500000| Untracked 
| 182|0x00000000eb600000, 0x00000000eb600000, 0x00000000eb700000|  0%| F|  |TAMS 0x00000000eb600000, 0x00000000eb600000| Untracked 
| 183|0x00000000eb700000, 0x00000000eb700000, 0x00000000eb800000|  0%| F|  |TAMS 0x00000000eb700000, 0x00000000eb700000| Untracked 
| 184|0x00000000eb800000, 0x00000000eb800000, 0x00000000eb900000|  0%| F|  |TAMS 0x00000000eb800000, 0x00000000eb800000| Untracked 
| 185|0x00000000eb900000, 0x00000000eb900000, 0x00000000eba00000|  0%| F|  |TAMS 0x00000000eb900000, 0x00000000eb900000| Untracked 
| 186|0x00000000eba00000, 0x00000000eba00000, 0x00000000ebb00000|  0%| F|  |TAMS 0x00000000eba00000, 0x00000000eba00000| Untracked 
| 187|0x00000000ebb00000, 0x00000000ebb00000, 0x00000000ebc00000|  0%| F|  |TAMS 0x00000000ebb00000, 0x00000000ebb00000| Untracked 
| 188|0x00000000ebc00000, 0x00000000ebc00000, 0x00000000ebd00000|  0%| F|  |TAMS 0x00000000ebc00000, 0x00000000ebc00000| Untracked 
| 189|0x00000000ebd00000, 0x00000000ebd00000, 0x00000000ebe00000|  0%| F|  |TAMS 0x00000000ebd00000, 0x00000000ebd00000| Untracked 
| 190|0x00000000ebe00000, 0x00000000ebe00000, 0x00000000ebf00000|  0%| F|  |TAMS 0x00000000ebe00000, 0x00000000ebe00000| Untracked 
| 191|0x00000000ebf00000, 0x00000000ebf00000, 0x00000000ec000000|  0%| F|  |TAMS 0x00000000ebf00000, 0x00000000ebf00000| Untracked 
| 192|0x00000000ec000000, 0x00000000ec000000, 0x00000000ec100000|  0%| F|  |TAMS 0x00000000ec000000, 0x00000000ec000000| Untracked 
| 193|0x00000000ec100000, 0x00000000ec100000, 0x00000000ec200000|  0%| F|  |TAMS 0x00000000ec100000, 0x00000000ec100000| Untracked 
| 194|0x00000000ec200000, 0x00000000ec200000, 0x00000000ec300000|  0%| F|  |TAMS 0x00000000ec200000, 0x00000000ec200000| Untracked 
| 195|0x00000000ec300000, 0x00000000ec300000, 0x00000000ec400000|  0%| F|  |TAMS 0x00000000ec300000, 0x00000000ec300000| Untracked 
| 196|0x00000000ec400000, 0x00000000ec400000, 0x00000000ec500000|  0%| F|  |TAMS 0x00000000ec400000, 0x00000000ec400000| Untracked 
| 197|0x00000000ec500000, 0x00000000ec500000, 0x00000000ec600000|  0%| F|  |TAMS 0x00000000ec500000, 0x00000000ec500000| Untracked 
| 198|0x00000000ec600000, 0x00000000ec600000, 0x00000000ec700000|  0%| F|  |TAMS 0x00000000ec600000, 0x00000000ec600000| Untracked 
| 199|0x00000000ec700000, 0x00000000ec700000, 0x00000000ec800000|  0%| F|  |TAMS 0x00000000ec700000, 0x00000000ec700000| Untracked 
| 200|0x00000000ec800000, 0x00000000ec800000, 0x00000000ec900000|  0%| F|  |TAMS 0x00000000ec800000, 0x00000000ec800000| Untracked 
| 201|0x00000000ec900000, 0x00000000ec900000, 0x00000000eca00000|  0%| F|  |TAMS 0x00000000ec900000, 0x00000000ec900000| Untracked 
| 202|0x00000000eca00000, 0x00000000eca00000, 0x00000000ecb00000|  0%| F|  |TAMS 0x00000000eca00000, 0x00000000eca00000| Untracked 
| 203|0x00000000ecb00000, 0x00000000ecb00000, 0x00000000ecc00000|  0%| F|  |TAMS 0x00000000ecb00000, 0x00000000ecb00000| Untracked 
| 204|0x00000000ecc00000, 0x00000000ecc00000, 0x00000000ecd00000|  0%| F|  |TAMS 0x00000000ecc00000, 0x00000000ecc00000| Untracked 
| 205|0x00000000ecd00000, 0x00000000ecd00000, 0x00000000ece00000|  0%| F|  |TAMS 0x00000000ecd00000, 0x00000000ecd00000| Untracked 
| 206|0x00000000ece00000, 0x00000000ece00000, 0x00000000ecf00000|  0%| F|  |TAMS 0x00000000ece00000, 0x00000000ece00000| Untracked 
| 207|0x00000000ecf00000, 0x00000000ecf00000, 0x00000000ed000000|  0%| F|  |TAMS 0x00000000ecf00000, 0x00000000ecf00000| Untracked 
| 208|0x00000000ed000000, 0x00000000ed000000, 0x00000000ed100000|  0%| F|  |TAMS 0x00000000ed000000, 0x00000000ed000000| Untracked 
| 209|0x00000000ed100000, 0x00000000ed200000, 0x00000000ed200000|100%| E|  |TAMS 0x00000000ed100000, 0x00000000ed100000| Complete 
| 210|0x00000000ed200000, 0x00000000ed300000, 0x00000000ed300000|100%| E|CS|TAMS 0x00000000ed200000, 0x00000000ed200000| Complete 
| 211|0x00000000ed300000, 0x00000000ed400000, 0x00000000ed400000|100%| E|CS|TAMS 0x00000000ed300000, 0x00000000ed300000| Complete 
| 212|0x00000000ed400000, 0x00000000ed500000, 0x00000000ed500000|100%| E|CS|TAMS 0x00000000ed400000, 0x00000000ed400000| Complete 
| 213|0x00000000ed500000, 0x00000000ed600000, 0x00000000ed600000|100%| E|CS|TAMS 0x00000000ed500000, 0x00000000ed500000| Complete 
| 214|0x00000000ed600000, 0x00000000ed700000, 0x00000000ed700000|100%| E|CS|TAMS 0x00000000ed600000, 0x00000000ed600000| Complete 
| 215|0x00000000ed700000, 0x00000000ed800000, 0x00000000ed800000|100%| E|CS|TAMS 0x00000000ed700000, 0x00000000ed700000| Complete 
| 216|0x00000000ed800000, 0x00000000ed900000, 0x00000000ed900000|100%| E|CS|TAMS 0x00000000ed800000, 0x00000000ed800000| Complete 
| 217|0x00000000ed900000, 0x00000000eda00000, 0x00000000eda00000|100%| E|CS|TAMS 0x00000000ed900000, 0x00000000ed900000| Complete 
| 218|0x00000000eda00000, 0x00000000edb00000, 0x00000000edb00000|100%| E|CS|TAMS 0x00000000eda00000, 0x00000000eda00000| Complete 
| 219|0x00000000edb00000, 0x00000000edc00000, 0x00000000edc00000|100%| E|CS|TAMS 0x00000000edb00000, 0x00000000edb00000| Complete 
| 220|0x00000000edc00000, 0x00000000edd00000, 0x00000000edd00000|100%| E|CS|TAMS 0x00000000edc00000, 0x00000000edc00000| Complete 
| 221|0x00000000edd00000, 0x00000000ede00000, 0x00000000ede00000|100%| E|CS|TAMS 0x00000000edd00000, 0x00000000edd00000| Complete 
| 222|0x00000000ede00000, 0x00000000edf00000, 0x00000000edf00000|100%| E|CS|TAMS 0x00000000ede00000, 0x00000000ede00000| Complete 
| 223|0x00000000edf00000, 0x00000000ee000000, 0x00000000ee000000|100%| E|CS|TAMS 0x00000000edf00000, 0x00000000edf00000| Complete 
| 224|0x00000000ee000000, 0x00000000ee100000, 0x00000000ee100000|100%| E|CS|TAMS 0x00000000ee000000, 0x00000000ee000000| Complete 
| 225|0x00000000ee100000, 0x00000000ee200000, 0x00000000ee200000|100%| E|CS|TAMS 0x00000000ee100000, 0x00000000ee100000| Complete 
| 226|0x00000000ee200000, 0x00000000ee300000, 0x00000000ee300000|100%| E|CS|TAMS 0x00000000ee200000, 0x00000000ee200000| Complete 
| 227|0x00000000ee300000, 0x00000000ee400000, 0x00000000ee400000|100%| E|CS|TAMS 0x00000000ee300000, 0x00000000ee300000| Complete 
| 228|0x00000000ee400000, 0x00000000ee500000, 0x00000000ee500000|100%| E|CS|TAMS 0x00000000ee400000, 0x00000000ee400000| Complete 
| 229|0x00000000ee500000, 0x00000000ee600000, 0x00000000ee600000|100%| E|CS|TAMS 0x00000000ee500000, 0x00000000ee500000| Complete 
| 230|0x00000000ee600000, 0x00000000ee700000, 0x00000000ee700000|100%| E|CS|TAMS 0x00000000ee600000, 0x00000000ee600000| Complete 
| 231|0x00000000ee700000, 0x00000000ee800000, 0x00000000ee800000|100%| E|CS|TAMS 0x00000000ee700000, 0x00000000ee700000| Complete 
| 232|0x00000000ee800000, 0x00000000ee900000, 0x00000000ee900000|100%| E|CS|TAMS 0x00000000ee800000, 0x00000000ee800000| Complete 
| 233|0x00000000ee900000, 0x00000000eea00000, 0x00000000eea00000|100%| E|CS|TAMS 0x00000000ee900000, 0x00000000ee900000| Complete 
| 234|0x00000000eea00000, 0x00000000eeb00000, 0x00000000eeb00000|100%| E|CS|TAMS 0x00000000eea00000, 0x00000000eea00000| Complete 
| 235|0x00000000eeb00000, 0x00000000eec00000, 0x00000000eec00000|100%| E|CS|TAMS 0x00000000eeb00000, 0x00000000eeb00000| Complete 
| 236|0x00000000eec00000, 0x00000000eed00000, 0x00000000eed00000|100%| E|CS|TAMS 0x00000000eec00000, 0x00000000eec00000| Complete 
| 237|0x00000000eed00000, 0x00000000eee00000, 0x00000000eee00000|100%| E|CS|TAMS 0x00000000eed00000, 0x00000000eed00000| Complete 
| 238|0x00000000eee00000, 0x00000000eef00000, 0x00000000eef00000|100%| E|CS|TAMS 0x00000000eee00000, 0x00000000eee00000| Complete 
| 239|0x00000000eef00000, 0x00000000ef000000, 0x00000000ef000000|100%| E|CS|TAMS 0x00000000eef00000, 0x00000000eef00000| Complete 
| 240|0x00000000ef000000, 0x00000000ef100000, 0x00000000ef100000|100%| E|  |TAMS 0x00000000ef000000, 0x00000000ef000000| Complete 
| 241|0x00000000ef100000, 0x00000000ef200000, 0x00000000ef200000|100%| E|CS|TAMS 0x00000000ef100000, 0x00000000ef100000| Complete 
| 242|0x00000000ef200000, 0x00000000ef300000, 0x00000000ef300000|100%| E|CS|TAMS 0x00000000ef200000, 0x00000000ef200000| Complete 
| 243|0x00000000ef300000, 0x00000000ef400000, 0x00000000ef400000|100%| E|CS|TAMS 0x00000000ef300000, 0x00000000ef300000| Complete 
| 244|0x00000000ef400000, 0x00000000ef500000, 0x00000000ef500000|100%| E|CS|TAMS 0x00000000ef400000, 0x00000000ef400000| Complete 
| 245|0x00000000ef500000, 0x00000000ef600000, 0x00000000ef600000|100%| E|CS|TAMS 0x00000000ef500000, 0x00000000ef500000| Complete 
| 246|0x00000000ef600000, 0x00000000ef700000, 0x00000000ef700000|100%| E|CS|TAMS 0x00000000ef600000, 0x00000000ef600000| Complete 
| 247|0x00000000ef700000, 0x00000000ef800000, 0x00000000ef800000|100%| E|CS|TAMS 0x00000000ef700000, 0x00000000ef700000| Complete 
| 248|0x00000000ef800000, 0x00000000ef900000, 0x00000000ef900000|100%| E|CS|TAMS 0x00000000ef800000, 0x00000000ef800000| Complete 
| 249|0x00000000ef900000, 0x00000000efa00000, 0x00000000efa00000|100%| E|CS|TAMS 0x00000000ef900000, 0x00000000ef900000| Complete 
| 250|0x00000000efa00000, 0x00000000efb00000, 0x00000000efb00000|100%| E|CS|TAMS 0x00000000efa00000, 0x00000000efa00000| Complete 
| 251|0x00000000efb00000, 0x00000000efc00000, 0x00000000efc00000|100%| E|CS|TAMS 0x00000000efb00000, 0x00000000efb00000| Complete 
| 252|0x00000000efc00000, 0x00000000efd00000, 0x00000000efd00000|100%| E|CS|TAMS 0x00000000efc00000, 0x00000000efc00000| Complete 
| 253|0x00000000efd00000, 0x00000000efe00000, 0x00000000efe00000|100%| E|CS|TAMS 0x00000000efd00000, 0x00000000efd00000| Complete 
| 254|0x00000000efe00000, 0x00000000eff00000, 0x00000000eff00000|100%| E|CS|TAMS 0x00000000efe00000, 0x00000000efe00000| Complete 
| 255|0x00000000eff00000, 0x00000000f0000000, 0x00000000f0000000|100%| E|CS|TAMS 0x00000000eff00000, 0x00000000eff00000| Complete 

Card table byte_map: [0x00000178f5470000,0x00000178f5570000] _byte_map_base: 0x00000178f4d70000

Marking Bits (Prev, Next): (CMBitMap*) 0x00000178ebd05260, (CMBitMap*) 0x00000178ebd05220
 Prev Bits: [0x00000178f5e70000, 0x00000178f6670000)
 Next Bits: [0x00000178f5670000, 0x00000178f5e70000)

Polling page: 0x00000178ebb50000

Metaspace:

Usage:
  Non-class:     22.77 MB used.
      Class:      3.95 MB used.
       Both:     26.72 MB used.

Virtual space:
  Non-class space:       64.00 MB reserved,      22.94 MB ( 36%) committed,  1 nodes.
      Class space:      208.00 MB reserved,       4.06 MB (  2%) committed,  1 nodes.
             Both:      272.00 MB reserved,      27.00 MB ( 10%) committed. 

Chunk freelists:
   Non-Class:  9.09 MB
       Class:  11.95 MB
        Both:  21.05 MB

MaxMetaspaceSize: 256.00 MB
CompressedClassSpaceSize: 208.00 MB
Initial GC threshold: 21.00 MB
Current GC threshold: 35.25 MB
CDS: on
MetaspaceReclaimPolicy: balanced
 - commit_granule_bytes: 65536.
 - commit_granule_words: 8192.
 - virtual_space_node_default_size: 8388608.
 - enlarge_chunks_in_place: 1.
 - new_chunks_are_fully_committed: 0.
 - uncommit_free_chunks: 1.
 - use_allocation_guard: 0.
 - handle_deallocations: 1.


Internal statistics:

num_allocs_failed_limit: 3.
num_arena_births: 248.
num_arena_deaths: 0.
num_vsnodes_births: 2.
num_vsnodes_deaths: 0.
num_space_committed: 432.
num_space_uncommitted: 0.
num_chunks_returned_to_freelist: 3.
num_chunks_taken_from_freelist: 1207.
num_chunk_merges: 3.
num_chunk_splits: 832.
num_chunks_enlarged: 634.
num_inconsistent_stats: 0.

CodeHeap 'non-profiled nmethods': size=120000Kb used=1650Kb max_used=1650Kb free=118349Kb
 bounds [0x0000017887ad0000, 0x0000017887d40000, 0x000001788f000000]
CodeHeap 'profiled nmethods': size=120000Kb used=6344Kb max_used=6344Kb free=113655Kb
 bounds [0x0000017880000000, 0x0000017880640000, 0x0000017887530000]
CodeHeap 'non-nmethods': size=5760Kb used=1586Kb max_used=1630Kb free=4173Kb
 bounds [0x0000017887530000, 0x00000178877a0000, 0x0000017887ad0000]
 total_blobs=3811 nmethods=3161 adapters=562
 compilation: enabled
              stopped_count=0, restarted_count=0
 full_count=0

Compilation events (20 events):
Event: 4.248 Thread 0x00000178f8ca3e80 3105       3       jdk.internal.jrtfs.JrtPath::getResolved (50 bytes)
Event: 4.248 Thread 0x00000178f8ca3e80 nmethod 3105 0x0000017880610190 code [0x00000178806103c0, 0x0000017880610bd8]
Event: 4.248 Thread 0x00000178f8ca3e80 3096       3       jdk.internal.jrtfs.JrtPath::checkPath (47 bytes)
Event: 4.249 Thread 0x00000178f8ca3e80 nmethod 3096 0x0000017880610f10 code [0x00000178806111a0, 0x0000017880611d78]
Event: 4.249 Thread 0x00000178f8ca3e80 3097       3       jdk.internal.jrtfs.JrtFileSystem$$Lambda$345/0x000001789017e0f8::test (12 bytes)
Event: 4.249 Thread 0x00000178f8ca3e80 nmethod 3097 0x0000017880612110 code [0x00000178806122e0, 0x0000017880612798]
Event: 4.249 Thread 0x00000178f8ca3e80 3098   !   3       jdk.internal.jrtfs.JrtFileSystem::lambda$iteratorOf$3 (11 bytes)
Event: 4.249 Thread 0x00000178f8ca3e80 nmethod 3098 0x0000017880612990 code [0x0000017880612b40, 0x0000017880612e98]
Event: 4.249 Thread 0x00000178f8ca3e80 3099       3       java.util.stream.StreamSpliterators$WrappingSpliterator$$Lambda$346/0x000001789017e5a8::accept (9 bytes)
Event: 4.249 Thread 0x00000178f8ca3e80 nmethod 3099 0x0000017880613010 code [0x00000178806131c0, 0x0000017880613388]
Event: 4.249 Thread 0x00000178f8ca3e80 3100       3       java.util.stream.SpinedBuffer::get (123 bytes)
Event: 4.250 Thread 0x00000178f8ca3e80 nmethod 3100 0x0000017880613490 code [0x00000178806136e0, 0x0000017880613ef8]
Event: 4.250 Thread 0x00000178f8ca3e80 3101       3       jdk.internal.jrtfs.JrtDirectoryStream$1::next (5 bytes)
Event: 4.250 Thread 0x00000178f8ca3e80 nmethod 3101 0x0000017880614290 code [0x0000017880614420, 0x0000017880614568]
Event: 4.250 Thread 0x00000178f8ca3e80 3102   !   3       jdk.internal.jrtfs.JrtDirectoryStream$1::next (48 bytes)
Event: 4.250 Thread 0x00000178f8ca3e80 nmethod 3102 0x0000017880614610 code [0x00000178806147e0, 0x0000017880614cd8]
Event: 4.263 Thread 0x00000178f8ca3e80 3112       2       java.nio.MappedByteBuffer::position (8 bytes)
Event: 4.263 Thread 0x00000178f8ca3e80 nmethod 3112 0x0000017880614f90 code [0x0000017880615120, 0x0000017880615248]
Event: 4.284 Thread 0x00000178f8ca3e80 3116       2       jdk.internal.jimage.ImageBufferCache::getCapacity (21 bytes)
Event: 4.284 Thread 0x00000178f8ca3e80 nmethod 3116 0x0000017880615310 code [0x00000178806154c0, 0x0000017880615628]

GC Heap History (8 events):
Event: 0.464 GC heap before
{Heap before GC invocations=0 (full 0):
 garbage-first heap   total 262144K, used 13312K [0x00000000e0000000, 0x0000000100000000)
  region size 1024K, 13 young (13312K), 0 survivors (0K)
 Metaspace       used 967K, committed 1088K, reserved 278528K
  class space    used 75K, committed 128K, reserved 212992K
}
Event: 0.468 GC heap after
{Heap after GC invocations=1 (full 0):
 garbage-first heap   total 262144K, used 3707K [0x00000000e0000000, 0x0000000100000000)
  region size 1024K, 2 young (2048K), 2 survivors (2048K)
 Metaspace       used 967K, committed 1088K, reserved 278528K
  class space    used 75K, committed 128K, reserved 212992K
}
Event: 0.876 GC heap before
{Heap before GC invocations=1 (full 0):
 garbage-first heap   total 262144K, used 21115K [0x00000000e0000000, 0x0000000100000000)
  region size 1024K, 17 young (17408K), 2 survivors (2048K)
 Metaspace       used 3814K, committed 4032K, reserved 278528K
  class space    used 476K, committed 576K, reserved 212992K
}
Event: 0.880 GC heap after
{Heap after GC invocations=2 (full 0):
 garbage-first heap   total 262144K, used 9481K [0x00000000e0000000, 0x0000000100000000)
  region size 1024K, 3 young (3072K), 3 survivors (3072K)
 Metaspace       used 3814K, committed 4032K, reserved 278528K
  class space    used 476K, committed 576K, reserved 212992K
}
Event: 1.214 GC heap before
{Heap before GC invocations=2 (full 0):
 garbage-first heap   total 262144K, used 32009K [0x00000000e0000000, 0x0000000100000000)
  region size 1024K, 25 young (25600K), 3 survivors (3072K)
 Metaspace       used 3950K, committed 4096K, reserved 278528K
  class space    used 476K, committed 576K, reserved 212992K
}
Event: 1.220 GC heap after
{Heap after GC invocations=3 (full 0):
 garbage-first heap   total 262144K, used 12641K [0x00000000e0000000, 0x0000000100000000)
  region size 1024K, 4 young (4096K), 4 survivors (4096K)
 Metaspace       used 3950K, committed 4096K, reserved 278528K
  class space    used 476K, committed 576K, reserved 212992K
}
Event: 3.664 GC heap before
{Heap before GC invocations=3 (full 0):
 garbage-first heap   total 262144K, used 114017K [0x00000000e0000000, 0x0000000100000000)
  region size 1024K, 104 young (106496K), 4 survivors (4096K)
 Metaspace       used 21239K, committed 21504K, reserved 278528K
  class space    used 3176K, committed 3264K, reserved 212992K
}
Event: 3.673 GC heap after
{Heap after GC invocations=4 (full 0):
 garbage-first heap   total 262144K, used 21115K [0x00000000e0000000, 0x0000000100000000)
  region size 1024K, 12 young (12288K), 12 survivors (12288K)
 Metaspace       used 21239K, committed 21504K, reserved 278528K
  class space    used 3176K, committed 3264K, reserved 212992K
}

Deoptimization events (20 events):
Event: 3.595 Thread 0x00000178fdffdcb0 Uncommon trap: trap_request=0xffffff45 fr.pc=0x0000017887b1df08 relative=0x00000000000004c8
Event: 3.595 Thread 0x00000178fdffdcb0 Uncommon trap: reason=unstable_if action=reinterpret pc=0x0000017887b1df08 method=java.util.HashMap.hash(Ljava/lang/Object;)I @ 1 c2
Event: 3.595 Thread 0x00000178fdffdcb0 DEOPT PACKING pc=0x0000017887b1df08 sp=0x00000065aaef7b20
Event: 3.595 Thread 0x00000178fdffdcb0 DEOPT UNPACKING pc=0x00000178875823a3 sp=0x00000065aaef79c8 mode 2
Event: 4.076 Thread 0x00000178fdffdcb0 Uncommon trap: trap_request=0xffffff45 fr.pc=0x0000017887be4320 relative=0x0000000000002ec0
Event: 4.076 Thread 0x00000178fdffdcb0 Uncommon trap: reason=unstable_if action=reinterpret pc=0x0000017887be4320 method=java.lang.ClassLoader.getClassLoadingLock(Ljava/lang/String;)Ljava/lang/Object; @ 6 c2
Event: 4.076 Thread 0x00000178fdffdcb0 DEOPT PACKING pc=0x0000017887be4320 sp=0x00000065aaef88c0
Event: 4.076 Thread 0x00000178fdffdcb0 DEOPT UNPACKING pc=0x00000178875823a3 sp=0x00000065aaef88a0 mode 2
Event: 4.130 Thread 0x00000178fdffdcb0 Uncommon trap: trap_request=0xffffffc6 fr.pc=0x0000017887c388c8 relative=0x0000000000004488
Event: 4.130 Thread 0x00000178fdffdcb0 Uncommon trap: reason=bimorphic_or_optimized_type_check action=maybe_recompile pc=0x0000017887c388c8 method=java.net.URL.<init>(Ljava/net/URL;Ljava/lang/String;Ljava/net/URLStreamHandler;)V @ 504 c2
Event: 4.130 Thread 0x00000178fdffdcb0 DEOPT PACKING pc=0x0000017887c388c8 sp=0x00000065aaef7ff0
Event: 4.130 Thread 0x00000178fdffdcb0 DEOPT UNPACKING pc=0x00000178875823a3 sp=0x00000065aaef7f90 mode 2
Event: 4.203 Thread 0x00000178fdffdcb0 Uncommon trap: trap_request=0xffffff45 fr.pc=0x0000017887bc460c relative=0x00000000000000ec
Event: 4.203 Thread 0x00000178fdffdcb0 Uncommon trap: reason=unstable_if action=reinterpret pc=0x0000017887bc460c method=java.lang.ClassLoader.getClassLoadingLock(Ljava/lang/String;)Ljava/lang/Object; @ 6 c2
Event: 4.203 Thread 0x00000178fdffdcb0 DEOPT PACKING pc=0x0000017887bc460c sp=0x00000065aaef8900
Event: 4.203 Thread 0x00000178fdffdcb0 DEOPT UNPACKING pc=0x00000178875823a3 sp=0x00000065aaef88a0 mode 2
Event: 4.206 Thread 0x00000178fdffdcb0 Uncommon trap: trap_request=0xffffff6e fr.pc=0x0000017887c67730 relative=0x00000000000004d0
Event: 4.206 Thread 0x00000178fdffdcb0 Uncommon trap: reason=loop_limit_check action=maybe_recompile pc=0x0000017887c67730 method=java.util.regex.Pattern$Start.match(Ljava/util/regex/Matcher;ILjava/lang/CharSequence;)Z @ 34 c2
Event: 4.206 Thread 0x00000178fdffdcb0 DEOPT PACKING pc=0x0000017887c67730 sp=0x00000065aaef86d0
Event: 4.206 Thread 0x00000178fdffdcb0 DEOPT UNPACKING pc=0x00000178875823a3 sp=0x00000065aaef8610 mode 2

Classes unloaded (0 events):
No events

Classes redefined (0 events):
No events

Internal exceptions (20 events):
Event: 3.264 Thread 0x00000178fdffdcb0 Exception <a 'java/lang/NoSuchMethodError'{0x00000000eac0d2a8}: 'int java.lang.invoke.DirectMethodHandle$Holder.invokeVirtual(java.lang.Object, java.lang.Object)'> (0x00000000eac0d2a8) 
thrown [s\open\src\hotspot\share\interpreter\linkResolver.cpp, line 759]
Event: 3.269 Thread 0x00000178fdffdcb0 Exception <a 'java/lang/NoSuchMethodError'{0x00000000eac22530}: 'java.lang.Object java.lang.invoke.DirectMethodHandle$Holder.invokeVirtual(java.lang.Object, java.lang.Object, java.lang.Object)'> (0x00000000eac22530) 
thrown [s\open\src\hotspot\share\interpreter\linkResolver.cpp, line 759]
Event: 3.275 Thread 0x00000178fdffdcb0 Exception <a 'java/lang/NoSuchMethodError'{0x00000000eac45c80}: 'int java.lang.invoke.DirectMethodHandle$Holder.invokeVirtual(java.lang.Object, java.lang.Object, java.lang.Object)'> (0x00000000eac45c80) 
thrown [s\open\src\hotspot\share\interpreter\linkResolver.cpp, line 759]
Event: 3.480 Thread 0x00000178fdffdcb0 Exception <a 'java/lang/NoSuchMethodError'{0x00000000ea239e58}: 'java.lang.Object java.lang.invoke.DirectMethodHandle$Holder.invokeSpecialIFC(java.lang.Object, java.lang.Object, java.lang.Object, java.lang.Object)'> (0x00000000ea239e58) 
thrown [s\open\src\hotspot\share\interpreter\linkResolver.cpp, line 759]
Event: 3.595 Thread 0x00000178fdffdcb0 Implicit null exception at 0x0000017887b1da8e to 0x0000017887b1deec
Event: 3.639 Thread 0x00000178fdffdcb0 Exception <a 'java/lang/NoSuchMethodError'{0x00000000e9aaf568}: 'java.lang.Object java.lang.invoke.DirectMethodHandle$Holder.invokeSpecial(java.lang.Object, java.lang.Object, java.lang.Object, java.lang.Object, java.lang.Object, java.lang.Object, java.lang.Object, java.lang.Object, java.lang.Object, java.lang.Object, java.lang.Object, java.lang.Object, java.lang.Object)'> (0x00000000e9aaf568) 
thrown [s\open\src\hotspot\share\interpreter\linkResolver.cpp, line 759]
Event: 3.640 Thread 0x00000178fdffdcb0 Exception <a 'java/lang/NoSuchMethodError'{0x00000000e9ac0d90}: 'java.lang.Object java.lang.invoke.DirectMethodHandle$Holder.newInvokeSpecial(java.lang.Object, java.lang.Object, java.lang.Object, java.lang.Object, java.lang.Object, java.lang.Object, java.lang.Object, java.lang.Object, java.lang.Object, java.lang.Object, java.lang.Object)'> (0x00000000e9ac0d90) 
thrown [s\open\src\hotspot\share\interpreter\linkResolver.cpp, line 759]
Event: 3.640 Thread 0x00000178fdffdcb0 Exception <a 'java/lang/NoSuchMethodError'{0x00000000e9ac69c0}: 'java.lang.Object java.lang.invoke.DirectMethodHandle$Holder.invokeSpecial(java.lang.Object, java.lang.Object, java.lang.Object, java.lang.Object, java.lang.Object, java.lang.Object, java.lang.Object, java.lang.Object, java.lang.Object, java.lang.Object, java.lang.Object, java.lang.Object)'> (0x00000000e9ac69c0) 
thrown [s\open\src\hotspot\share\interpreter\linkResolver.cpp, line 759]
Event: 3.640 Thread 0x00000178fdffdcb0 Exception <a 'java/lang/NoSuchMethodError'{0x00000000e9acbdb0}: 'java.lang.Object java.lang.invoke.Invokers$Holder.linkToTargetMethod(java.lang.Object, java.lang.Object, java.lang.Object, java.lang.Object, java.lang.Object, java.lang.Object, java.lang.Object, java.lang.Object, java.lang.Object, java.lang.Object, java.lang.Object)'> (0x00000000e9acbdb0) 
thrown [s\open\src\hotspot\share\interpreter\linkResolver.cpp, line 759]
Event: 3.644 Thread 0x00000178fdffdcb0 Exception <a 'java/lang/NoSuchMethodError'{0x00000000e99119f8}: 'java.lang.Object java.lang.invoke.DirectMethodHandle$Holder.invokeSpecial(java.lang.Object, java.lang.Object, java.lang.Object, java.lang.Object, java.lang.Object, java.lang.Object, java.lang.Object, java.lang.Object, java.lang.Object, java.lang.Object, java.lang.Object, java.lang.Object, java.lang.Object, java.lang.Object)'> (0x00000000e99119f8) 
thrown [s\open\src\hotspot\share\interpreter\linkResolver.cpp, line 759]
Event: 3.645 Thread 0x00000178fdffdcb0 Exception <a 'java/lang/NoSuchMethodError'{0x00000000e9923dc8}: 'java.lang.Object java.lang.invoke.DirectMethodHandle$Holder.newInvokeSpecial(java.lang.Object, java.lang.Object, java.lang.Object, java.lang.Object, java.lang.Object, java.lang.Object, java.lang.Object, java.lang.Object, java.lang.Object, java.lang.Object, java.lang.Object, java.lang.Object)'> (0x00000000e9923dc8) 
thrown [s\open\src\hotspot\share\interpreter\linkResolver.cpp, line 759]
Event: 3.645 Thread 0x00000178fdffdcb0 Exception <a 'java/lang/NoSuchMethodError'{0x00000000e99294b8}: 'java.lang.Object java.lang.invoke.Invokers$Holder.linkToTargetMethod(java.lang.Object, java.lang.Object, java.lang.Object, java.lang.Object, java.lang.Object, java.lang.Object, java.lang.Object, java.lang.Object, java.lang.Object, java.lang.Object, java.lang.Object, java.lang.Object)'> (0x00000000e99294b8) 
thrown [s\open\src\hotspot\share\interpreter\linkResolver.cpp, line 759]
Event: 3.656 Thread 0x00000178fdffdcb0 Exception <a 'java/lang/NoSuchMethodError'{0x00000000e99b7150}: 'java.lang.Object java.lang.invoke.DirectMethodHandle$Holder.invokeStaticInit(java.lang.Object, java.lang.Object, java.lang.Object, java.lang.Object)'> (0x00000000e99b7150) 
thrown [s\open\src\hotspot\share\interpreter\linkResolver.cpp, line 759]
Event: 3.750 Thread 0x00000178fdffdcb0 Exception <a 'java/lang/NoSuchMethodError'{0x00000000efa37530}: 'java.lang.Object java.lang.invoke.DirectMethodHandle$Holder.newInvokeSpecial(java.lang.Object, java.lang.Object, java.lang.Object, java.lang.Object, java.lang.Object, java.lang.Object, java.lang.Object, java.lang.Object)'> (0x00000000efa37530) 
thrown [s\open\src\hotspot\share\interpreter\linkResolver.cpp, line 759]
Event: 3.750 Thread 0x00000178fdffdcb0 Exception <a 'java/lang/NoSuchMethodError'{0x00000000efa3d310}: 'java.lang.Object java.lang.invoke.Invokers$Holder.linkToTargetMethod(java.lang.Object, java.lang.Object, java.lang.Object, java.lang.Object, java.lang.Object, java.lang.Object, java.lang.Object, java.lang.Object)'> (0x00000000efa3d310) 
thrown [s\open\src\hotspot\share\interpreter\linkResolver.cpp, line 759]
Event: 3.761 Thread 0x00000178fdffdcb0 Exception <a 'java/lang/IncompatibleClassChangeError'{0x00000000efaad220}: Found class java.lang.Object, but interface was expected> (0x00000000efaad220) 
thrown [s\open\src\hotspot\share\interpreter\linkResolver.cpp, line 826]
Event: 4.044 Thread 0x00000178fdffdcb0 Exception <a 'java/lang/NoSuchMethodError'{0x00000000eecd7bc8}: 'void java.lang.invoke.DirectMethodHandle$Holder.invokeStaticInit(java.lang.Object, java.lang.Object, java.lang.Object)'> (0x00000000eecd7bc8) 
thrown [s\open\src\hotspot\share\interpreter\linkResolver.cpp, line 759]
Event: 4.045 Thread 0x00000178fdffdcb0 Exception <a 'java/lang/NoSuchMethodError'{0x00000000eecdf068}: 'void java.lang.invoke.DirectMethodHandle$Holder.invokeStaticInit(java.lang.Object, java.lang.Object, java.lang.Object, java.lang.Object)'> (0x00000000eecdf068) 
thrown [s\open\src\hotspot\share\interpreter\linkResolver.cpp, line 759]
Event: 4.047 Thread 0x00000178fdffdcb0 Exception <a 'java/lang/NoSuchMethodError'{0x00000000eeb017e0}: 'void java.lang.invoke.DirectMethodHandle$Holder.invokeStaticInit(java.lang.Object, java.lang.Object, java.lang.Object, java.lang.Object, java.lang.Object)'> (0x00000000eeb017e0) 
thrown [s\open\src\hotspot\share\interpreter\linkResolver.cpp, line 759]
Event: 4.170 Thread 0x00000178fdffdcb0 Exception <a 'java/lang/NoSuchMethodError'{0x00000000ee777ee8}: 'java.lang.Object java.lang.invoke.DirectMethodHandle$Holder.invokeStatic(java.lang.Object, int, java.lang.Object)'> (0x00000000ee777ee8) 
thrown [s\open\src\hotspot\share\interpreter\linkResolver.cpp, line 759]

VM Operations (20 events):
Event: 3.685 Executing VM operation: G1Concurrent
Event: 3.687 Executing VM operation: G1Concurrent done
Event: 3.689 Executing VM operation: G1Concurrent
Event: 3.689 Executing VM operation: G1Concurrent done
Event: 3.843 Executing VM operation: HandshakeAllThreads
Event: 3.843 Executing VM operation: HandshakeAllThreads done
Event: 4.127 Executing VM operation: HandshakeAllThreads
Event: 4.127 Executing VM operation: HandshakeAllThreads done
Event: 4.131 Executing VM operation: HandshakeAllThreads
Event: 4.131 Executing VM operation: HandshakeAllThreads done
Event: 4.131 Executing VM operation: HandshakeAllThreads
Event: 4.131 Executing VM operation: HandshakeAllThreads done
Event: 4.131 Executing VM operation: HandshakeAllThreads
Event: 4.131 Executing VM operation: HandshakeAllThreads done
Event: 4.137 Executing VM operation: HandshakeAllThreads
Event: 4.137 Executing VM operation: HandshakeAllThreads done
Event: 4.140 Executing VM operation: HandshakeAllThreads
Event: 4.140 Executing VM operation: HandshakeAllThreads done
Event: 4.212 Executing VM operation: HandshakeAllThreads
Event: 4.212 Executing VM operation: HandshakeAllThreads done

Events (20 events):
Event: 4.209 loading class jdk/internal/jimage/ImageReader$Directory
Event: 4.210 loading class jdk/internal/jimage/ImageReader$Node
Event: 4.210 loading class jdk/internal/jimage/ImageReader$Node done
Event: 4.210 loading class jdk/internal/jimage/ImageReader$Directory done
Event: 4.210 loading class jdk/internal/jrtfs/SystemImage$1
Event: 4.210 loading class jdk/internal/jrtfs/SystemImage$1 done
Event: 4.210 loading class jdk/internal/jimage/ImageReader$SharedImageReader$LocationVisitor
Event: 4.211 loading class jdk/internal/jimage/ImageReader$SharedImageReader$LocationVisitor done
Event: 4.211 loading class java/nio/ByteBufferAsIntBufferL
Event: 4.211 loading class java/nio/ByteBufferAsIntBufferL done
Event: 4.212 loading class jdk/internal/jrtfs/JrtFileAttributes
Event: 4.212 loading class jdk/internal/jrtfs/JrtFileAttributes done
Event: 4.212 loading class jdk/internal/jrtfs/JrtDirectoryStream
Event: 4.213 loading class jdk/internal/jrtfs/JrtDirectoryStream done
Event: 4.213 loading class jdk/internal/jrtfs/JrtDirectoryStream$1
Event: 4.213 loading class jdk/internal/jrtfs/JrtDirectoryStream$1 done
Event: 4.213 loading class java/util/function/BooleanSupplier
Event: 4.214 loading class java/util/function/BooleanSupplier done
Event: 4.215 loading class jdk/internal/jimage/ImageReader$Resource
Event: 4.215 loading class jdk/internal/jimage/ImageReader$Resource done


Dynamic libraries:
0x00007ff7c8ff0000 - 0x00007ff7c9000000 	C:\Program Files\Java\jdk-17\bin\java.exe
0x00007ffa88370000 - 0x00007ffa88568000 	C:\Windows\SYSTEM32\ntdll.dll
0x00007ffa88190000 - 0x00007ffa8824d000 	C:\Windows\System32\KERNEL32.DLL
0x00007ffa85ec0000 - 0x00007ffa861b6000 	C:\Windows\System32\KERNELBASE.dll
0x00007ffa85bd0000 - 0x00007ffa85cd0000 	C:\Windows\System32\ucrtbase.dll
0x00007ffa699f0000 - 0x00007ffa69a09000 	C:\Program Files\Java\jdk-17\bin\jli.dll
0x00007ffa6a940000 - 0x00007ffa6a95b000 	C:\Program Files\Java\jdk-17\bin\VCRUNTIME140.dll
0x00007ffa87f00000 - 0x00007ffa87fb3000 	C:\Windows\System32\ADVAPI32.dll
0x00007ffa877f0000 - 0x00007ffa8788e000 	C:\Windows\System32\msvcrt.dll
0x00007ffa876e0000 - 0x00007ffa8777f000 	C:\Windows\System32\sechost.dll
0x00007ffa88060000 - 0x00007ffa88186000 	C:\Windows\System32\RPCRT4.dll
0x00007ffa86390000 - 0x00007ffa863b7000 	C:\Windows\System32\bcrypt.dll
0x00007ffa863c0000 - 0x00007ffa8655e000 	C:\Windows\System32\USER32.dll
0x00007ffa861c0000 - 0x00007ffa861e2000 	C:\Windows\System32\win32u.dll
0x00007ffa876b0000 - 0x00007ffa876dc000 	C:\Windows\System32\GDI32.dll
0x00007ffa85ab0000 - 0x00007ffa85bca000 	C:\Windows\System32\gdi32full.dll
0x00007ffa861f0000 - 0x00007ffa8628d000 	C:\Windows\System32\msvcp_win.dll
0x00007ffa72e50000 - 0x00007ffa730ea000 	C:\Windows\WinSxS\amd64_microsoft.windows.common-controls_6595b64144ccf1df_6.0.19041.3636_none_60b6a03d71f818d5\COMCTL32.dll
0x00007ffa74f80000 - 0x00007ffa74f8a000 	C:\Windows\SYSTEM32\VERSION.dll
0x00007ffa87890000 - 0x00007ffa878c0000 	C:\Windows\System32\IMM32.DLL
0x00007ffa6c240000 - 0x00007ffa6c24c000 	C:\Program Files\Java\jdk-17\bin\vcruntime140_1.dll
0x00007ffa62d50000 - 0x00007ffa62dde000 	C:\Program Files\Java\jdk-17\bin\msvcp140.dll
0x00007ffa279d0000 - 0x00007ffa285af000 	C:\Program Files\Java\jdk-17\bin\server\jvm.dll
0x00007ffa87dd0000 - 0x00007ffa87dd8000 	C:\Windows\System32\PSAPI.DLL
0x00007ffa81890000 - 0x00007ffa81899000 	C:\Windows\SYSTEM32\WSOCK32.dll
0x00007ffa87780000 - 0x00007ffa877eb000 	C:\Windows\System32\WS2_32.dll
0x00007ffa81740000 - 0x00007ffa81767000 	C:\Windows\SYSTEM32\WINMM.dll
0x00007ffa838f0000 - 0x00007ffa83902000 	C:\Windows\SYSTEM32\kernel.appcore.dll
0x00007ffa6b7f0000 - 0x00007ffa6b7fa000 	C:\Program Files\Java\jdk-17\bin\jimage.dll
0x00007ffa6dba0000 - 0x00007ffa6dd84000 	C:\Windows\SYSTEM32\DBGHELP.DLL
0x00007ffa6db60000 - 0x00007ffa6db94000 	C:\Windows\SYSTEM32\dbgcore.DLL
0x00007ffa85cd0000 - 0x00007ffa85d52000 	C:\Windows\System32\bcryptPrimitives.dll
0x00007ffa697d0000 - 0x00007ffa697f5000 	C:\Program Files\Java\jdk-17\bin\java.dll
0x00007ffa61560000 - 0x00007ffa61637000 	C:\Program Files\Java\jdk-17\bin\jsvml.dll
0x00007ffa86e20000 - 0x00007ffa87565000 	C:\Windows\System32\SHELL32.dll
0x00007ffa83af0000 - 0x00007ffa8428b000 	C:\Windows\SYSTEM32\windows.storage.dll
0x00007ffa87950000 - 0x00007ffa87ca4000 	C:\Windows\System32\combase.dll
0x00007ffa85470000 - 0x00007ffa8549d000 	C:\Windows\SYSTEM32\Wldp.dll
0x00007ffa87e50000 - 0x00007ffa87efd000 	C:\Windows\System32\SHCORE.dll
0x00007ffa865c0000 - 0x00007ffa86615000 	C:\Windows\System32\shlwapi.dll
0x00007ffa85970000 - 0x00007ffa85995000 	C:\Windows\SYSTEM32\profapi.dll
0x00007ffa697b0000 - 0x00007ffa697c9000 	C:\Program Files\Java\jdk-17\bin\net.dll
0x00007ffa7b540000 - 0x00007ffa7b64a000 	C:\Windows\SYSTEM32\WINHTTP.dll
0x00007ffa851d0000 - 0x00007ffa8523a000 	C:\Windows\system32\mswsock.dll
0x00007ffa69790000 - 0x00007ffa697a6000 	C:\Program Files\Java\jdk-17\bin\nio.dll
0x00007ffa682d0000 - 0x00007ffa682e8000 	C:\Program Files\Java\jdk-17\bin\zip.dll
0x00007ffa699e0000 - 0x00007ffa699f0000 	C:\Program Files\Java\jdk-17\bin\verify.dll
0x00007ffa64b50000 - 0x00007ffa64b77000 	C:\Users\Admin\.gradle\native\68d5fa5c4cc2d200863cafc0d521ce42e7d3e7ee720ec0a83991735586a16f82\windows-amd64\native-platform.dll
0x00007ffa604a0000 - 0x00007ffa605e4000 	C:\Users\Admin\.gradle\native\e376f236ea51e6404a007f0833ffe2c6e607c4080706a723a18a27aeea778392\windows-amd64\native-platform-file-events.dll
0x00007ffa816c0000 - 0x00007ffa816ca000 	C:\Program Files\Java\jdk-17\bin\management.dll
0x00007ffa808c0000 - 0x00007ffa808cb000 	C:\Program Files\Java\jdk-17\bin\management_ext.dll
0x00007ffa853c0000 - 0x00007ffa853d8000 	C:\Windows\SYSTEM32\CRYPTSP.dll
0x00007ffa84a90000 - 0x00007ffa84ac4000 	C:\Windows\system32\rsaenh.dll
0x00007ffa85930000 - 0x00007ffa8595e000 	C:\Windows\SYSTEM32\USERENV.dll
0x00007ffa853e0000 - 0x00007ffa853ec000 	C:\Windows\SYSTEM32\CRYPTBASE.dll
0x00007ffa84e70000 - 0x00007ffa84eab000 	C:\Windows\SYSTEM32\IPHLPAPI.DLL
0x00007ffa88320000 - 0x00007ffa88328000 	C:\Windows\System32\NSI.dll
0x00007ffa7d5a0000 - 0x00007ffa7d5b7000 	C:\Windows\SYSTEM32\dhcpcsvc6.DLL
0x00007ffa7df40000 - 0x00007ffa7df5d000 	C:\Windows\SYSTEM32\dhcpcsvc.DLL
0x00007ffa84ec0000 - 0x00007ffa84f8a000 	C:\Windows\SYSTEM32\DNSAPI.dll
0x00007ffa808b0000 - 0x00007ffa808be000 	C:\Program Files\Java\jdk-17\bin\sunmscapi.dll
0x00007ffa85d60000 - 0x00007ffa85ebd000 	C:\Windows\System32\CRYPT32.dll
0x00007ffa854e0000 - 0x00007ffa85508000 	C:\Windows\SYSTEM32\ncrypt.dll
0x00007ffa854a0000 - 0x00007ffa854db000 	C:\Windows\SYSTEM32\NTASN1.dll
0x00007ffa75160000 - 0x00007ffa75167000 	C:\Windows\system32\wshunix.dll

dbghelp: loaded successfully - version: 4.0.5 - missing functions: none
symbol engine: initialized successfully - sym options: 0x614 - pdb path: .;C:\Program Files\Java\jdk-17\bin;C:\Windows\SYSTEM32;C:\Windows\WinSxS\amd64_microsoft.windows.common-controls_6595b64144ccf1df_6.0.19041.3636_none_60b6a03d71f818d5;C:\Program Files\Java\jdk-17\bin\server;C:\Users\Admin\.gradle\native\68d5fa5c4cc2d200863cafc0d521ce42e7d3e7ee720ec0a83991735586a16f82\windows-amd64;C:\Users\Admin\.gradle\native\e376f236ea51e6404a007f0833ffe2c6e607c4080706a723a18a27aeea778392\windows-amd64

VM Arguments:
jvm_args: --add-opens=java.base/java.util=ALL-UNNAMED --add-opens=java.base/java.lang=ALL-UNNAMED --add-opens=java.base/java.lang.invoke=ALL-UNNAMED --add-opens=java.prefs/java.util.prefs=ALL-UNNAMED --add-opens=java.base/java.nio.charset=ALL-UNNAMED --add-opens=java.base/java.net=ALL-UNNAMED --add-opens=java.base/java.util.concurrent.atomic=ALL-UNNAMED -XX:MaxMetaspaceSize=256m -XX:+HeapDumpOnOutOfMemoryError -Xms256m -Xmx512m -Dfile.encoding=windows-1251 -Duser.country=RU -Duser.language=ru -Duser.variant 
java_command: org.gradle.launcher.daemon.bootstrap.GradleDaemon 7.6
java_class_path (initial): C:\Users\Admin\.gradle\wrapper\dists\gradle-7.6-bin\9l9tetv7ltxvx3i8an4pb86ye\gradle-7.6\lib\gradle-launcher-7.6.jar
Launcher Type: SUN_STANDARD

[Global flags]
     intx CICompilerCount                          = 3                                         {product} {ergonomic}
   size_t CompressedClassSpaceSize                 = 218103808                                 {product} {ergonomic}
     uint ConcGCThreads                            = 1                                         {product} {ergonomic}
     uint G1ConcRefinementThreads                  = 4                                         {product} {ergonomic}
   size_t G1HeapRegionSize                         = 1048576                                   {product} {ergonomic}
    uintx GCDrainStackTargetSize                   = 64                                        {product} {ergonomic}
     bool HeapDumpOnOutOfMemoryError               = true                                   {manageable} {command line}
   size_t InitialHeapSize                          = 268435456                                 {product} {command line}
   size_t MarkStackSize                            = 4194304                                   {product} {ergonomic}
   size_t MaxHeapSize                              = 536870912                                 {product} {command line}
   size_t MaxMetaspaceSize                         = 268435456                                 {product} {command line}
   size_t MaxNewSize                               = 321912832                                 {product} {ergonomic}
   size_t MinHeapDeltaBytes                        = 1048576                                   {product} {ergonomic}
   size_t MinHeapSize                              = 268435456                                 {product} {command line}
    uintx NonNMethodCodeHeapSize                   = 5832780                                {pd product} {ergonomic}
    uintx NonProfiledCodeHeapSize                  = 122912730                              {pd product} {ergonomic}
    uintx ProfiledCodeHeapSize                     = 122912730                              {pd product} {ergonomic}
    uintx ReservedCodeCacheSize                    = 251658240                              {pd product} {ergonomic}
     bool SegmentedCodeCache                       = true                                      {product} {ergonomic}
   size_t SoftMaxHeapSize                          = 536870912                              {manageable} {ergonomic}
     bool UseCompressedClassPointers               = true                           {product lp64_product} {ergonomic}
     bool UseCompressedOops                        = true                           {product lp64_product} {ergonomic}
     bool UseG1GC                                  = true                                      {product} {ergonomic}
     bool UseLargePagesIndividualAllocation        = false                                  {pd product} {ergonomic}

Logging:
Log output configuration:
 #0: stdout all=warning uptime,level,tags
 #1: stderr all=off uptime,level,tags

Environment Variables:
PATH=C:\Windows\system32;C:\Windows;C:\Windows\System32\Wbem;C:\Windows\System32\WindowsPowerShell\v1.0\;C:\Windows\System32\OpenSSH\;C:\Program Files\dotnet\;C:\Gradle\gradle-7.6.2\bin;C:\Program Files\Java\jdk-1.8\bin;C:\Program Files\Java\jdk-11\bin;C:\Program Files\Java\jdk-17\bin;JAVA_HOME = C:\Program Files\Java\jdk-17;%JAVA_HOME%\bin;C:\Users\Admin\AppData\Local\Microsoft\WindowsApps;C:\Program Files\JetBrains\IntelliJ IDEA 2023.2.5\bin;;C:\Users\Admin\AppData\Local\GitHubDesktop\bin
USERNAME=Admin
OS=Windows_NT
PROCESSOR_IDENTIFIER=Intel64 Family 6 Model 94 Stepping 3, GenuineIntel



---------------  S Y S T E M  ---------------

OS:
 Windows 10 , 64 bit Build 19041 (10.0.19041.3636)
OS uptime: 8 days 23:43 hours

CPU: total 4 (initial active 4) (4 cores per cpu, 1 threads per core) family 6 model 94 stepping 3 microcode 0xcc, cx8, cmov, fxsr, mmx, 3dnowpref, sse, sse2, sse3, ssse3, sse4.1, sse4.2, popcnt, lzcnt, tsc, tscinvbit, avx, avx2, aes, erms, clmul, bmi1, bmi2, rtm, adx, fma, vzeroupper, clflush, clflushopt

Memory: 4k page, system-wide physical 8050M (434M free)
TotalPageFile size 12020M (AvailPageFile size 1931M)
current process WorkingSet (physical memory assigned to process): 263M, peak: 263M
current process commit charge ("private bytes"): 433M, peak: 433M

vm_info: Java HotSpot(TM) 64-Bit Server VM (17.0.10+11-LTS-240) for windows-amd64 JRE (17.0.10+11-LTS-240), built on Dec 19 2023 21:47:25 by "mach5one" with MS VC++ 17.1 (VS2022)

END.
